   4082.57129       0.00000000             661   2997.86670    
   3998.37939       0.00000000             661   2997.86670    
   3914.19238       0.00000000             661   2997.86670    
   3830.04248       0.00000000             661   2997.86670    
   3745.91895       0.00000000             661   2997.86670    
   3661.83228       0.00000000             661   2997.86670    
   3577.74048       0.00000000             661   2997.86670    
   3493.68628       0.00000000             661   2997.86670    
   3409.62695       0.00000000             661   2997.86670    
   3325.63647       0.00000000             661   2997.86670    
   3241.67358       0.00000000             661   2997.86670    
   3157.68384       0.00000000             661   2997.86670    
   3073.72192       0.00000000             661   2997.86670    
   2989.82935       0.00000000             660   2988.78784    
   2905.93213       0.00000000             650   2897.99878    
   2822.00879       0.00000000             641   2816.28882    
   2738.17700       0.00000000             632   2734.57886    
   2654.35132       0.00000000             623   2652.86890    
   2570.58569       0.00000000             613   2562.08008    
   2486.79370       0.00000000             604   2480.37012    
   2403.02954       0.00000000             595   2398.66016    
   2319.29346      0.997904062             586   2316.95020    
   2235.57446       1.99196839             577   2235.24023    
   2151.88330       0.00000000             567   2144.45117    
   2068.24194      0.996993721             558   2062.74121    
   1984.58569       1.00000000             549   1981.03125    
   1900.95752       7.99627161             540   1899.32129    
   1817.36865       8.99773598             530   1808.53247    
   1733.77588       19.9949036             521   1726.82251    
   1650.24365       27.0000668             512   1645.11243    
   1566.71863       47.9987793             503   1563.40247    
   1483.18994       40.9995422             494   1481.69250    
   1399.70068       64.0004807             484   1390.90369    
   1316.21875       117.997475             475   1309.19360    
   1232.79797       80.9997330             466   1227.48364    
   1149.42773       115.000000             457   1145.77368    
   1066.01111       135.998520             448   1064.06372    
   982.623474       148.999161             439   982.353760    
   899.297424       166.000000             429   891.564880    
   815.979065       186.003525             420   809.854858    
   732.690125       218.006683             411   728.144897    
   649.408997       247.001587             402   646.434937    
   566.157349       276.004395             393   564.724915    
   482.935364       332.005280             383   473.936066    
   399.721344       378.001221             374   392.226074    
   316.547974       445.008728             365   310.516083    
   233.393570       447.013855             356   228.806107    
   150.258255       456.005737             347   147.096130    
   67.1420822       451.002136             338   65.3861465    
  -15.9657640       490.017395             329  -16.3238392    
  -99.0325623       515.013306             319  -107.112709    
  -182.101791       523.014893             310  -188.822693    
  -265.108002       481.018738             301  -270.532684    
  -348.116516       414.019867             292  -352.242645    
  -431.061737       422.017700             283  -433.952637    
  -514.052856       367.023926             274  -515.662598    
  -596.980530       293.021729             265  -597.372620    
  -679.910339       258.013428             255  -688.161499    
  -762.776367       270.017181             246  -769.871460    
  -845.633484       242.007950             237  -851.581421    
  -928.459595       184.008240             228  -933.291443    
  -1011.27649       168.015381             219  -1015.00140    
  -1094.07336       189.005432             210  -1096.71143    
  -1176.84973       137.009445             201  -1178.42139    
  -1259.60608       144.007172             192  -1260.13135    
  -1342.31995       114.000000             182  -1350.92017    
  -1425.00244       82.0000000             173  -1432.63025    
  -1507.67517       77.0117340             164  -1514.34021    
  -1590.34924       68.0000000             155  -1596.05017    
  -1672.99170       49.0120850             146  -1677.76013    
  -1755.59143       39.0000000             137  -1759.47009    
  -1838.19238       19.0000000             128  -1841.18018    
  -1920.72839       22.0000000             119  -1922.89014    
  -2003.26514       9.00000000             110  -2004.60010    
  -2085.81421       1.00000000             101  -2086.31006    
  -2168.30884       0.00000000              91  -2177.09888    
  -2250.76025       0.00000000              82  -2258.80884    
  -2333.21265       0.00000000              73  -2340.51880    
  -2415.63232       0.00000000              64  -2422.22900    
  -2498.01978       0.00000000              55  -2503.93896    
  -2580.43018       0.00000000              46  -2585.64893    
  -2662.79614       0.00000000              37  -2667.35889    
  -2745.10767       0.00000000              28  -2749.06885    
  -2827.41968       0.00000000              19  -2830.77881    
  -2909.68774       0.00000000              10  -2912.48877    
  -2991.94458       0.00000000               1  -2994.19873    
