  -5960.91992       0.00000000       0.00000000    
  -5883.45801       0.00000000       0.00000000    
  -5806.03662       0.00000000       0.00000000    
  -5728.65576       0.00000000       0.00000000    
  -5651.31104       0.00000000       0.00000000    
  -5574.01123       0.00000000       0.00000000    
  -5496.75146       0.00000000       0.00000000    
  -5419.53271       0.00000000       0.00000000    
  -5342.35352       0.00000000       0.00000000    
  -5265.21533       1.06923072E-18   1.06923072E-18
  -5188.11719       1.06982091E-18   1.06982091E-18
  -5111.05908       1.17810372E-17   3.55211621E-18
  -5034.04150       1.71550162E-17   4.28875405E-18
  -4957.05957       1.39538901E-17   3.87011256E-18
  -4880.12256       1.71882986E-17   4.29707466E-18
  -4803.20312       2.04337600E-17   4.68782568E-18
  -4726.34619       2.58397426E-17   5.27451552E-18
  -4649.52930       2.47906327E-17   5.16920426E-18
  -4572.75244       3.88351272E-17   6.47252120E-18
  -4496.01562       4.10497610E-17   6.65915052E-18
  -4419.31885       3.67594697E-17   6.30419615E-18
  -4342.66162       5.30212416E-17   7.57446392E-18
  -4266.04443       4.65938928E-17   7.10550214E-18
  -4189.46289       6.83227694E-17   8.60785983E-18
  -4112.92578       6.40565093E-17   8.33944634E-18
  -4036.42822       7.06498799E-17   8.76303974E-18
  -3959.97046       7.39728894E-17   8.97052890E-18
  -3883.55249       6.64512766E-17   8.50821517E-18
  -3807.17432       8.82882095E-17   9.80980124E-18
  -3730.83594       9.49615983E-17   1.01809522E-17
  -3654.53711       1.09243553E-16   1.09243551E-17
  -3578.27783       1.15896170E-16   1.12568313E-17
  -3502.05371       1.20439482E-16   1.14834531E-17
  -3425.87378       1.20541629E-16   1.14931932E-17
  -3349.73340       1.10804443E-16   1.10254540E-17
  -3273.63232       1.41642782E-16   1.24709521E-17
  -3197.57080       1.22016936E-16   1.15813359E-17
  -3121.54883       1.33122716E-16   1.21020643E-17
  -3045.56616       1.60809999E-16   1.33087297E-17
  -2969.62305       1.97437993E-16   1.47572082E-17
  -2893.71924       1.89824994E-16   1.44740212E-17
  -2817.85034       1.75677836E-16   1.39321584E-17
  -2742.02515       2.14593746E-16   1.54069337E-17
  -2666.23901       2.21420236E-16   1.56567754E-17
  -2590.49243       2.36082270E-16   1.61760909E-17
  -2514.78491       2.17426555E-16   1.55304699E-17
  -2439.11646       2.09901633E-16   1.52680981E-17
  -2363.48730       2.74630660E-16   1.74743278E-17
  -2287.89722       2.62626165E-16   1.70955055E-17
  -2212.34619       3.14176802E-16   1.87089560E-17
  -2136.83008       2.95491838E-16   1.81519194E-17
  -2061.35718       3.52766061E-16   1.98446419E-17
  -1985.92322       3.43015309E-16   1.95769183E-17
  -1910.52832       3.59071772E-16   2.00414315E-17
  -1835.17224       3.75165265E-16   2.04974694E-17
  -1759.85510       4.01270741E-16   2.12078157E-17
  -1684.57690       4.66821033E-16   2.28877865E-17
  -1609.33752       4.54872310E-16   2.26027863E-17
  -1534.13696       4.37282188E-16   2.21710890E-17
  -1458.97083       4.26535828E-16   2.19096735E-17
  -1383.84790       4.58580302E-16   2.27309795E-17
  -1308.76355       4.70257763E-16   2.30286206E-17
  -1233.71790       4.38063788E-16   2.22393199E-17
  -1158.71094       4.64437324E-16   2.29090036E-17
  -1083.74268       4.07162544E-16   2.14593498E-17
  -1008.81299       4.39471954E-16   2.23108081E-17
  -933.921875       4.90728485E-16   2.35829044E-17
  -859.069275       4.64071511E-16   2.29468604E-17
  -784.255188       4.20312333E-16   2.18509999E-17
  -709.475342       4.51248226E-16   2.26475037E-17
  -634.738220       4.34836169E-16   2.22481542E-17
  -560.039490       4.62424509E-16   2.29497406E-17
  -485.379211       4.53982555E-16   2.27560894E-17
  -410.757263       4.47401850E-16   2.25972095E-17
  -336.173676       4.61777746E-16   2.29743013E-17
  -261.628387       4.24433784E-16   2.20355059E-17
  -187.121368       4.12092752E-16   2.17191937E-17
  -112.652603       4.30917053E-16   2.22228524E-17
  -38.2177925       4.80766107E-16   2.34869613E-17
   36.1745567       4.26068637E-16   2.21203829E-17
   110.528748       4.16226061E-16   2.18763580E-17
   184.844803       4.23501730E-16   2.20765539E-17
   259.122742       4.67927523E-16   2.32228542E-17
   333.362640       4.02352932E-16   2.15374571E-17
   407.564484       4.35151133E-16   2.24114231E-17
   481.728302       4.50558900E-16   2.28149350E-17
   555.854126       4.33746779E-16   2.23985885E-17
   629.946289       4.22684740E-16   2.21243318E-17
   703.996216       4.10191454E-16   2.18014303E-17
   778.008301       4.05003166E-16   2.16793202E-17
   851.982483       3.63335100E-16   2.05369143E-17
   925.918823       4.35958435E-16   2.25127990E-17
   999.817322       4.51613509E-16   2.29272033E-17
   1073.67810       4.43865752E-16   2.27399279E-17
   1147.50110       4.11369306E-16   2.18949795E-17
   1221.28638       4.13155778E-16   2.19589834E-17
   1295.03821       4.49877992E-16   2.29279014E-17
   1368.74817       4.49115609E-16   2.29188372E-17
   1442.42041       4.68252625E-16   2.34126309E-17
   1516.05505       4.30011416E-16   2.24464145E-17
   1589.65210       4.35092794E-16   2.25888930E-17
   1663.21167       4.83761321E-16   2.38332092E-17
   1736.73376       3.98529266E-16   2.16451395E-17
   1810.21826       3.51718520E-16   2.03404060E-17
   1883.66528       3.83945133E-16   2.12647539E-17
   1957.07910       3.80643213E-16   2.11795543E-17
   2030.45129       3.22209957E-16   1.95010327E-17
   2103.78613       3.21225360E-16   1.94771454E-17
   2177.08374       2.86232126E-16   1.83996964E-17
   2250.34375       2.87502623E-16   1.84433037E-17
   2323.56665       2.72537774E-16   1.79706096E-17
   2396.75220       2.79904208E-16   1.82202097E-17
   2469.90063       2.90756421E-16   1.85757469E-17
   2543.01196       2.41281861E-16   1.69346668E-17
   2616.09009       2.40240620E-16   1.69032704E-17
   2689.12695       2.45223609E-16   1.70855380E-17
   2762.12646       2.14536611E-16   1.59906139E-17
   2835.08911       2.12348764E-16   1.59162140E-17
   2908.01465       1.71946537E-16   1.43288775E-17
   2980.90332       1.97265146E-16   1.53570713E-17
   3053.75464       1.65087251E-16   1.40531600E-17
   3126.56934       1.53313678E-16   1.35511433E-17
   3199.34692       1.54654822E-16   1.36165981E-17
   3272.09155       1.43998566E-16   1.31452110E-17
   3344.79541       1.50184487E-16   1.34329094E-17
   3417.46216       1.46670994E-16   1.32789669E-17
   3490.09229       1.58841018E-16   1.38253363E-17
   3562.68555       1.15664374E-16   1.18049460E-17
   3635.24194       1.01300799E-16   1.10528229E-17
   3707.76147       1.14709132E-16   1.17689090E-17
   3780.24463       1.00282044E-16   1.10073842E-17
   3852.69067       8.82824324E-17   1.03326762E-17
   3925.10034       9.92594699E-17   1.09613756E-17
   3997.47729       7.39548503E-17   9.46894906E-18
   4069.81372       8.73456074E-17   1.02937788E-17
   4142.11328       6.43363478E-17   8.83727672E-18
   4214.37646       6.93004373E-17   9.17906775E-18
   4286.60303       5.96114524E-17   8.51592284E-18
   4358.79346       5.96863884E-17   8.52662821E-18
   4430.94678       6.33804976E-17   8.78929363E-18
   4503.06396       5.73764369E-17   8.36921409E-18
   4575.14502       3.41924768E-17   6.46177034E-18
   4647.19336       4.03491258E-17   7.02388175E-18
   4719.20117       3.79396248E-17   6.81415838E-18
   4791.17285       2.45003866E-17   5.47845318E-18
   4863.10840       2.82021870E-17   5.88056263E-18
   4935.00732       1.71883003E-17   4.59376614E-18
   5006.87012       2.08781214E-17   5.06368745E-18
   5078.69678       1.23007332E-17   3.88983379E-18
   5150.48730       1.10812109E-17   3.69373698E-18
   5222.24121       1.60163690E-17   4.44214104E-18
   5293.96338       7.40158152E-18   3.02168292E-18
   5365.64551       7.40629562E-18   3.02360756E-18
   5437.29102       0.00000000       0.00000000    
   5508.90088       0.00000000       0.00000000    
   5580.47461       0.00000000       0.00000000    
   5652.01221       0.00000000       0.00000000    
   5723.51416       0.00000000       0.00000000    
   5794.97949       0.00000000       0.00000000    
   5866.40967       0.00000000       0.00000000    
   5937.80762       0.00000000       0.00000000    
   6009.16553       0.00000000       0.00000000    
   6080.48779       0.00000000       0.00000000    
   6151.77393       0.00000000       0.00000000    
   6223.02441       0.00000000       0.00000000    
   6294.23926       0.00000000       0.00000000    
   6365.41846       0.00000000       0.00000000    
   6436.56201       0.00000000       0.00000000    
   6507.66943       0.00000000       0.00000000    
   6578.74561       0.00000000       0.00000000    
   6649.78174       0.00000000       0.00000000    
   6720.78271       0.00000000       0.00000000    
   6791.74756       0.00000000       0.00000000    
   6862.67725       0.00000000       0.00000000    
   6933.57129       0.00000000       0.00000000    
   7004.43018       0.00000000       0.00000000    
   7075.25293       0.00000000       0.00000000    
   7146.04053       0.00000000       0.00000000    
   7216.79688       0.00000000       0.00000000    
   7287.51367       0.00000000       0.00000000    
   7358.19531       0.00000000       0.00000000    
   7428.84131       0.00000000       0.00000000    
   7499.45215       0.00000000       0.00000000    
   7570.02783       0.00000000       0.00000000    
   7640.56787       0.00000000       0.00000000    
   7711.07275       0.00000000       0.00000000    
   7781.54297       0.00000000       0.00000000    
   7851.98145       0.00000000       0.00000000    
   7922.38086       0.00000000       0.00000000    
   7992.74512       0.00000000       0.00000000    
   8063.07422       0.00000000       0.00000000    
   8133.36865       0.00000000       0.00000000    
   8203.62793       0.00000000       0.00000000    
   8273.85156       0.00000000       0.00000000    
   8344.04102       0.00000000       0.00000000    
   8414.19531       0.00000000       0.00000000    
   8484.31445       0.00000000       0.00000000    
   8554.40234       0.00000000       0.00000000    
   8624.45215       0.00000000       0.00000000    
   8694.46582       0.00000000       0.00000000    
   8764.44531       0.00000000       0.00000000    
   8834.39062       0.00000000       0.00000000    
   8904.30078       0.00000000       0.00000000    
   8974.17578       0.00000000       0.00000000    
   9044.01660       0.00000000       0.00000000    
   9113.82227       0.00000000       0.00000000    
   9183.59766       0.00000000       0.00000000    
   9253.33398       0.00000000       0.00000000    
   9323.03516       0.00000000       0.00000000    
   9392.70312       0.00000000       0.00000000    
   9462.33496       0.00000000       0.00000000    
   9531.93359       0.00000000       0.00000000    
   9601.49707       0.00000000       0.00000000    
   9671.02637       0.00000000       0.00000000    
   9740.52051       0.00000000       0.00000000    
   9809.98438       0.00000000       0.00000000    
   9879.41016       0.00000000       0.00000000    
   9948.80176       0.00000000       0.00000000    
   10018.1582       0.00000000       0.00000000    
   10087.4805       0.00000000       0.00000000    
   10156.7695       0.00000000       0.00000000    
   10226.0234       0.00000000       0.00000000    
   10295.2422       0.00000000       0.00000000    
   10364.4277       0.00000000       0.00000000    
   10433.5830       0.00000000       0.00000000    
   10502.7002       0.00000000       0.00000000    
   10571.7832       0.00000000       0.00000000    
   10640.8311       0.00000000       0.00000000    
   10709.8457       0.00000000       0.00000000    
