   679.634827       10477.0293       0.00000000    
   679.584656       10454.9111       0.00000000    
   679.534546       10432.8105       0.00000000    
   679.484375       10410.6943       0.00000000    
   679.434326       10388.6172       0.00000000    
   679.384094       10366.4658       0.00000000    
   679.333984       10344.3604       0.00000000    
   679.283875       10322.2637       0.00000000    
   679.233826       10300.1826       0.00000000    
   679.183594       10278.0166       0.00000000    
   679.133545       10255.9395       0.00000000    
   679.083496       10233.8584       0.00000000    
   679.033386       10211.7451       0.00000000    
   678.983337       10189.6562       0.00000000    
   678.933228       10167.5352       0.00000000    
   678.883179       10145.4502       0.00000000    
   678.833130       10123.3525       0.00000000    
   678.783142       10101.2920       0.00000000    
   678.733093       10079.1982       0.00000000    
   678.683044       10057.1006       0.00000000    
   678.632996       10035.0000       0.00000000    
   678.583008       10012.9258       0.00000000    
   678.532959       9990.81836       0.00000000    
   678.483032       9968.76855       0.00000000    
   678.432983       9946.66406       0.00000000    
   678.383057       9924.60645       0.00000000    
   678.333069       9902.52637       0.00000000    
   678.283081       9880.44238       0.00000000    
   678.233093       9858.35547       0.00000000    
   678.183167       9836.29492       0.00000000    
   678.133240       9814.23242       0.00000000    
   678.083252       9792.14551       0.00000000    
   678.033325       9770.07422       0.00000000    
   677.983459       9748.03223       0.00000000    
   677.933533       9725.96582       0.00000000    
   677.883606       9703.89551       0.00000000    
   677.833679       9681.82227       0.00000000    
   677.783813       9659.77539       0.00000000    
   677.733948       9637.72656       0.00000000    
   677.683960       9615.62305       0.00000000    
   677.634155       9593.59766       0.00000000    
   677.584229       9571.50684       0.00000000    
   677.534424       9549.48438       0.00000000    
   677.484558       9527.41895       0.00000000    
   677.434692       9505.35938       0.00000000    
   677.384888       9483.32715       0.00000000    
   677.335083       9461.29199       0.00000000    
   677.285217       9439.22266       0.00000000    
   677.235413       9417.19043       0.00000000    
   677.185608       9395.14551       0.00000000    
   677.135803       9373.10645       0.00000000    
   677.086060       9351.08496       0.00000000    
   677.036255       9329.04004       0.00000000    
   676.986450       9306.99121       0.00000000    
   676.936646       9284.93945       0.00000000    
   676.886963       9262.94531       0.00000000    
   676.837158       9240.88574       0.00000000    
   676.787476       9218.88574       0.00000000    
   676.737671       9196.83105       0.00000000    
   676.687988       9174.82324       0.00000000    
   676.638184       9152.76172       0.00000000    
   676.588501       9130.75781       0.00000000    
   676.538757       9108.71973       0.00000000    
   676.489075       9086.70996       0.00000000    
   676.439331       9064.66504       0.00000000    
   676.389709       9042.67871       0.00000000    
   676.340027       9020.66895       0.00000000    
   676.290344       8998.64453       0.00000000    
   676.240662       8976.62793       0.00000000    
   676.191040       8954.62793       0.00000000    
   676.141357       8932.60449       0.00000000    
   676.091736       8910.60840       0.00000000    
   676.042053       8888.57910       0.00000000    
   675.992432       8866.58594       0.00000000    
   675.942810       8844.57910       0.00000000    
   675.893127       8822.54980       0.00000000    
   675.843567       8800.56738       0.00000000    
   675.794006       8778.58203       0.00000000    
   675.744385       8756.57422       0.00000000    
   675.694824       8734.59180       0.00000000    
   675.645203       8712.57617       0.00000000    
   675.595642       8690.58789       0.00000000    
   675.546082       8668.59570       0.00000000    
   675.496460       8646.58105       0.00000000    
   675.446960       8624.61328       0.00000000    
   675.397461       8602.64258       0.00000000    
   675.347900       8580.64746       0.00000000    
   675.298340       8558.64941       0.00000000    
   675.248840       8536.67871       0.00000000    
   675.199280       8514.67480       0.00000000    
   675.149780       8492.69727       0.00000000    
   675.100342       8470.74805       0.00000000    
   675.050781       8448.74316       0.00000000    
   675.001343       8426.78711       0.00000000    
   674.951782       8404.77539       0.00000000    
   674.902344       8382.82324       0.00000000    
   674.852966       8360.88770       0.00000000    
   674.803467       8338.89844       0.00000000    
   674.753967       8316.90430       0.00000000    
   674.704529       8294.93945       0.00000000    
   674.655151       8273.00098       0.00000000    
   674.605713       8251.03906       0.00000000    
   674.556274       8229.06250       0.00000000    
   674.506836       8207.09473       0.00000000    
   674.457397       8185.12207       0.00000000    
   674.408020       8163.17773       0.00000000    
   674.358643       8141.22998       0.00000000    
   674.309265       8119.27881       0.00000000    
   674.259827       8097.29395       0.00000000    
   674.210571       8075.39746       0.00000000    
   674.161133       8053.40625       0.00000000    
   674.111816       8031.48291       0.00000000    
   674.062439       8009.51514       0.00000000    
   674.013123       7987.58545       0.00000000    
   673.963806       7965.65332       0.00000000    
   673.914429       7943.68506       0.00000000    
   673.865112       7921.74609       0.00000000    
   673.815796       7899.80322       0.00000000    
   673.766479       7877.86719       0.00000000    
   673.717224       7855.94824       0.00000000    
   673.667908       7833.99609       0.00000000    
   673.618591       7812.05078       0.00000000    
   673.569336       7790.13184       0.00000000    
   673.520081       7768.21143       0.00000000    
   673.470825       7746.27588       0.00000000    
   673.421570       7724.35840       0.00000000    
   673.372314       7702.42725       0.00000000    
   673.323059       7680.49316       0.00000000    
   673.273804       7658.56592       0.00000000    
   673.224609       7636.65576       0.00000000    
   673.175415       7614.74219       0.00000000    
   673.126160       7592.80518       0.00000000    
   673.076965       7570.89551       0.00000000    
   673.027832       7549.01416       0.00000000    
   672.978577       7527.06641       0.00000000    
   672.929382       7505.15771       0.00000000    
   672.880249       7483.26611       0.00000000    
   672.831055       7461.33984       0.00000000    
   672.781860       7439.42090       0.00000000    
   672.732788       7417.55029       0.00000000    
   672.683594       7395.62500       0.00000000    
   672.634460       7373.72754       0.00000000    
   672.585327       7351.82617       0.00000000    
   672.536255       7329.94287       0.00000000    
   672.487061       7308.01465       0.00000000    
   672.437988       7286.13477       0.00000000    
   672.388855       7264.23096       0.00000000    
   672.339783       7242.34473       0.00000000    
   672.290649       7220.43457       0.00000000    
   672.241577       7198.55225       0.00000000    
   672.192566       7176.68750       0.00000000    
   672.143433       7154.76660       0.00000000    
   672.094421       7132.90576       0.00000000    
   672.045349       7111.01025       0.00000000    
   671.996338       7089.15332       0.00000000    
   671.947266       7067.25049       0.00000000    
   671.898193       7045.35596       0.00000000    
   671.849182       7023.47852       0.00000000    
   671.800171       7001.60791       0.00000000    
   671.751160       6979.73438       0.00000000    
   671.702087       6957.82666       0.00000000    
   671.653198       6936.00781       0.00000000    
   671.604126       6914.09424       0.00000000    
   671.555237       6892.26904       0.00000000    
   671.506226       6870.38965       0.00000000    
   671.457275       6848.52783       0.00000000    
   671.408264       6826.64160       0.00000000    
   671.359314       6804.78369       0.00000000    
   671.310425       6782.94238       0.00000000    
   671.261414       6761.04639       0.00000000    
   671.212524       6739.20947       0.00000000    
   671.163574       6717.33838       0.00000000    
   671.114685       6695.49512       0.00000000    
   671.065735       6673.62793       0.00000000    
   671.016846       6651.77832       0.00000000    
   670.968018       6629.96680       0.00000000    
   670.919067       6608.08984       0.00000000    
   670.870178       6586.22949       0.00000000    
   670.821289       6564.37793       0.00000000    
   670.772461       6542.55322       0.00000000    
   670.723511       6520.67285       0.00000000    
   670.674744       6498.87354       0.00000000    
   670.625854       6477.00781       0.00000000    
   670.577026       6455.18115       0.00000000    
   670.528198       6433.34082       0.00000000    
   670.479309       6411.47559       0.00000000    
   670.430542       6389.67041       0.00000000    
   670.381775       6367.85156       0.00000000    
   670.332947       6346.00781       0.00000000    
   670.284119       6324.17188       0.00000000    
   670.235352       6302.35303       0.00000000    
   670.186523       6280.50049       0.00000000    
   670.137817       6258.70654       0.00000000    
   670.089050       6236.88867       0.00000000    
   670.040222       6215.03613       0.00000000    
   669.991516       6193.23291       0.00000000    
   669.942810       6171.43701       0.00000000    
   669.893982       6149.57520       0.00000000    
   669.845337       6127.80322       0.00000000    
   669.796570       6105.96631       0.00000000    
   669.747864       6084.15674       0.00000000    
   669.699097       6062.32373       0.00000000    
   669.650452       6040.54004       0.00000000    
   669.601685       6018.69971       0.00000000    
   669.553040       5996.91943       0.00000000    
   669.504333       5975.10498       0.00000000    
   669.455627       5953.28662       0.00000000    
   669.406982       5931.49658       0.00000000    
   669.358337       5909.70361       0.00000000    
   669.309692       5887.90723       0.00000000    
   669.260986       5866.08643       0.00000000    
   669.212341       5844.28369       0.00000000    
   669.163757       5822.50928       0.00000000    
   669.115173       5800.74170       0.00000000    
   669.066467       5778.90820       0.00000000    
   669.017883       5757.13379       0.00000000    
   668.969299       5735.35693       0.00000000    
   668.920654       5713.54492       0.00000000    
   668.872070       5691.76123       0.00000000    
   668.823547       5670.00586       0.00000000    
   668.774902       5648.19531       0.00000000    
   668.726379       5626.43359       0.00000000    
   668.677795       5604.64697       0.00000000    
   668.629211       5582.85742       0.00000000    
   668.580688       5561.08594       0.00000000    
   668.532166       5539.32227       0.00000000    
   668.483643       5517.55469       0.00000000    
   668.435059       5495.76318       0.00000000    
   668.386536       5473.98877       0.00000000    
   668.338074       5452.24316       0.00000000    
   668.289551       5430.47363       0.00000000    
   668.241028       5408.68994       0.00000000    
   668.192566       5386.94531       0.00000000    
   668.144043       5365.16553       0.00000000    
   668.095520       5343.38281       0.00000000    
   668.047119       5321.65967       0.00000000    
   667.998596       5299.87061       4.11999971E-02
   667.950195       5278.14160       1.37333330E-02
   667.901794       5256.40869       2.74666660E-02
   667.853333       5234.64160       1.37333330E-02
   667.804810       5212.85010       4.11999971E-02
   667.756409       5191.11816       1.37333330E-02
   667.708008       5169.37305       2.74666660E-02
   667.659607       5147.63525       5.49333319E-02
   667.611206       5125.89355       5.49333319E-02
   667.562805       5104.14893       6.86666667E-02
   667.514404       5082.40137       4.11999971E-02
   667.466003       5060.66064       2.74666660E-02
   667.417603       5038.90674       4.11999971E-02
   667.369263       5017.18115       2.74666660E-02
   667.320862       4995.43115       2.74666660E-02
   667.272522       4973.70947       8.23999941E-02
   667.224182       4951.97363       5.49333319E-02
   667.175903       4930.27686      0.123599999    
   667.127502       4908.51416       5.49333319E-02
   667.079224       4886.81152       8.23999941E-02
   667.030823       4865.05273       4.11999971E-02
   666.982544       4843.34375       4.11999971E-02
   666.934265       4821.63135       8.23999941E-02
   666.885986       4799.91504      0.109866664    
   666.837646       4778.17529       9.61333290E-02
   666.789368       4756.46387       6.86666667E-02
   666.741089       4734.74902       6.86666667E-02
   666.692810       4713.03125      0.151066661    
   666.644531       4691.31006       5.49333319E-02
   666.596313       4669.61768      0.109866664    
   666.547974       4647.85840       9.61333290E-02
   666.499695       4626.13867      0.192266658    
   666.451477       4604.43604      0.109866664    
   666.403259       4582.74121      0.123599999    
   666.354980       4561.01172      0.123599999    
   666.306824       4539.33105      0.178533331    
   666.258545       4517.59570       9.61333290E-02
   666.210388       4495.91943      0.151066661    
   666.162231       4474.24023      0.137333333    
   666.114014       4452.52637      0.109866664    
   666.065857       4430.84082      0.315866649    
   666.017700       4409.15186      0.151066661    
   665.969482       4387.43945      0.206000000    
   665.921326       4365.75488      0.178533331    
   665.873169       4344.05615      0.302133322    
   665.825012       4322.36572      0.151066661    
   665.776855       4300.67139      0.206000000    
   665.728760       4279.00586      0.206000000    
   665.680603       4257.30566      0.260933340    
   665.632446       4235.61279      0.260933340    
   665.584351       4213.93750      0.233466655    
   665.536255       4192.25928       9.61333290E-02
   665.488098       4170.55664      0.288399994    
   665.440063       4148.90430      0.178533331    
   665.391907       4127.19531      0.219733328    
   665.343933       4105.57812      0.192266658    
   665.295837       4083.89478      0.233466655    
   665.247742       4062.20825      0.260933340    
   665.199707       4040.55005      0.219733328    
   665.151672       4018.88892      0.302133322    
   665.103577       3997.20337      0.288399994    
   665.055542       3975.53589      0.370799989    
   665.007507       3953.87549      0.247199997    
   664.959473       3932.20190      0.233466655    
   664.911499       3910.56689      0.260933340    
   664.863464       3888.89722      0.412000000    
   664.815491       3867.24585      0.370799989    
   664.767456       3845.58008      0.302133322    
   664.719421       3823.90088      0.260933340    
   664.671509       3802.28223      0.425733328    
   664.623474       3780.60718      0.288399994    
   664.575623       3759.00366      0.192266658    
   664.527588       3737.32227      0.384533316    
   664.479675       3715.70166      0.370799989    
   664.431641       3694.01392      0.302133322    
   664.383728       3672.38696      0.343333334    
   664.335815       3650.74609      0.343333334    
   664.287903       3629.11255      0.425733328    
   664.239929       3607.45483      0.439466655    
   664.192017       3585.81494      0.288399994    
   664.144104       3564.18286      0.370799989    
   664.096252       3542.56885      0.466933310    
   664.048340       3520.91968      0.384533316    
   664.000427       3499.27808      0.288399994    
   663.952515       3477.63306      0.453199983    
   663.904663       3456.01660      0.631733298    
   663.856873       3434.41895      0.549333334    
   663.808960       3412.77539      0.466933310    
   663.761108       3391.14941      0.549333334    
   663.713257       3369.52075      0.563066661    
   663.665405       3347.89966      0.384533316    
   663.617615       3326.29663      0.494399995    
   663.569763       3304.66919      0.659199953    
   663.521912       3283.02759      0.412000000    
   663.474182       3261.45776      0.453199983    
   663.426331       3239.82080      0.521866679    
   663.378540       3218.21240      0.466933310    
   663.330688       3196.56909      0.535600007    
   663.282959       3174.98633      0.590533316    
   663.235168       3153.36890      0.521866679    
   663.187378       3131.75854      0.480666667    
   663.139648       3110.16675      0.480666667    
   663.091919       3088.58203      0.563066661    
   663.044128       3066.96265      0.521866679    
   662.996460       3045.39331      0.590533316    
   662.948669       3023.76758      0.563066661    
   662.900940       3002.17041      0.508133292    
   662.853271       2980.60229      0.617999971    
   662.805481       2958.96680      0.521866679    
   662.757812       2937.39258      0.686666667    
   662.710083       2915.79370      0.824000001    
   662.662415       2894.21313      0.563066661    
   662.614746       2872.63965      0.521866679    
   662.567078       2851.05273      0.672933340    
   662.519348       2829.44116      0.604266644    
   662.471680       2807.85864      0.686666667    
   662.424072       2786.30493      0.672933340    
   662.376404       2764.71631      0.837733328    
   662.328735       2743.12402      0.769066632    
   662.281128       2721.56104      0.686666667    
   662.233459       2699.97314      0.714133322    
   662.185852       2678.40430      0.851466656    
   662.138245       2656.84229      0.851466656    
   662.090637       2635.26685      0.824000001    
   662.043030       2613.69873      0.837733328    
   661.995361       2592.09570      0.865199983    
   661.947876       2570.58569      0.851466656    
   661.900208       2548.97607      0.700399995    
   661.852661       2527.42749      0.892666638    
   661.805054       2505.85449      0.851466656    
   661.757507       2484.29980      0.851466656    
   661.710022       2462.77417      0.810266674    
   661.662415       2441.19165       1.04373336    
   661.614868       2419.62793      0.837733328    
   661.567322       2398.07129       1.16733325    
   661.519775       2376.51147       1.11239994    
   661.472290       2354.98120      0.865199983    
   661.424744       2333.41528       1.08493328    
   661.377258       2311.87842      0.810266674    
   661.329712       2290.31714       1.00253332    
   661.282288       2268.79541      0.851466656    
   661.234802       2247.26001      0.865199983    
   661.187317       2225.71069      0.961333334    
   661.139771       2204.13672       1.09866667    
   661.092407       2182.64551      0.933866620    
   661.044861       2161.07617       1.02999997    
   660.997498       2139.57886       1.08493328    
   660.949951       2118.00342      0.878933311    
   660.902588       2096.49976       1.00253332    
   660.855103       2074.94995       1.02999997    
   660.807678       2053.41846      0.988799989    
   660.760254       2031.89502       1.30466664    
   660.712891       2010.38965       1.11239994    
   660.665405       1988.82739       1.19480002    
   660.618042       1967.31604       1.07120001    
   660.570618       1945.77991       1.15359998    
   660.523254       1924.27295       1.38706660    
   660.475891       1902.76270       1.51066661    
   660.428528       1881.24963       1.11239994    
   660.381165       1859.73315       1.42826664    
   660.333740       1838.19226       1.19480002    
   660.286499       1816.72351       1.31839991    
   660.239075       1795.17639       1.31839991    
   660.191711       1773.65845       1.07120001    
   660.144409       1752.16968       1.24973333    
   660.097046       1730.64539       1.23599994    
   660.049805       1709.17188       1.20853329    
   660.002441       1687.64160       1.46946669    
   659.955139       1666.14026       1.44199991    
   659.907837       1644.63599       1.81279993    
   659.860596       1623.16089       1.52440000    
   659.813293       1601.66113       1.85399997    
   659.765991       1580.14734       1.34586668    
   659.718750       1558.67383       1.53813326    
   659.671448       1537.15393       1.48319995    
   659.624207       1515.67419       1.52440000    
   659.576965       1494.19116       1.51066661    
   659.529724       1472.70532       1.41453326    
   659.482483       1451.21606       1.44199991    
   659.435242       1429.72388       1.44199991    
   659.388000       1408.22852       1.77160001    
   659.340820       1386.76257       1.57933331    
   659.293518       1365.23938       1.57933331    
   659.246399       1343.79956       1.57933331    
   659.199158       1322.30261       1.51066661    
   659.152039       1300.85669       1.62053335    
   659.104858       1279.38599       1.44199991    
   659.057617       1257.87976       1.70293331    
   659.010498       1236.43530       1.46946669    
   658.963318       1214.95532       1.30466664    
   658.916199       1193.50476       1.45573330    
   658.869019       1172.01855       1.44199991    
   658.821838       1150.54016       1.57933331    
   658.774719       1129.08020       1.42826664    
   658.727600       1107.62805       1.26346660    
   658.680481       1086.16199       1.42826664    
   658.633362       1064.70349       1.57933331    
   658.586243       1043.24219       1.63426661    
   658.539185       1021.79926       1.59306657    
   658.492065       1000.34247       1.37333333    
   658.444946       978.871765       1.63426661    
   658.397949       957.462891       1.52440000    
   658.350830       935.986084       1.44199991    
   658.303772       914.538574       1.56559992    
   658.256653       893.066406       1.33213329    
   658.209656       871.645264       1.52440000    
   658.162598       850.199341       1.60679996    
   658.115479       828.717896       1.33213329    
   658.068481       807.298340      0.961333334    
   658.021484       785.875671       1.35959995    
   657.974487       764.450073       1.24973333    
   657.927429       742.988770       1.34586668    
   657.880432       721.556885       1.52440000    
   657.833435       700.132874       1.40079999    
   657.786438       678.694824       1.34586668    
   657.739441       657.264648       1.42826664    
   657.692444       635.820557       1.48319995    
   657.645508       614.416687       1.67546666    
   657.598511       592.977234       1.37333333    
   657.551514       571.534790       1.31839991    
   657.504639       550.143433       1.59306657    
   657.457581       528.673096       1.59306657    
   657.410706       507.286469       1.35959995    
   657.363770       485.864227       1.45573330    
   657.316833       464.438904       1.55186665    
   657.269958       443.053986       1.57933331    
   657.223022       421.622589       1.45573330    
   657.176086       400.198883       1.44199991    
   657.129150       378.772247       1.55186665    
   657.082275       357.375031       1.41453326    
   657.035400       335.974762       1.60679996    
   656.988525       314.571472       1.55186665    
   656.941650       293.165131       1.34586668    
   656.894836       271.777435       1.24973333    
   656.847900       250.343201       1.63426661    
   656.801086       228.960266       1.57933331    
   656.754211       207.552551       1.59306657    
   656.707397       186.163513       1.53813326    
   656.660583       164.782272       1.38706660    
   656.613708       143.365372       1.44199991    
   656.566956       121.999794       1.49693334    
   656.520081       100.587662       1.44199991    
   656.473328       79.2159882       1.40079999    
   656.426514       57.8303719       1.37333333    
   656.379700       36.4308395       1.46946669    
   656.332886       15.0282497       1.56559992    
   656.286133      -6.33386230       1.45573330    
   656.239319      -27.7425556       1.42826664    
   656.192566      -49.1107597       1.44199991    
   656.145813      -70.4928970       2.00506663    
   656.099060      -91.8671951       1.59306657    
   656.052307      -113.244530       1.51066661    
   656.005615      -134.592239       1.38706660    
   655.958862      -155.975662       1.55186665    
   655.912109      -177.362137       1.41453326    
   655.865417      -198.718979       1.26346660    
   655.818726      -220.078842       1.56559992    
   655.771973      -241.463547       1.49693334    
   655.725342      -262.796814       1.42826664    
   655.678589      -284.187592       1.27719998    
   655.631958      -305.526917       1.52440000    
   655.585205      -326.912903       1.52440000    
   655.538574      -348.258270       1.64800000    
   655.491882      -369.628540       1.40079999    
   655.445190      -390.990906       1.71666658    
   655.398560      -412.334503       1.62053335    
   655.351929      -433.681091       1.62053335    
   655.305298      -455.030762       1.30466664    
   655.258667      -476.383453       1.63426661    
   655.212036      -497.728271       1.48319995    
   655.165405      -519.076172       1.51066661    
   655.118774      -540.437927       1.68919992    
   655.072144      -561.791809       1.44199991    
   655.025574      -583.116028       1.71663225    
   654.979004      -604.443176       1.66173327    
   654.932373      -625.806213       1.52440000    
   654.885742      -647.161316       1.48319995    
   654.839233      -668.475708       1.49693334    
   654.792603      -689.836914       1.48319995    
   654.746094      -711.146423       1.42826664    
   654.699585      -732.458984       1.49693334    
   654.653015      -753.796448       1.67546666    
   654.606506      -775.104126       1.62053335    
   654.559937      -796.447693       1.41453326    
   654.513367      -817.794189       1.26346660    
   654.466858      -839.110962       1.55186665    
   654.420349      -860.430664       1.51066661    
   654.373840      -881.753479       1.66173327    
   654.327332      -903.079224       1.95013332    
   654.280823      -924.397095       1.29093325    
   654.234375      -945.696106       1.62053335    
   654.187927      -966.998230       1.85399997    
   654.141418      -988.325134       1.67546666    
   654.094971      -1009.63318       1.37333333    
   654.048462      -1030.96606       1.59306657    
   654.002014      -1052.26917       1.52440000    
   653.955566      -1073.57532       1.51066661    
   653.909058      -1094.90649       1.24973333    
   653.862732      -1116.16382       1.40079999    
   653.816284      -1137.47913       1.64800000    
   653.769836      -1158.78625       1.48319995    
   653.723450      -1180.07458       1.46946669    
   653.677002      -1201.38782       1.42826664    
   653.630554      -1222.70398       1.74413323    
   653.584229      -1243.96863       1.42826664    
   653.537842      -1265.25793       1.71666658    
   653.491455      -1286.55029       1.38706660    
   653.445068      -1307.84570       1.67546666    
   653.398682      -1329.14417       1.71666658    
   653.352356      -1350.41260       1.46946669    
   653.305969      -1371.71704       1.59306657    
   653.259644      -1392.99146       1.73039997    
   653.213318      -1414.26904       1.48319995    
   653.166931      -1435.57153       1.71666658    
   653.120605      -1456.84387       1.29093325    
   653.074341      -1478.09766       1.52440000    
   653.027954      -1499.40906       1.52440000    
   652.981689      -1520.65771       1.45573330    
   652.935364      -1541.94214       1.63426661    
   652.889099      -1563.19678       1.48319995    
   652.842773      -1584.48718       1.30466664    
   652.796448      -1605.78076       1.55186665    
   652.750244      -1627.01135       1.73039997    
   652.703979      -1648.26697       1.52440000    
   652.657715      -1669.53650       1.57933331    
   652.611389      -1690.83093       1.62053335    
   652.565186      -1712.07349       1.49693334    
   652.518921      -1733.34106       1.53813326    
   652.472656      -1754.61157       1.59306657    
   652.426453      -1775.85205       1.44199991    
   652.380249      -1797.09546       1.42826664    
   652.333984      -1818.37500       1.33213329    
   652.287781      -1839.62451       1.37333333    
   652.241638      -1860.84387       1.23599994    
   652.195374      -1882.12134       1.23599994    
   652.149231      -1903.34680       1.27719998    
   652.103027      -1924.60828       1.23599994    
   652.056885      -1945.82861       1.23599994    
   652.010620      -1967.11816       1.37333333    
   651.964539      -1988.32239       1.12613332    
   651.918396      -2009.55176       1.07120001    
   651.872131      -2030.83899       1.20853329    
   651.826050      -2052.05225       1.29093325    
   651.779907      -2073.27954       1.15359998    
   651.733765      -2094.52051       1.05746663    
   651.687683      -2115.73193       1.23599994    
   651.641541      -2136.97900       1.31839991    
   651.595398      -2158.21826       1.09866667    
   651.549316      -2179.43823      0.975066662    
   651.503174      -2200.68335       1.05746663    
   651.457092      -2221.89844      0.975066662    
   651.411072      -2243.09424       1.16733325    
   651.364929      -2264.33716       1.01626658    
   651.318848      -2285.56128       1.01626658    
   651.272827      -2306.76587       1.05746663    
   651.226685      -2328.01807      0.782799959    
   651.180725      -2349.18457      0.824000001    
   651.134583      -2370.44238       1.00253332    
   651.088623      -2391.61499      0.878933311    
   651.042542      -2412.84570      0.961333334    
   650.996460      -2434.07935       1.02999997    
   650.950500      -2455.26074      0.631733298    
   650.904480      -2476.46729      0.686666667    
   650.858521      -2497.65479      0.851466656    
   650.812439      -2518.88916      0.700399995    
   650.766418      -2540.10474      0.824000001    
   650.720459      -2561.28979      0.686666667    
   650.674500      -2582.47778      0.686666667    
   650.628540      -2603.66895      0.769066632    
   650.582520      -2624.88525      0.796533287    
   650.536560      -2646.08228      0.961333334    
   650.490601      -2667.27124      0.727866650    
   650.444702      -2688.44116      0.810266674    
   650.398682      -2709.66919      0.659199953    
   650.352844      -2730.81152      0.906399965    
   650.306824      -2752.03491      0.686666667    
   650.260986      -2773.18311      0.672933340    
   650.214966      -2794.41187      0.837733328    
   650.169067      -2815.58838      0.741599977    
   650.123230      -2836.73462      0.700399995    
   650.077271      -2857.93921      0.549333334    
   650.031372      -2879.12451      0.604266644    
   649.985474      -2900.30151      0.549333334    
   649.939636      -2921.45972      0.672933340    
   649.893799      -2942.62061      0.700399995    
   649.847900      -2963.80664      0.508133292    
   649.802063      -2984.96265      0.617999971    
   649.756165      -3006.15454      0.659199953    
   649.710327      -3027.31616      0.686666667    
   649.664490      -3048.48096      0.810266674    
   649.618713      -3069.61523      0.604266644    
   649.572815      -3090.80811      0.480666667    
   649.526978      -3111.98145      0.494399995    
   649.481201      -3133.11353      0.604266644    
   649.435364      -3154.29272      0.521866679    
   649.389587      -3175.43091      0.412000000    
   649.343750      -3196.60474      0.425733328    
   649.298035      -3217.72632      0.494399995    
   649.252197      -3238.90625      0.439466655    
   649.206421      -3260.05640      0.425733328    
   649.160645      -3281.20874      0.343333334    
   649.114929      -3302.33130      0.480666667    
   649.069092      -3323.51196      0.521866679    
   649.023376      -3344.64038      0.494399995    
   648.977661      -3365.77124      0.453199983    
   648.931885      -3386.92773      0.370799989    
   648.886169      -3408.06445      0.412000000    
   648.840454      -3429.19336      0.398266643    
   648.794739      -3450.32520      0.329599977    
   648.749023      -3471.47070      0.398266643    
   648.703247      -3492.63062      0.343333334    
   648.657654      -3513.71558      0.480666667    
   648.611938      -3534.85913      0.521866679    
   648.566162      -3556.02783      0.329599977    
   648.520569      -3577.11035      0.453199983    
   648.474792      -3598.28516      0.357066661    
   648.429199      -3619.37354      0.398266643    
   648.383606      -3640.46484      0.384533316    
   648.337830      -3661.64844      0.412000000    
   648.292236      -3682.74561      0.398266643    
   648.246643      -3703.83472      0.357066661    
   648.200928      -3724.99341      0.398266643    
   648.155334      -3746.08838      0.343333334    
   648.109741      -3767.18604      0.315866649    
   648.064087      -3788.32031      0.412000000    
   648.018494      -3809.42407      0.260933340    
   647.972900      -3830.53052      0.357066661    
   647.927246      -3851.66235      0.288399994    
   647.881714      -3872.74146      0.315866649    
   647.836121      -3893.85669      0.288399994    
   647.790527      -3914.96387      0.247199997    
   647.744995      -3936.04053      0.206000000    
   647.699402      -3957.16479      0.219733328    
   647.653870      -3978.24707      0.260933340    
   647.608276      -3999.36621      0.302133322    
   647.562744      -4020.45435      0.274666667    
   647.517212      -4041.54541      0.233466655    
   647.471741      -4062.60596      0.178533331    
   647.426086      -4083.75879      0.302133322    
   647.380615      -4104.82520      0.151066661    
   647.335144      -4125.89453      0.288399994    
   647.289673      -4146.96680      0.178533331    
   647.244080      -4168.08691      0.178533331    
   647.198608      -4189.16504      0.192266658    
   647.153137      -4210.23535      0.315866649    
   647.107666      -4231.30811      0.247199997    
   647.062134      -4252.41699      0.288399994    
   647.016724      -4273.46191      0.247199997    
   646.971252      -4294.54395      0.151066661    
   646.925781      -4315.62842      0.192266658    
   646.880371      -4336.68213      0.164799988    
   646.834900      -4357.77246      0.109866664    
   646.789429      -4378.85449      0.206000000    
   646.744080      -4399.88330      0.192266658    
   646.698608      -4420.97119      0.123599999    
   646.653259      -4442.00586      0.192266658    
   646.607727      -4463.12207      0.123599999    
   646.562378      -4484.16260       8.23999941E-02
   646.517029      -4505.19482      0.137333333    
   646.471558      -4526.29785      0.206000000    
   646.426208      -4547.33545      0.151066661    
   646.380798      -4568.41016      0.164799988    
   646.335449      -4589.45410       8.23999941E-02
   646.290100      -4610.48975       8.23999941E-02
   646.244751      -4631.53906      0.233466655    
   646.199402      -4652.59180       6.86666667E-02
   646.154053      -4673.63623      0.151066661    
   646.108704      -4694.68359       9.61333290E-02
   646.063293      -4715.76758       6.86666667E-02
   646.018005      -4736.79785      0.109866664    
   645.972717      -4757.82031       4.11999971E-02
   645.927368      -4778.87891       9.61333290E-02
   645.882080      -4799.90723      0.123599999    
   645.836792      -4820.93799       4.11999971E-02
   645.791443      -4841.99463       8.23999941E-02
   645.746216      -4862.99756       5.49333319E-02
   645.700928      -4884.03711      0.109866664    
   645.655579      -4905.10254       6.86666667E-02
   645.610352      -4926.11426       6.86666667E-02
   645.565125      -4947.11768       5.49333319E-02
   645.519836      -4968.16895       5.49333319E-02
   645.474548      -4989.20020       5.49333319E-02
   645.429321      -5010.22412       0.00000000    
   645.384094      -5031.23877       4.11999971E-02
   645.338867      -5052.25684       9.61333290E-02
   645.293640      -5073.27783       6.86666667E-02
   645.248413      -5094.30127       6.86666667E-02
   645.203247      -5115.29443       5.49333319E-02
   645.157959      -5136.34619       6.86666667E-02
   645.112793      -5157.33350       2.74666660E-02
   645.067566      -5178.36865       5.49333319E-02
   645.022339      -5199.39600       2.74666660E-02
   644.977234      -5220.36914       4.11999971E-02
   644.932068      -5241.36816       0.00000000    
   644.886902      -5262.36963       0.00000000    
   644.841736      -5283.37451       1.37333330E-02
   644.796570      -5304.38232       0.00000000    
   644.751404      -5325.39258       0.00000000    
   644.706238      -5346.40625       1.37333330E-02
   644.661133      -5367.38867       0.00000000    
   644.616028      -5388.37402       0.00000000    
   644.570923      -5409.35059       0.00000000    
   644.525818      -5430.34131       0.00000000    
   644.480652      -5451.35840       0.00000000    
   644.435547      -5472.34375       0.00000000    
   644.390503      -5493.30957       0.00000000    
   644.345398      -5514.30127       0.00000000    
   644.300293      -5535.29541       0.00000000    
   644.255188      -5556.29248       0.00000000    
   644.210083      -5577.29248       0.00000000    
   644.165039      -5598.26172       0.00000000    
   644.119995      -5619.23291       0.00000000    
   644.074890      -5640.23096       0.00000000    
   644.029846      -5661.20801       0.00000000    
   643.984802      -5682.17773       0.00000000    
   643.939758      -5703.16064       0.00000000    
   643.894714      -5724.13574       0.00000000    
   643.849792      -5745.05762       0.00000000    
   643.804749      -5766.03809       0.00000000    
   643.759705      -5787.02148       0.00000000    
   643.714722      -5807.97412       0.00000000    
   643.669739      -5828.94141       0.00000000    
   643.624756      -5849.89941       0.00000000    
   643.579773      -5870.84912       0.00000000    
   643.534790      -5891.81348       0.00000000    
   643.489807      -5912.78027       0.00000000    
   643.444824      -5933.73877       0.00000000    
   643.399841      -5954.71191       0.00000000    
   643.354858      -5975.67578       0.00000000    
   643.309998      -5996.58594       0.00000000    
   643.265076      -6017.52197       0.00000000    
   643.220093      -6038.49512       0.00000000    
   643.175171      -6059.43652       0.00000000    
   643.130249      -6080.38086       0.00000000    
   643.085266      -6101.36230       0.00000000    
   643.040405      -6122.27881       0.00000000    
   642.995483      -6143.23242       0.00000000    
   642.950623      -6164.15430       0.00000000    
   642.905762      -6185.07910       0.00000000    
   642.860840      -6206.02979       0.00000000    
   642.815918      -6226.98291       0.00000000    
   642.771057      -6247.91650       0.00000000    
   642.726196      -6268.84180       0.00000000    
   642.681396      -6289.74658       0.00000000    
   642.636536      -6310.67773       0.00000000    
   642.591675      -6331.61084       0.00000000    
   642.546814      -6352.54736       0.00000000    
   642.501953      -6373.48682       0.00000000    
   642.457092      -6394.41797       0.00000000    
   642.412292      -6415.32861       0.00000000    
   642.367554      -6436.21973       0.00000000    
   642.322693      -6457.15918       0.00000000    
   642.277832      -6478.10205       0.00000000    
   642.233093      -6498.99023       0.00000000    
   642.188293      -6519.90430       0.00000000    
   642.143555      -6540.79834       0.00000000    
   642.098694      -6561.75195       0.00000000    
   642.053955      -6582.63965       0.00000000    
   642.009155      -6603.56543       0.00000000    
   641.964417      -6624.45996       0.00000000    
   641.919678      -6645.35645       0.00000000    
   641.874939      -6666.25635       0.00000000    
   641.830139      -6687.18213       0.00000000    
   641.785461      -6708.05322       0.00000000    
   641.740723      -6728.96094       0.00000000    
   641.695984      -6749.86133       0.00000000    
   641.651245      -6770.77490       0.00000000    
   641.606567      -6791.64648       0.00000000    
   641.561890      -6812.53223       0.00000000    
   641.517151      -6833.44336       0.00000000    
   641.472412      -6854.35791       0.00000000    
   641.427795      -6875.20557       0.00000000    
   641.383118      -6896.09180       0.00000000    
   641.338379      -6917.01367       0.00000000    
   641.293823      -6937.83691       0.00000000    
   641.249084      -6958.76562       0.00000000    
   641.204468      -6979.62793       0.00000000    
   641.159729      -7000.53906       0.00000000    
   641.115173      -7021.38477       0.00000000    
   641.070496      -7042.27881       0.00000000    
   641.025818      -7063.17578       0.00000000    
   640.981262      -7084.01904       0.00000000    
   640.936646      -7104.88672       0.00000000    
   640.892029      -7125.75879       0.00000000    
   640.847412      -7146.63232       0.00000000    
   640.802795      -7167.50928       0.00000000    
   640.758179      -7188.38916       0.00000000    
   640.713684      -7209.20264       0.00000000    
   640.669067      -7230.08838       0.00000000    
   640.624451      -7250.96533       0.00000000    
   640.579895      -7271.82275       0.00000000    
   640.535339      -7292.67041       0.00000000    
   640.490784      -7313.53271       0.00000000    
   640.446228      -7334.38672       0.00000000    
   640.401733      -7355.22119       0.00000000    
   640.357178      -7376.08057       0.00000000    
   640.312683      -7396.90869       0.00000000    
   640.268066      -7417.80811       0.00000000    
   640.223633      -7438.60742       0.00000000    
   640.179077      -7459.47852       0.00000000    
   640.134521      -7480.34131       0.00000000    
   640.090088      -7501.15967       0.00000000    
   640.045593      -7521.99365       0.00000000    
   640.001099      -7542.84131       0.00000000    
   639.956604      -7563.68115       0.00000000    
   639.912170      -7584.50049       0.00000000    
   639.867676      -7605.34473       0.00000000    
   639.823181      -7626.19336       0.00000000    
   639.778748      -7647.02100       0.00000000    
   639.734314      -7667.83984       0.00000000    
   639.689880      -7688.66113       0.00000000    
   639.645386      -7709.52100       0.00000000    
   639.601013      -7730.31445       0.00000000    
   639.556580      -7751.14453       0.00000000    
   639.512085      -7772.00049       0.00000000    
   639.467773      -7792.77832       0.00000000    
   639.423279      -7813.64062       0.00000000    
   639.378967      -7834.41406       0.00000000    
   639.334473      -7855.28076       0.00000000    
   639.290161      -7876.05908       0.00000000    
   639.245728      -7896.89844       0.00000000    
   639.201355      -7917.70557       0.00000000    
   639.156982      -7938.51465       0.00000000    
   639.112671      -7959.30469       0.00000000    
   639.068298      -7980.12012       0.00000000    
   639.023926      -8000.93896       0.00000000    
   638.979553      -8021.74805       0.00000000    
   638.935242      -8042.53809       0.00000000    
   638.890930      -8063.32959       0.00000000    
   638.846619      -8084.12500       0.00000000    
   638.802246      -8104.94580       0.00000000    
   638.757935      -8125.74658       0.00000000    
   638.713623      -8146.53955       0.00000000    
   638.669373      -8167.31055       0.00000000    
   638.625000      -8188.14307       0.00000000    
   638.580811      -8208.88574       0.00000000    
   638.536438      -8229.71191       0.00000000    
   638.492249      -8250.46094       0.00000000    
   638.447876      -8271.29297       0.00000000    
   638.403687      -8292.03516       0.00000000    
   638.359314      -8312.87305       0.00000000    
   638.315125      -8333.63281       0.00000000    
   638.270935      -8354.38379       0.00000000    
   638.226624      -8375.19531       0.00000000    
   638.182434      -8395.95215       0.00000000    
   638.138184      -8416.73535       0.00000000    
   638.093994      -8437.49707       0.00000000    
   638.049744      -8458.28613       0.00000000    
   638.005554      -8479.04199       0.00000000    
   637.961365      -8499.81250       0.00000000    
   637.917114      -8520.59668       0.00000000    
   637.872986      -8541.33887       0.00000000    
   637.828735      -8562.12988       0.00000000    
   637.784546      -8582.90039       0.00000000    
   637.740417      -8603.63867       0.00000000    
   637.696228      -8624.41504       0.00000000    
   637.652039      -8645.18262       0.00000000    
   637.607910      -8665.92969       0.00000000    
   637.563721      -8686.70215       0.00000000    
   637.519653      -8707.41992       0.00000000    
   637.475464      -8728.19922       0.00000000    
   637.431335      -8748.94531       0.00000000    
   637.387268      -8769.67090       0.00000000    
   637.343079      -8790.45801       0.00000000    
   637.299011      -8811.17871       0.00000000    
   637.254822      -8831.95996       0.00000000    
   637.210754      -8852.69629       0.00000000    
   637.166687      -8873.42578       0.00000000    
   637.122559      -8894.18066       0.00000000    
   637.078491      -8914.91504       0.00000000    
   637.034424      -8935.65234       0.00000000    
   636.990356      -8956.38086       0.00000000    
   636.946289      -8977.12305       0.00000000    
   636.902283      -8997.82227       0.00000000    
   636.858215      -9018.57129       0.00000000    
   636.814148      -9039.31055       0.00000000    
   636.770142      -9060.01855       0.00000000    
   636.726074      -9080.76367       0.00000000    
   636.682068      -9101.47656       0.00000000    
   636.638000      -9122.22754       0.00000000    
   636.594055      -9142.91113       0.00000000    
   636.549988      -9163.66699       0.00000000    
   636.505981      -9184.37988       0.00000000    
   636.462036      -9205.07227       0.00000000    
   636.418030      -9225.80176       0.00000000    
   636.374023      -9246.52344       0.00000000    
   636.330017      -9267.24707       0.00000000    
   636.286072      -9287.95117       0.00000000    
   636.242126      -9308.65625       0.00000000    
   636.198120      -9329.37793       0.00000000    
   636.154175      -9350.08984       0.00000000    
   636.110229      -9370.79297       0.00000000    
   636.066345      -9391.46289       0.00000000    
   636.022400      -9412.17188       0.00000000    
   635.978455      -9432.88379       0.00000000    
   635.934509      -9453.59766       0.00000000    
   635.890625      -9474.28027       0.00000000    
   635.846680      -9494.98828       0.00000000    
   635.802734      -9515.69824       0.00000000    
   635.758911      -9536.35449       0.00000000    
   635.714966      -9557.07031       0.00000000    
   635.671082      -9577.76758       0.00000000    
   635.627197      -9598.45410       0.00000000    
   635.583313      -9619.14355       0.00000000    
   635.539490      -9639.81348       0.00000000    
   635.495667      -9660.47461       0.00000000    
   635.451721      -9681.20703       0.00000000    
   635.407898      -9701.87305       0.00000000    
   635.364075      -9722.54199       0.00000000    
   635.320251      -9743.21387       0.00000000    
   635.276428      -9763.88867       0.00000000    
   635.232605      -9784.55469       0.00000000    
   635.188721      -9805.25781       0.00000000    
   635.144897      -9825.93945       0.00000000    
   635.101135      -9846.58984       0.00000000    
   635.057312      -9867.26660       0.00000000    
   635.013489      -9887.94727       0.00000000    
   634.969788      -9908.57031       0.00000000    
   634.925964      -9929.25586       0.00000000    
   634.882080      -9949.96680       0.00000000    
   634.838379      -9970.58691       0.00000000    
   634.794617      -9991.24609       0.00000000    
   634.750854      -10011.9062       0.00000000    
   634.707153      -10032.5469       0.00000000    
   634.663330      -10053.2373       0.00000000    
   634.619629      -10073.8721       0.00000000    
   634.575928      -10094.5088       0.00000000    
   634.532104      -10115.1953       0.00000000    
   634.488403      -10135.8379       0.00000000    
   634.444702      -10156.4727       0.00000000    
   634.401001      -10177.1201       0.00000000    
   634.357300      -10197.7598       0.00000000    
   634.313599      -10218.4014       0.00000000    
   634.269897      -10239.0469       0.00000000    
   634.226257      -10259.6709       0.00000000    
   634.182556      -10280.3213       0.00000000    
   634.138855      -10300.9629       0.00000000    
   634.095093      -10321.6426       0.00000000    
   634.051514      -10342.2422       0.00000000    
   634.007812      -10362.8916       0.00000000    
   633.964233      -10383.4863       0.00000000    
   633.920532      -10404.1416       0.00000000    
   633.876953      -10424.7402       0.00000000    
   633.833252      -10445.4023       0.00000000    
   633.789673      -10466.0068       0.00000000    
   633.745972      -10486.6611       0.00000000    
   633.702393      -10507.2725       0.00000000    
   633.658813      -10527.8730       0.00000000    
   633.615234      -10548.4902       0.00000000    
   633.571594      -10569.1201       0.00000000    
   633.528015      -10589.7305       0.00000000    
   633.484436      -10610.3418       0.00000000    
   633.440857      -10630.9590       0.00000000    
   633.397278      -10651.5645       0.00000000    
   633.353699      -10672.1846       0.00000000    
   633.310120      -10692.7969       0.00000000    
   633.266602      -10713.3887       0.00000000    
   633.223022      -10734.0049       0.00000000    
   633.179443      -10754.6270       0.00000000    
   633.135986      -10775.1904       0.00000000    
   633.092407      -10795.8154       0.00000000    
   633.048889      -10816.4092       0.00000000    
   633.005371      -10837.0059       0.00000000    
