   10477.0293       0.00000000             225   10433.5830    
   10454.9111       0.00000000             225   10433.5830    
   10432.8105       0.00000000             224   10364.4277    
   10410.6943       0.00000000             224   10364.4277    
   10388.6172       0.00000000             224   10364.4277    
   10366.4658       0.00000000             224   10364.4277    
   10344.3604       0.00000000             223   10295.2422    
   10322.2637       0.00000000             223   10295.2422    
   10300.1826       0.00000000             223   10295.2422    
   10278.0166       0.00000000             222   10226.0234    
   10255.9395       0.00000000             222   10226.0234    
   10233.8584       0.00000000             222   10226.0234    
   10211.7451       0.00000000             221   10156.7695    
   10189.6562       0.00000000             221   10156.7695    
   10167.5352       0.00000000             221   10156.7695    
   10145.4502       0.00000000             220   10087.4805    
   10123.3525       0.00000000             220   10087.4805    
   10101.2920       0.00000000             220   10087.4805    
   10079.1982       0.00000000             219   10018.1582    
   10057.1006       0.00000000             219   10018.1582    
   10035.0000       0.00000000             219   10018.1582    
   10012.9258       0.00000000             218   9948.80176    
   9990.81836       0.00000000             218   9948.80176    
   9968.76855       0.00000000             218   9948.80176    
   9946.66406       0.00000000             217   9879.41016    
   9924.60645       0.00000000             217   9879.41016    
   9902.52637       0.00000000             217   9879.41016    
   9880.44238       0.00000000             217   9879.41016    
   9858.35547       0.00000000             216   9809.98438    
   9836.29492       0.00000000             216   9809.98438    
   9814.23242       0.00000000             216   9809.98438    
   9792.14551       0.00000000             215   9740.52051    
   9770.07422       0.00000000             215   9740.52051    
   9748.03223       0.00000000             215   9740.52051    
   9725.96582       0.00000000             214   9671.02637    
   9703.89551       0.00000000             214   9671.02637    
   9681.82227       0.00000000             214   9671.02637    
   9659.77539       0.00000000             213   9601.49707    
   9637.72656       0.00000000             213   9601.49707    
   9615.62305       0.00000000             213   9601.49707    
   9593.59766       0.00000000             212   9531.93359    
   9571.50684       0.00000000             212   9531.93359    
   9549.48438       0.00000000             212   9531.93359    
   9527.41895       0.00000000             211   9462.33496    
   9505.35938       0.00000000             211   9462.33496    
   9483.32715       0.00000000             211   9462.33496    
   9461.29199       0.00000000             210   9392.70312    
   9439.22266       0.00000000             210   9392.70312    
   9417.19043       0.00000000             210   9392.70312    
   9395.14551       0.00000000             210   9392.70312    
   9373.10645       0.00000000             209   9323.03516    
   9351.08496       0.00000000             209   9323.03516    
   9329.04004       0.00000000             209   9323.03516    
   9306.99121       0.00000000             208   9253.33398    
   9284.93945       0.00000000             208   9253.33398    
   9262.94531       0.00000000             208   9253.33398    
   9240.88574       0.00000000             207   9183.59766    
   9218.88574       0.00000000             207   9183.59766    
   9196.83105       0.00000000             207   9183.59766    
   9174.82324       0.00000000             206   9113.82227    
   9152.76172       0.00000000             206   9113.82227    
   9130.75781       0.00000000             206   9113.82227    
   9108.71973       0.00000000             205   9044.01660    
   9086.70996       0.00000000             205   9044.01660    
   9064.66504       0.00000000             205   9044.01660    
   9042.67871       0.00000000             204   8974.17578    
   9020.66895       0.00000000             204   8974.17578    
   8998.64453       0.00000000             204   8974.17578    
   8976.62793       0.00000000             204   8974.17578    
   8954.62793       0.00000000             203   8904.30078    
   8932.60449       0.00000000             203   8904.30078    
   8910.60840       0.00000000             203   8904.30078    
   8888.57910       0.00000000             202   8834.39062    
   8866.58594       0.00000000             202   8834.39062    
   8844.57910       0.00000000             202   8834.39062    
   8822.54980       0.00000000             201   8764.44531    
   8800.56738       0.00000000             201   8764.44531    
   8778.58203       0.00000000             201   8764.44531    
   8756.57422       0.00000000             200   8694.46582    
   8734.59180       0.00000000             200   8694.46582    
   8712.57617       0.00000000             200   8694.46582    
   8690.58789       0.00000000             199   8624.45215    
   8668.59570       0.00000000             199   8624.45215    
   8646.58105       0.00000000             199   8624.45215    
   8624.61328       0.00000000             199   8624.45215    
   8602.64258       0.00000000             198   8554.40234    
   8580.64746       0.00000000             198   8554.40234    
   8558.64941       0.00000000             198   8554.40234    
   8536.67871       0.00000000             197   8484.31445    
   8514.67480       0.00000000             197   8484.31445    
   8492.69727       0.00000000             197   8484.31445    
   8470.74805       0.00000000             196   8414.19531    
   8448.74316       0.00000000             196   8414.19531    
   8426.78711       0.00000000             196   8414.19531    
   8404.77539       0.00000000             195   8344.04102    
   8382.82324       0.00000000             195   8344.04102    
   8360.88770       0.00000000             195   8344.04102    
   8338.89844       0.00000000             194   8273.85156    
   8316.90430       0.00000000             194   8273.85156    
   8294.93945       0.00000000             194   8273.85156    
   8273.00098       0.00000000             193   8203.62793    
   8251.03906       0.00000000             193   8203.62793    
   8229.06250       0.00000000             193   8203.62793    
   8207.09473       0.00000000             193   8203.62793    
   8185.12207       0.00000000             192   8133.36865    
   8163.17773       0.00000000             192   8133.36865    
   8141.22998       0.00000000             192   8133.36865    
   8119.27881       0.00000000             191   8063.07422    
   8097.29395       0.00000000             191   8063.07422    
   8075.39746       0.00000000             191   8063.07422    
   8053.40625       0.00000000             190   7992.74512    
   8031.48291       0.00000000             190   7992.74512    
   8009.51514       0.00000000             190   7992.74512    
   7987.58545       0.00000000             189   7922.38086    
   7965.65332       0.00000000             189   7922.38086    
   7943.68506       0.00000000             189   7922.38086    
   7921.74609       0.00000000             188   7851.98145    
   7899.80322       0.00000000             188   7851.98145    
   7877.86719       0.00000000             188   7851.98145    
   7855.94824       0.00000000             188   7851.98145    
   7833.99609       0.00000000             187   7781.54297    
   7812.05078       0.00000000             187   7781.54297    
   7790.13184       0.00000000             187   7781.54297    
   7768.21143       0.00000000             186   7711.07275    
   7746.27588       0.00000000             186   7711.07275    
   7724.35840       0.00000000             186   7711.07275    
   7702.42725       0.00000000             185   7640.56787    
   7680.49316       0.00000000             185   7640.56787    
   7658.56592       0.00000000             185   7640.56787    
   7636.65576       0.00000000             184   7570.02783    
   7614.74219       0.00000000             184   7570.02783    
   7592.80518       0.00000000             184   7570.02783    
   7570.89551       0.00000000             184   7570.02783    
   7549.01416       0.00000000             183   7499.45215    
   7527.06641       0.00000000             183   7499.45215    
   7505.15771       0.00000000             183   7499.45215    
   7483.26611       0.00000000             182   7428.84131    
   7461.33984       0.00000000             182   7428.84131    
   7439.42090       0.00000000             182   7428.84131    
   7417.55029       0.00000000             181   7358.19531    
   7395.62500       0.00000000             181   7358.19531    
   7373.72754       0.00000000             181   7358.19531    
   7351.82617       0.00000000             180   7287.51367    
   7329.94287       0.00000000             180   7287.51367    
   7308.01465       0.00000000             180   7287.51367    
   7286.13477       0.00000000             179   7216.79688    
   7264.23096       0.00000000             179   7216.79688    
   7242.34473       0.00000000             179   7216.79688    
   7220.43457       0.00000000             179   7216.79688    
   7198.55225       0.00000000             178   7146.04053    
   7176.68750       0.00000000             178   7146.04053    
   7154.76660       0.00000000             178   7146.04053    
   7132.90576       0.00000000             177   7075.25293    
   7111.01025       0.00000000             177   7075.25293    
   7089.15332       0.00000000             177   7075.25293    
   7067.25049       0.00000000             176   7004.43018    
   7045.35596       0.00000000             176   7004.43018    
   7023.47852       0.00000000             176   7004.43018    
   7001.60791       0.00000000             175   6933.57129    
   6979.73438       0.00000000             175   6933.57129    
   6957.82666       0.00000000             175   6933.57129    
   6936.00781       0.00000000             175   6933.57129    
   6914.09424       0.00000000             174   6862.67725    
   6892.26904       0.00000000             174   6862.67725    
   6870.38965       0.00000000             174   6862.67725    
   6848.52783       0.00000000             173   6791.74756    
   6826.64160       0.00000000             173   6791.74756    
   6804.78369       0.00000000             173   6791.74756    
   6782.94238       0.00000000             172   6720.78271    
   6761.04639       0.00000000             172   6720.78271    
   6739.20947       0.00000000             172   6720.78271    
   6717.33838       0.00000000             171   6649.78174    
   6695.49512       0.00000000             171   6649.78174    
   6673.62793       0.00000000             171   6649.78174    
   6651.77832       0.00000000             171   6649.78174    
   6629.96680       0.00000000             170   6578.74561    
   6608.08984       0.00000000             170   6578.74561    
   6586.22949       0.00000000             170   6578.74561    
   6564.37793       0.00000000             169   6507.66943    
   6542.55322       0.00000000             169   6507.66943    
   6520.67285       0.00000000             169   6507.66943    
   6498.87354       0.00000000             168   6436.56201    
   6477.00781       0.00000000             168   6436.56201    
   6455.18115       0.00000000             168   6436.56201    
   6433.34082       0.00000000             167   6365.41846    
   6411.47559       0.00000000             167   6365.41846    
   6389.67041       0.00000000             167   6365.41846    
   6367.85156       0.00000000             167   6365.41846    
   6346.00781       0.00000000             166   6294.23926    
   6324.17188       0.00000000             166   6294.23926    
   6302.35303       0.00000000             166   6294.23926    
   6280.50049       0.00000000             165   6223.02441    
   6258.70654       0.00000000             165   6223.02441    
   6236.88867       0.00000000             165   6223.02441    
   6215.03613       0.00000000             164   6151.77393    
   6193.23291       0.00000000             164   6151.77393    
   6171.43701       0.00000000             164   6151.77393    
   6149.57520       0.00000000             163   6080.48779    
   6127.80322       0.00000000             163   6080.48779    
   6105.96631       0.00000000             163   6080.48779    
   6084.15674       0.00000000             163   6080.48779    
   6062.32373       0.00000000             162   6009.16553    
   6040.54004       0.00000000             162   6009.16553    
   6018.69971       0.00000000             162   6009.16553    
   5996.91943       0.00000000             161   5937.80762    
   5975.10498       0.00000000             161   5937.80762    
   5953.28662       0.00000000             161   5937.80762    
   5931.49658       0.00000000             160   5866.40967    
   5909.70361       0.00000000             160   5866.40967    
   5887.90723       0.00000000             160   5866.40967    
   5866.08643       0.00000000             159   5794.97949    
   5844.28369       0.00000000             159   5794.97949    
   5822.50928       0.00000000             159   5794.97949    
   5800.74170       0.00000000             159   5794.97949    
   5778.90820       0.00000000             158   5723.51416    
   5757.13379       0.00000000             158   5723.51416    
   5735.35693       0.00000000             158   5723.51416    
   5713.54492       0.00000000             157   5652.01221    
   5691.76123       0.00000000             157   5652.01221    
   5670.00586       0.00000000             157   5652.01221    
   5648.19531       0.00000000             156   5580.47461    
   5626.43359       0.00000000             156   5580.47461    
   5604.64697       0.00000000             156   5580.47461    
   5582.85742       0.00000000             156   5580.47461    
   5561.08594       0.00000000             155   5508.90088    
   5539.32227       0.00000000             155   5508.90088    
   5517.55469       0.00000000             155   5508.90088    
   5495.76318       0.00000000             154   5437.29102    
   5473.98877       0.00000000             154   5437.29102    
   5452.24316       0.00000000             154   5437.29102    
   5430.47363       0.00000000             153   5365.64551    
   5408.68994       0.00000000             153   5365.64551    
   5386.94531       0.00000000             153   5365.64551    
   5365.16553       0.00000000             152   5293.96338    
   5343.38281       0.00000000             152   5293.96338    
   5321.65967       0.00000000             152   5293.96338    
   5299.87061       3.00000000             152   5293.96338    
   5278.14160       1.00000000             151   5222.24121    
   5256.40869       2.00000000             151   5222.24121    
   5234.64160       1.00000000             151   5222.24121    
   5212.85010       3.00000000             150   5150.48730    
   5191.11816       1.00000000             150   5150.48730    
   5169.37305       2.00000000             150   5150.48730    
   5147.63525       4.00000000             149   5078.69678    
   5125.89355       4.00000000             149   5078.69678    
   5104.14893       5.00000000             149   5078.69678    
   5082.40137       3.00000000             149   5078.69678    
   5060.66064       2.00000000             148   5006.87012    
   5038.90674       3.00000000             148   5006.87012    
   5017.18115       2.00000000             148   5006.87012    
   4995.43115       2.00000000             147   4935.00732    
   4973.70947       6.00000000             147   4935.00732    
   4951.97363       4.00000000             147   4935.00732    
   4930.27686       9.00000000             146   4863.10840    
   4908.51416       4.00000000             146   4863.10840    
   4886.81152       6.00000000             146   4863.10840    
   4865.05273       3.00000000             146   4863.10840    
   4843.34375       3.00000000             145   4791.17285    
   4821.63135       6.00000000             145   4791.17285    
   4799.91504       8.00000000             145   4791.17285    
   4778.17529       7.00000000             144   4719.20117    
   4756.46387       5.00000000             144   4719.20117    
   4734.74902       5.00000000             144   4719.20117    
   4713.03125       11.0000000             143   4647.19336    
   4691.31006       4.00000000             143   4647.19336    
   4669.61768       8.00000000             143   4647.19336    
   4647.85840       7.00000000             143   4647.19336    
   4626.13867       14.0000000             142   4575.14502    
   4604.43604       8.00000000             142   4575.14502    
   4582.74121       9.00000000             142   4575.14502    
   4561.01172       9.00000000             141   4503.06396    
   4539.33105       13.0000000             141   4503.06396    
   4517.59570       7.00000000             141   4503.06396    
   4495.91943       11.0000000             140   4430.94678    
   4474.24023       10.0000000             140   4430.94678    
   4452.52637       8.00000000             140   4430.94678    
   4430.84082       23.0000000             139   4358.79346    
   4409.15186       11.0000000             139   4358.79346    
   4387.43945       15.0000000             139   4358.79346    
   4365.75488       13.0000000             139   4358.79346    
   4344.05615       22.0000000             138   4286.60303    
   4322.36572       11.0000000             138   4286.60303    
   4300.67139       15.0000000             138   4286.60303    
   4279.00586       15.0000000             137   4214.37646    
   4257.30566       19.0000000             137   4214.37646    
   4235.61279       19.0000000             137   4214.37646    
   4213.93750       17.0000000             136   4142.11328    
   4192.25928       7.00000000             136   4142.11328    
   4170.55664       21.0000000             136   4142.11328    
   4148.90430       13.0000000             136   4142.11328    
   4127.19531       16.0000000             135   4069.81372    
   4105.57812       14.0000000             135   4069.81372    
   4083.89478       17.0000000             135   4069.81372    
   4062.20825       19.0000000             134   3997.47729    
   4040.55005       16.0000000             134   3997.47729    
   4018.88892       22.0000000             134   3997.47729    
   3997.20337       21.0000000             133   3925.10034    
   3975.53589       27.0000000             133   3925.10034    
   3953.87549       18.0000000             133   3925.10034    
   3932.20190       17.0000000             133   3925.10034    
   3910.56689       19.0000000             132   3852.69067    
   3888.89722       30.0000000             132   3852.69067    
   3867.24585       27.0000000             132   3852.69067    
   3845.58008       22.0000000             131   3780.24463    
   3823.90088       19.0000000             131   3780.24463    
   3802.28223       31.0000000             131   3780.24463    
   3780.60718       21.0000000             131   3780.24463    
   3759.00366       14.0000000             130   3707.76147    
   3737.32227       28.0000000             130   3707.76147    
   3715.70166       27.0000000             130   3707.76147    
   3694.01392       22.0000000             129   3635.24194    
   3672.38696       25.0000000             129   3635.24194    
   3650.74609       25.0000000             129   3635.24194    
   3629.11255       31.0000000             128   3562.68555    
   3607.45483       32.0000000             128   3562.68555    
   3585.81494       21.0000000             128   3562.68555    
   3564.18286       27.0000000             128   3562.68555    
   3542.56885       34.0000000             127   3490.09229    
   3520.91968       28.0000000             127   3490.09229    
   3499.27808       21.0000000             127   3490.09229    
   3477.63306       33.0000000             126   3417.46216    
   3456.01660       46.0000000             126   3417.46216    
   3434.41895       40.0000000             126   3417.46216    
   3412.77539       34.0000000             125   3344.79541    
   3391.14941       40.0000000             125   3344.79541    
   3369.52075       41.0000000             125   3344.79541    
   3347.89966       28.0000000             125   3344.79541    
   3326.29663       36.0000000             124   3272.09155    
   3304.66919       48.0000000             124   3272.09155    
   3283.02759       30.0000000             124   3272.09155    
   3261.45776       33.0000000             123   3199.34692    
   3239.82080       38.0000000             123   3199.34692    
   3218.21240       34.0000000             123   3199.34692    
   3196.56909       39.0000000             122   3126.56934    
   3174.98633       43.0000000             122   3126.56934    
   3153.36890       38.0000000             122   3126.56934    
   3131.75854       35.0000000             122   3126.56934    
   3110.16675       35.0000000             121   3053.75464    
   3088.58203       41.0000000             121   3053.75464    
   3066.96265       38.0000000             121   3053.75464    
   3045.39331       43.0000000             120   2980.90332    
   3023.76758       41.0000000             120   2980.90332    
   3002.17041       37.0000000             120   2980.90332    
   2980.60229       45.0000000             119   2908.01465    
   2958.96680       38.0000000             119   2908.01465    
   2937.39258       50.0000000             119   2908.01465    
   2915.79370       60.0000000             119   2908.01465    
   2894.21313       41.0000000             118   2835.08911    
   2872.63965       38.0000000             118   2835.08911    
   2851.05273       49.0000000             118   2835.08911    
   2829.44116       44.0000000             117   2762.12646    
   2807.85864       50.0000000             117   2762.12646    
   2786.30493       49.0000000             117   2762.12646    
   2764.71631       61.0000000             117   2762.12646    
   2743.12402       56.0000000             116   2689.12695    
   2721.56104       50.0000000             116   2689.12695    
   2699.97314       52.0000000             116   2689.12695    
   2678.40430       62.0000000             115   2616.09009    
   2656.84229       62.0000000             115   2616.09009    
   2635.26685       60.0000000             115   2616.09009    
   2613.69873       61.0000000             114   2543.01196    
   2592.09570       63.0000000             114   2543.01196    
   2570.58569       62.0000000             114   2543.01196    
   2548.97607       51.0000000             114   2543.01196    
   2527.42749       65.0000000             113   2469.90063    
   2505.85449       62.0000000             113   2469.90063    
   2484.29980       62.0000000             113   2469.90063    
   2462.77417       59.0000000             112   2396.75220    
   2441.19165       76.0000000             112   2396.75220    
   2419.62793       61.0000000             112   2396.75220    
   2398.07129       85.0000000             112   2396.75220    
   2376.51147       81.0000000             111   2323.56665    
   2354.98120       63.0000000             111   2323.56665    
   2333.41528       79.0000000             111   2323.56665    
   2311.87842       59.0000000             110   2250.34375    
   2290.31714       73.0000000             110   2250.34375    
   2268.79541       62.0000000             110   2250.34375    
   2247.26001       63.0000000             109   2177.08374    
   2225.71069       70.0000000             109   2177.08374    
   2204.13672       80.0000000             109   2177.08374    
   2182.64551       68.0000000             109   2177.08374    
   2161.07617       75.0000000             108   2103.78613    
   2139.57886       79.0000000             108   2103.78613    
   2118.00342       64.0000000             108   2103.78613    
   2096.49976       73.0000000             107   2030.45129    
   2074.94995       75.0000000             107   2030.45129    
   2053.41846       72.0000000             107   2030.45129    
   2031.89502       95.0000000             107   2030.45129    
   2010.38965       81.0000000             106   1957.07910    
   1988.82739       87.0000000             106   1957.07910    
   1967.31604       78.0000000             106   1957.07910    
   1945.77991       84.0000000             105   1883.66528    
   1924.27295       101.000000             105   1883.66528    
   1902.76270       110.000000             105   1883.66528    
   1881.24963       81.0000000             104   1810.21826    
   1859.73315       104.000000             104   1810.21826    
   1838.19226       87.0000000             104   1810.21826    
   1816.72351       96.0000000             104   1810.21826    
   1795.17639       96.0000000             103   1736.73376    
   1773.65845       78.0000000             103   1736.73376    
   1752.16968       91.0000000             103   1736.73376    
   1730.64539       90.0000000             102   1663.21167    
   1709.17188       88.0000000             102   1663.21167    
   1687.64160       107.000000             102   1663.21167    
   1666.14026       105.000000             102   1663.21167    
   1644.63599       132.000000             101   1589.65210    
   1623.16089       111.000000             101   1589.65210    
   1601.66113       135.000000             101   1589.65210    
   1580.14734       98.0000000             100   1516.05505    
   1558.67383       112.000000             100   1516.05505    
   1537.15393       108.000000             100   1516.05505    
   1515.67419       111.000000              99   1442.42041    
   1494.19116       110.000000              99   1442.42041    
   1472.70532       103.000000              99   1442.42041    
   1451.21606       105.000000              99   1442.42041    
   1429.72388       105.000000              98   1368.74817    
   1408.22852       129.000000              98   1368.74817    
   1386.76257       115.000000              98   1368.74817    
   1365.23938       115.000000              97   1295.03821    
   1343.79956       115.000000              97   1295.03821    
   1322.30261       110.000000              97   1295.03821    
   1300.85669       118.000000              97   1295.03821    
   1279.38599       105.000000              96   1221.28638    
   1257.87976       124.000000              96   1221.28638    
   1236.43530       107.000000              96   1221.28638    
   1214.95532       95.0000000              95   1147.50110    
   1193.50476       106.000000              95   1147.50110    
   1172.01855       105.000000              95   1147.50110    
   1150.54016       115.000000              95   1147.50110    
   1129.08020       104.000000              94   1073.67810    
   1107.62805       92.0000000              94   1073.67810    
   1086.16199       104.000000              94   1073.67810    
   1064.70349       115.000000              93   999.817322    
   1043.24219       119.000000              93   999.817322    
   1021.79926       116.000000              93   999.817322    
   1000.34247       100.000000              93   999.817322    
   978.871765       119.000000              92   925.918823    
   957.462891       111.000000              92   925.918823    
   935.986084       105.000000              92   925.918823    
   914.538574       114.000000              91   851.982483    
   893.066406       97.0000000              91   851.982483    
   871.645264       111.000000              91   851.982483    
   850.199341       117.000000              90   778.008301    
   828.717896       97.0000000              90   778.008301    
   807.298340       70.0000000              90   778.008301    
   785.875671       99.0000000              90   778.008301    
   764.450073       91.0000000              89   703.996216    
   742.988770       98.0000000              89   703.996216    
   721.556885       111.000000              89   703.996216    
   700.132874       102.000000              88   629.946289    
   678.694824       98.0000000              88   629.946289    
   657.264648       104.000000              88   629.946289    
   635.820557       108.000000              88   629.946289    
   614.416687       122.000000              87   555.854126    
   592.977234       100.000000              87   555.854126    
   571.534790       96.0000000              87   555.854126    
   550.143433       116.000000              86   481.728302    
   528.673096       116.000000              86   481.728302    
   507.286469       99.0000000              86   481.728302    
   485.864227       106.000000              86   481.728302    
   464.438904       113.000000              85   407.564484    
   443.053986       115.000000              85   407.564484    
   421.622589       106.000000              85   407.564484    
   400.198883       105.000000              84   333.362640    
   378.772247       113.000000              84   333.362640    
   357.375031       103.000000              84   333.362640    
   335.974762       117.000000              84   333.362640    
   314.571472       113.000000              83   259.122742    
   293.165131       98.0000000              83   259.122742    
   271.777435       91.0000000              83   259.122742    
   250.343201       119.000000              82   184.844803    
   228.960266       115.000000              82   184.844803    
   207.552551       116.000000              82   184.844803    
   186.163513       112.000000              82   184.844803    
   164.782272       101.000000              81   110.528748    
   143.365372       105.000000              81   110.528748    
   121.999794       109.000000              81   110.528748    
   100.587662       105.000000              80   36.1745567    
   79.2159882       102.000000              80   36.1745567    
   57.8303719       100.000000              80   36.1745567    
   36.4308395       107.000000              80   36.1745567    
   15.0282497       114.000000              79  -38.2177925    
  -6.33386230       106.000000              79  -38.2177925    
  -27.7425556       104.000000              79  -38.2177925    
  -49.1107597       105.000000              78  -112.652603    
  -70.4928970       146.000000              78  -112.652603    
  -91.8671951       116.000000              78  -112.652603    
  -113.244530       110.000000              77  -187.121368    
  -134.592239       101.000000              77  -187.121368    
  -155.975662       113.000000              77  -187.121368    
  -177.362137       103.000000              77  -187.121368    
  -198.718979       92.0000000              76  -261.628387    
  -220.078842       114.000000              76  -261.628387    
  -241.463547       109.000000              76  -261.628387    
  -262.796814       104.000000              75  -336.173676    
  -284.187592       93.0000000              75  -336.173676    
  -305.526917       111.000000              75  -336.173676    
  -326.912903       111.000000              75  -336.173676    
  -348.258270       120.000000              74  -410.757263    
  -369.628540       102.000000              74  -410.757263    
  -390.990906       125.000000              74  -410.757263    
  -412.334503       118.000000              73  -485.379211    
  -433.681091       118.000000              73  -485.379211    
  -455.030762       95.0000000              73  -485.379211    
  -476.383453       119.000000              73  -485.379211    
  -497.728271       108.000000              72  -560.039490    
  -519.076172       110.000000              72  -560.039490    
  -540.437927       123.000000              72  -560.039490    
  -561.791809       105.000000              71  -634.738220    
  -583.116028       124.997498              71  -634.738220    
  -604.443176       121.000000              71  -634.738220    
  -625.806213       111.000000              71  -634.738220    
  -647.161316       108.000000              70  -709.475342    
  -668.475708       109.000000              70  -709.475342    
  -689.836914       108.000000              70  -709.475342    
  -711.146423       104.000000              69  -784.255188    
  -732.458984       109.000000              69  -784.255188    
  -753.796448       122.000000              69  -784.255188    
  -775.104126       118.000000              69  -784.255188    
  -796.447693       103.000000              68  -859.069275    
  -817.794189       92.0000000              68  -859.069275    
  -839.110962       113.000000              68  -859.069275    
  -860.430664       110.000000              67  -933.921875    
  -881.753479       121.000000              67  -933.921875    
  -903.079224       142.000000              67  -933.921875    
  -924.397095       94.0000000              67  -933.921875    
  -945.696106       118.000000              66  -1008.81299    
  -966.998230       135.000000              66  -1008.81299    
  -988.325134       122.000000              66  -1008.81299    
  -1009.63318       100.000000              65  -1083.74268    
  -1030.96606       116.000000              65  -1083.74268    
  -1052.26917       111.000000              65  -1083.74268    
  -1073.57532       110.000000              65  -1083.74268    
  -1094.90649       91.0000000              64  -1158.71094    
  -1116.16382       102.000000              64  -1158.71094    
  -1137.47913       120.000000              64  -1158.71094    
  -1158.78625       108.000000              63  -1233.71790    
  -1180.07458       107.000000              63  -1233.71790    
  -1201.38782       104.000000              63  -1233.71790    
  -1222.70398       127.000000              63  -1233.71790    
  -1243.96863       104.000000              62  -1308.76355    
  -1265.25793       125.000000              62  -1308.76355    
  -1286.55029       101.000000              62  -1308.76355    
  -1307.84570       122.000000              62  -1308.76355    
  -1329.14417       125.000000              61  -1383.84790    
  -1350.41260       107.000000              61  -1383.84790    
  -1371.71704       116.000000              61  -1383.84790    
  -1392.99146       126.000000              60  -1458.97083    
  -1414.26904       108.000000              60  -1458.97083    
  -1435.57153       125.000000              60  -1458.97083    
  -1456.84387       94.0000000              60  -1458.97083    
  -1478.09766       111.000000              59  -1534.13696    
  -1499.40906       111.000000              59  -1534.13696    
  -1520.65771       106.000000              59  -1534.13696    
  -1541.94214       119.000000              58  -1609.33752    
  -1563.19678       108.000000              58  -1609.33752    
  -1584.48718       95.0000000              58  -1609.33752    
  -1605.78076       113.000000              58  -1609.33752    
  -1627.01135       126.000000              57  -1684.57690    
  -1648.26697       111.000000              57  -1684.57690    
  -1669.53650       115.000000              57  -1684.57690    
  -1690.83093       118.000000              56  -1759.85510    
  -1712.07349       109.000000              56  -1759.85510    
  -1733.34106       112.000000              56  -1759.85510    
  -1754.61157       116.000000              56  -1759.85510    
  -1775.85205       105.000000              55  -1835.17224    
  -1797.09546       104.000000              55  -1835.17224    
  -1818.37500       97.0000000              55  -1835.17224    
  -1839.62451       100.000000              54  -1910.52832    
  -1860.84387       90.0000000              54  -1910.52832    
  -1882.12134       90.0000000              54  -1910.52832    
  -1903.34680       93.0000000              54  -1910.52832    
  -1924.60828       90.0000000              53  -1985.92322    
  -1945.82861       90.0000000              53  -1985.92322    
  -1967.11816       100.000000              53  -1985.92322    
  -1988.32239       82.0000000              52  -2061.35718    
  -2009.55176       78.0000000              52  -2061.35718    
  -2030.83899       88.0000000              52  -2061.35718    
  -2052.05225       94.0000000              52  -2061.35718    
  -2073.27954       84.0000000              51  -2136.83008    
  -2094.52051       77.0000000              51  -2136.83008    
  -2115.73193       90.0000000              51  -2136.83008    
  -2136.97900       96.0000000              50  -2212.34619    
  -2158.21826       80.0000000              50  -2212.34619    
  -2179.43823       71.0000000              50  -2212.34619    
  -2200.68335       77.0000000              50  -2212.34619    
  -2221.89844       71.0000000              49  -2287.89722    
  -2243.09424       85.0000000              49  -2287.89722    
  -2264.33716       74.0000000              49  -2287.89722    
  -2285.56128       74.0000000              49  -2287.89722    
  -2306.76587       77.0000000              48  -2363.48730    
  -2328.01807       57.0000000              48  -2363.48730    
  -2349.18457       60.0000000              48  -2363.48730    
  -2370.44238       73.0000000              47  -2439.11646    
  -2391.61499       64.0000000              47  -2439.11646    
  -2412.84570       70.0000000              47  -2439.11646    
  -2434.07935       75.0000000              47  -2439.11646    
  -2455.26074       46.0000000              46  -2514.78491    
  -2476.46729       50.0000000              46  -2514.78491    
  -2497.65479       62.0000000              46  -2514.78491    
  -2518.88916       51.0000000              45  -2590.49243    
  -2540.10474       60.0000000              45  -2590.49243    
  -2561.28979       50.0000000              45  -2590.49243    
  -2582.47778       50.0000000              45  -2590.49243    
  -2603.66895       56.0000000              44  -2666.23901    
  -2624.88525       58.0000000              44  -2666.23901    
  -2646.08228       70.0000000              44  -2666.23901    
  -2667.27124       53.0000000              43  -2742.02515    
  -2688.44116       59.0000000              43  -2742.02515    
  -2709.66919       48.0000000              43  -2742.02515    
  -2730.81152       66.0000000              43  -2742.02515    
  -2752.03491       50.0000000              42  -2817.85034    
  -2773.18311       49.0000000              42  -2817.85034    
  -2794.41187       61.0000000              42  -2817.85034    
  -2815.58838       54.0000000              42  -2817.85034    
  -2836.73462       51.0000000              41  -2893.71924    
  -2857.93921       40.0000000              41  -2893.71924    
  -2879.12451       44.0000000              41  -2893.71924    
  -2900.30151       40.0000000              40  -2969.62305    
  -2921.45972       49.0000000              40  -2969.62305    
  -2942.62061       51.0000000              40  -2969.62305    
  -2963.80664       37.0000000              40  -2969.62305    
  -2984.96265       45.0000000              39  -3045.56616    
  -3006.15454       48.0000000              39  -3045.56616    
  -3027.31616       50.0000000              39  -3045.56616    
  -3048.48096       59.0000000              38  -3121.54883    
  -3069.61523       44.0000000              38  -3121.54883    
  -3090.80811       35.0000000              38  -3121.54883    
  -3111.98145       36.0000000              38  -3121.54883    
  -3133.11353       44.0000000              37  -3197.57080    
  -3154.29272       38.0000000              37  -3197.57080    
  -3175.43091       30.0000000              37  -3197.57080    
  -3196.60474       31.0000000              37  -3197.57080    
  -3217.72632       36.0000000              36  -3273.63232    
  -3238.90625       32.0000000              36  -3273.63232    
  -3260.05640       31.0000000              36  -3273.63232    
  -3281.20874       25.0000000              35  -3349.73340    
  -3302.33130       35.0000000              35  -3349.73340    
  -3323.51196       38.0000000              35  -3349.73340    
  -3344.64038       36.0000000              35  -3349.73340    
  -3365.77124       33.0000000              34  -3425.87378    
  -3386.92773       27.0000000              34  -3425.87378    
  -3408.06445       30.0000000              34  -3425.87378    
  -3429.19336       29.0000000              33  -3502.05371    
  -3450.32520       24.0000000              33  -3502.05371    
  -3471.47070       29.0000000              33  -3502.05371    
  -3492.63062       25.0000000              33  -3502.05371    
  -3513.71558       35.0000000              32  -3578.27783    
  -3534.85913       38.0000000              32  -3578.27783    
  -3556.02783       24.0000000              32  -3578.27783    
  -3577.11035       33.0000000              32  -3578.27783    
  -3598.28516       26.0000000              31  -3654.53711    
  -3619.37354       29.0000000              31  -3654.53711    
  -3640.46484       28.0000000              31  -3654.53711    
  -3661.64844       30.0000000              30  -3730.83594    
  -3682.74561       29.0000000              30  -3730.83594    
  -3703.83472       26.0000000              30  -3730.83594    
  -3724.99341       29.0000000              30  -3730.83594    
  -3746.08838       25.0000000              29  -3807.17432    
  -3767.18604       23.0000000              29  -3807.17432    
  -3788.32031       30.0000000              29  -3807.17432    
  -3809.42407       19.0000000              28  -3883.55249    
  -3830.53052       26.0000000              28  -3883.55249    
  -3851.66235       21.0000000              28  -3883.55249    
  -3872.74146       23.0000000              28  -3883.55249    
  -3893.85669       21.0000000              27  -3959.97046    
  -3914.96387       18.0000000              27  -3959.97046    
  -3936.04053       15.0000000              27  -3959.97046    
  -3957.16479       16.0000000              27  -3959.97046    
  -3978.24707       19.0000000              26  -4036.42822    
  -3999.36621       22.0000000              26  -4036.42822    
  -4020.45435       20.0000000              26  -4036.42822    
  -4041.54541       17.0000000              25  -4112.92578    
  -4062.60596       13.0000000              25  -4112.92578    
  -4083.75879       22.0000000              25  -4112.92578    
  -4104.82520       11.0000000              25  -4112.92578    
  -4125.89453       21.0000000              24  -4189.46289    
  -4146.96680       13.0000000              24  -4189.46289    
  -4168.08691       13.0000000              24  -4189.46289    
  -4189.16504       14.0000000              24  -4189.46289    
  -4210.23535       23.0000000              23  -4266.04443    
  -4231.30811       18.0000000              23  -4266.04443    
  -4252.41699       21.0000000              23  -4266.04443    
  -4273.46191       18.0000000              22  -4342.66162    
  -4294.54395       11.0000000              22  -4342.66162    
  -4315.62842       14.0000000              22  -4342.66162    
  -4336.68213       12.0000000              22  -4342.66162    
  -4357.77246       8.00000000              21  -4419.31885    
  -4378.85449       15.0000000              21  -4419.31885    
  -4399.88330       14.0000000              21  -4419.31885    
  -4420.97119       9.00000000              20  -4496.01562    
  -4442.00586       14.0000000              20  -4496.01562    
  -4463.12207       9.00000000              20  -4496.01562    
  -4484.16260       6.00000000              20  -4496.01562    
  -4505.19482       10.0000000              19  -4572.75244    
  -4526.29785       15.0000000              19  -4572.75244    
  -4547.33545       11.0000000              19  -4572.75244    
  -4568.41016       12.0000000              19  -4572.75244    
  -4589.45410       6.00000000              18  -4649.52930    
  -4610.48975       6.00000000              18  -4649.52930    
  -4631.53906       17.0000000              18  -4649.52930    
  -4652.59180       5.00000000              17  -4726.34619    
  -4673.63623       11.0000000              17  -4726.34619    
  -4694.68359       7.00000000              17  -4726.34619    
  -4715.76758       5.00000000              17  -4726.34619    
  -4736.79785       8.00000000              16  -4803.20312    
  -4757.82031       3.00000000              16  -4803.20312    
  -4778.87891       7.00000000              16  -4803.20312    
  -4799.90723       9.00000000              16  -4803.20312    
  -4820.93799       3.00000000              15  -4880.12256    
  -4841.99463       6.00000000              15  -4880.12256    
  -4862.99756       4.00000000              15  -4880.12256    
  -4884.03711       8.00000000              14  -4957.05957    
  -4905.10254       5.00000000              14  -4957.05957    
  -4926.11426       5.00000000              14  -4957.05957    
  -4947.11768       4.00000000              14  -4957.05957    
  -4968.16895       4.00000000              13  -5034.04150    
  -4989.20020       4.00000000              13  -5034.04150    
  -5010.22412       0.00000000              13  -5034.04150    
  -5031.23877       3.00000000              13  -5034.04150    
  -5052.25684       7.00000000              12  -5111.05908    
  -5073.27783       5.00000000              12  -5111.05908    
  -5094.30127       5.00000000              12  -5111.05908    
  -5115.29443       4.00000000              11  -5188.11719    
  -5136.34619       5.00000000              11  -5188.11719    
  -5157.33350       2.00000000              11  -5188.11719    
  -5178.36865       4.00000000              11  -5188.11719    
  -5199.39600       2.00000000              10  -5265.21533    
  -5220.36914       3.00000000              10  -5265.21533    
  -5241.36816       0.00000000              10  -5265.21533    
  -5262.36963       0.00000000              10  -5265.21533    
  -5283.37451       1.00000000               9  -5342.35352    
  -5304.38232       0.00000000               9  -5342.35352    
  -5325.39258       0.00000000               9  -5342.35352    
  -5346.40625       1.00000000               8  -5419.53271    
  -5367.38867       0.00000000               8  -5419.53271    
  -5388.37402       0.00000000               8  -5419.53271    
  -5409.35059       0.00000000               8  -5419.53271    
  -5430.34131       0.00000000               7  -5496.75146    
  -5451.35840       0.00000000               7  -5496.75146    
  -5472.34375       0.00000000               7  -5496.75146    
  -5493.30957       0.00000000               7  -5496.75146    
  -5514.30127       0.00000000               6  -5574.01123    
  -5535.29541       0.00000000               6  -5574.01123    
  -5556.29248       0.00000000               6  -5574.01123    
  -5577.29248       0.00000000               5  -5651.31104    
  -5598.26172       0.00000000               5  -5651.31104    
  -5619.23291       0.00000000               5  -5651.31104    
  -5640.23096       0.00000000               5  -5651.31104    
  -5661.20801       0.00000000               4  -5728.65576    
  -5682.17773       0.00000000               4  -5728.65576    
  -5703.16064       0.00000000               4  -5728.65576    
  -5724.13574       0.00000000               4  -5728.65576    
  -5745.05762       0.00000000               3  -5806.03662    
  -5766.03809       0.00000000               3  -5806.03662    
  -5787.02148       0.00000000               3  -5806.03662    
  -5807.97412       0.00000000               2  -5883.45801    
  -5828.94141       0.00000000               2  -5883.45801    
  -5849.89941       0.00000000               2  -5883.45801    
  -5870.84912       0.00000000               2  -5883.45801    
  -5891.81348       0.00000000               1  -5960.91992    
  -5912.78027       0.00000000               1  -5960.91992    
  -5933.73877       0.00000000               1  -5960.91992    
  -5954.71191       0.00000000               1  -5960.91992    
