                                          active rest wavelength:       486.10

 dust geometry:
                                          maximum velocity (km/s)      2500.00
                                              dust velocity index         1.00
                                               dust density index         2.40
                                                Rmax dust (e15cm)        27.80
                                                Rmin dust (e15cm)         5.28
                                         dust R ratio (Rmax/Rmin)         0.19

 gas geometry:
                                          maximum velocity (km/s)      2500.00
                                               gas velocity index         1.00
                                                gas density index         2.40
                                                 Rmax gas (e15cm)        27.80
                                                 Rmin gas (e15cm)         5.28
                                                      gas r ratio         0.19
                                  minimum velocity at Rmin (km/s)       475.00

 properties of the dust:
                                          Cext at line wavelength     0.13E-09
                                          Csca at line wavelength     0.21E-10
                                        albedo at line wavelength         0.16
                forward scattering parameter g at line wavelength         0.07
                         average optical depth at line wavelength         1.35
                          average optical depth at V band (547nm)         1.09

 properties of the grid:
              volume of grid cell (and therefore clump) (e42cm^3)     0.14E+04
                                        grid cell width (x) in cm     0.11E+16
                                        grid cell width (y) in cm     0.11E+16
                                        grid cell width (z) in cm     0.11E+16
                   total analytical volume of supernova (e42cm^3)     0.89E+08
                     volume of total grid cells inside sn (e42cm)     0.90E+08
                                      average dust number density     0.46E-06
               average optical depth of a cell at line wavelength         0.02
                average optical depth of a cell at V band (547nm)         0.02
                                 dust grain number density at Rin     0.78E-05
                                dust grain number density at Rout     0.14E-06

 dust mass check (calculated as rho*v):
                                                         using -      0.20E-04
                                                      requested -     0.20E-04

 packet resolution:
                              total number of packets initialised       499998
                            number of active (propagated) packets       499998
                                       number of inactive packets            0
                       number of escaped packets in line of sight        62895
                            % of escaped packets in line of sight       100.00
                                       number of absorbed packets       437103
                                            % of absorbed packets        87.42
                                                absorbed weight %        87.42
