  -19867.1738       0.00000000    
  -19716.5371       0.00000000    
  -19565.9199       0.00000000    
  -19415.3008       0.00000000    
  -19264.7188       0.00000000    
  -19114.0840       0.00000000    
  -18963.4648       0.00000000    
  -18812.8125       0.00000000    
  -18662.2305       0.00000000    
  -18511.6289       0.00000000    
  -18360.9941       0.00000000    
  -18210.3750       0.00000000    
  -18059.7754       0.00000000    
  -17909.1387       0.00000000    
  -17758.5215       0.00000000    
  -17607.9043       0.00000000    
  -17457.2676       0.00000000    
  -17306.6504       0.00000000    
  -17156.0312       0.00000000    
  -17005.4316       2.41345991E-18
  -16854.8145       4.38946494E-18
  -16704.1953       2.53049339E-17
  -16553.5957       3.68385945E-17
  -16402.9961       2.20580730E-17
  -16252.3594       4.23896977E-17
  -16101.7412       5.98672101E-17
  -15951.0879       4.79876855E-17
  -15800.4873       3.26581461E-17
  -15649.8691       1.16762976E-16
  -15499.2334       7.69881613E-17
  -15348.6338       8.96598073E-17
  -15198.0156       9.30077976E-17
  -15047.4150       1.42098724E-16
  -14896.7979       1.65891588E-16
  -14746.1973       1.55914824E-16
  -14595.5439       1.10987548E-16
  -14444.9434       2.03134330E-16
  -14294.3076       2.06221910E-16
  -14143.7070       2.28024102E-16
  -13993.0898       1.41070505E-16
  -13842.4717       2.09559207E-16
  -13691.8359       1.85906063E-16
  -13541.2178       2.42185275E-16
  -13390.5996       2.37539326E-16
  -13239.9814       1.73711806E-16
  -13089.3818       2.00660835E-16
  -12938.7637       1.77177680E-16
  -12788.1465       2.43281309E-16
  -12637.4912       2.58977571E-16
  -12486.8916       2.71730525E-16
  -12336.3096       2.41913986E-16
  -12185.6738       2.37703332E-16
  -12035.0557       1.71658718E-16
  -11884.4551       2.76718094E-16
  -11733.8193       2.80558038E-16
  -11583.2012       2.34346435E-16
  -11432.6016       2.79659865E-16
  -11281.9473       3.06137374E-16
  -11131.3291       3.03319057E-16
  -10980.7119       2.61253284E-16
  -10830.1113       2.99159834E-16
  -10679.4932       3.60226172E-16
  -10528.8750       3.14819171E-16
  -10378.2578       2.10541964E-16
  -10227.6748       2.34526774E-16
  -10077.0391       3.09380769E-16
  -9926.40332       3.90364689E-16
  -9775.76758       3.39310043E-16
  -9625.16699       2.85302931E-16
  -9474.54980       3.05540401E-16
  -9323.91309       3.07369728E-16
  -9173.31348       2.80744015E-16
  -9022.69531       3.23522646E-16
  -8872.09570       3.13094426E-16
  -8721.45898       3.48071223E-16
  -8570.87695       3.55393849E-16
  -8420.22363       3.19772249E-16
  -8269.60547       4.11796105E-16
  -8118.98730       2.96044368E-16
  -7968.38721       2.53659713E-16
  -7817.76953       2.50270046E-16
  -7667.15137       3.11238974E-16
  -7516.51562       3.92136470E-16
  -7365.89746       2.98871340E-16
  -7215.27930       3.65176418E-16
  -7064.66162       3.08422643E-16
  -6914.06152       3.51636464E-16
  -6763.44336       3.51117021E-16
  -6612.82520       3.95374095E-16
  -6462.17139       3.20928634E-16
  -6311.57129       2.55927432E-16
  -6160.95361       3.04684183E-16
  -6010.35352       2.49347706E-16
  -5859.73535       2.81368728E-16
  -5709.13525       2.55952234E-16
  -5558.49951       3.23859739E-16
  -5407.88135       2.68690418E-16
  -5257.28125       2.67417778E-16
  -5106.62744       3.09011939E-16
  -4956.00928       2.87700220E-16
  -4805.37354       2.99678801E-16
  -4654.79150       2.68435991E-16
  -4504.17334       2.69563868E-16
  -4353.55518       2.73163123E-16
  -4202.93750       3.54004609E-16
  -4052.33716       2.38402346E-16
  -3901.71924       2.40180824E-16
  -3751.08325       2.56876638E-16
  -3600.44751       2.46445851E-16
  -3449.84741       2.34971042E-16
  -3299.22925       2.79825090E-16
  -3148.62915       2.24730335E-16
  -2997.99341       2.90355774E-16
  -2847.35742       2.78664363E-16
  -2696.73950       1.65263725E-16
  -2546.13940       2.49169088E-16
  -2395.53906       3.14212748E-16
  -2244.90332       2.57766393E-16
  -2094.28540       2.08077932E-16
  -1943.63159       1.84643812E-16
  -1793.06714       1.83848607E-16
  -1642.44922       2.03663924E-16
  -1491.83118       1.93523563E-16
  -1341.19531       1.56643735E-16
  -1190.63086       2.41958111E-16
  -1039.97717       1.95945839E-16
  -889.341309       2.37021736E-16
  -738.741150       2.07213270E-16
  -588.105286       2.42393619E-16
  -437.505188       2.33999151E-16
  -286.851440       1.77645705E-16
  -136.251312       1.48355160E-16
   14.3666954       1.58574097E-16
   165.002563       2.23786793E-16
   315.566956       1.44012780E-16
   466.167084       1.24100888E-16
   616.838684       1.58305508E-16
   767.438843       1.69087854E-16
   918.038940       1.13664516E-16
   1068.67480       1.59767884E-16
   1219.31067       1.49355573E-16
   1369.94653       1.29062397E-16
   1520.54675       1.24991755E-16
   1671.14685       1.21345053E-16
   1821.78271       1.09755068E-16
   1972.38281       1.42342828E-16
   2122.98291       9.77203184E-17
   2273.61890       9.06176957E-17
   2424.21899       1.32959318E-16
   2574.85474       9.96079048E-17
   2725.45508       9.29842528E-17
   2876.09082       1.29456942E-16
   3026.69092       1.22020787E-16
   3177.32690       5.50542266E-17
   3327.96265       8.39547624E-17
   3478.56274       8.07177665E-17
   3629.19873       7.61280655E-17
   3779.76318       3.99512850E-17
   3930.43481       5.95996469E-17
   4081.03491       7.89965691E-17
   4231.67090       6.33573101E-17
   4382.27100       8.41266307E-17
   4532.87109       7.28337029E-17
   4683.50684       3.73413747E-17
   4834.10693       9.03766221E-17
   4984.70703       8.20909525E-17
   5135.34277       3.23919825E-17
   5285.94287       5.83518747E-17
   5436.57910       1.05884340E-16
   5587.21484       5.50344239E-17
   5737.85059       3.15654967E-17
   5888.45068       4.36034595E-17
   6039.05078       3.79389829E-17
   6189.68701       4.12565496E-17
   6340.32275       4.53530987E-17
   6490.88721       5.25626428E-17
   6641.48730       5.46428895E-17
   6792.15869       3.76363705E-17
   6942.75879       2.41275118E-17
   7093.39502       2.88861264E-17
   7243.99512       2.06926046E-17
   7394.59521       3.32253339E-17
   7545.26660       2.86170445E-17
   7695.86670       2.72697576E-17
   7846.50293       4.50442526E-17
   7997.10303       1.95519325E-17
   8147.70312       3.25933315E-17
   8298.30273       3.63065188E-17
   8448.93848       1.67627820E-17
   8599.53906       9.95244026E-18
   8750.17480       4.01851323E-17
   8900.81055       9.34560402E-18
   9051.41113       3.83509023E-17
   9202.04688       1.82623943E-17
   9352.64648       5.26892254E-18
   9503.24707       3.08471036E-17
   9653.88281       8.84356577E-18
   9804.51855       2.61838005E-18
   9955.11914       5.27962915E-18
   10105.7549       1.06784923E-17
   10256.3535       8.85602063E-18
   10406.9912       1.70370950E-17
   10557.5908       2.40555918E-17
   10708.1914       3.43064598E-18
   10858.8271       3.87123935E-17
   11009.4268       2.02383815E-17
   11160.0273       2.21193853E-17
   11310.6992       1.64739124E-17
   11461.2988       1.45514520E-17
   11611.8994       2.56763298E-17
   11762.5352       9.08825490E-18
   11913.1709       4.61750995E-18
   12063.7715       0.00000000    
   12214.3711       8.31974703E-18
   12365.0068       5.87196947E-18
   12515.6426       0.00000000    
   12666.2432       9.52768860E-19
   12816.8076       0.00000000    
   12967.4785       8.79063449E-18
   13118.0791       0.00000000    
   13268.7148       0.00000000    
   13419.3154       0.00000000    
   13569.9150       1.19971579E-17
   13720.5508       8.91780275E-18
   13871.1865       6.80679481E-18
   14021.8232       1.76108605E-17
   14172.4229       0.00000000    
   14323.0234       1.01977795E-17
   14473.6230       9.01885362E-18
   14624.2588       2.11877951E-18
   14774.8945       8.84091218E-18
   14925.4951       5.36171566E-18
   15076.1309       8.87991540E-18
   15226.7314       0.00000000    
   15377.3672       0.00000000    
   15527.9668       1.72059110E-17
   15678.5674       0.00000000    
   15829.2031       2.78315857E-18
   15979.8389       0.00000000    
   16130.4395       0.00000000    
   16281.0752       0.00000000    
   16431.6758       0.00000000    
   16582.3105       1.72587176E-19
   16732.9102       0.00000000    
   16883.5469       0.00000000    
   17034.1465       8.53424324E-18
   17184.7480       2.99798482E-18
   17335.3477       0.00000000    
   17486.0195       8.73560940E-19
   17636.6191       0.00000000    
   17787.2188       0.00000000    
   17937.8555       0.00000000    
   18088.4902       0.00000000    
   18239.1270       7.28031684E-18
   18389.6914       0.00000000    
   18540.3262       8.69146628E-18
   18690.9629       0.00000000    
   18841.5625       2.60935551E-18
   18992.1641       0.00000000    
   19142.7988       0.00000000    
   19293.3984       5.20233450E-18
   19444.0352       1.76260112E-18
   19594.6348       2.92477251E-18
   19745.2344       0.00000000    
   19895.8711       0.00000000    
