                                          active rest wavelength:       656.30

 dust geometry:
                                          maximum velocity (km/s)      3000.00
                                              dust velocity index         1.00
                                               dust density index         1.60
                                                Rmax dust (e15cm)       105.81
                                                Rmin dust (e15cm)         8.46
                                         dust R ratio (Rmax/Rmin)         0.08

 gas geometry:
                                          maximum velocity (km/s)      3000.00
                                               gas velocity index         1.00
                                                gas density index         1.60
                                                 Rmax gas (e15cm)       105.81
                                                 Rmin gas (e15cm)         8.46
                                                      gas r ratio         0.08
                                  minimum velocity at Rmin (km/s)       240.00

 properties of the dust:
                                          Cext at line wavelength     0.40E-12
                                          Csca at line wavelength     0.43E-15
                                        albedo at line wavelength         0.00
                forward scattering parameter g at line wavelength         0.00
                         average optical depth at line wavelength         0.61
                          average optical depth at V band (547nm)         0.87

 properties of the grid:
              volume of grid cell (and therefore clump) (e42cm^3)     0.76E+05
                                        grid cell width (x) in cm     0.42E+16
                                        grid cell width (y) in cm     0.42E+16
                                        grid cell width (z) in cm     0.42E+16
                   total analytical volume of supernova (e42cm^3)     0.50E+10
                     volume of total grid cells inside sn (e42cm)     0.50E+10
                                      average dust number density     0.15E-04
               average optical depth of a cell at line wavelength         0.01
                average optical depth of a cell at V band (547nm)         0.01
                                 dust grain number density at Rin     0.42E-03
                                dust grain number density at Rout     0.75E-05

 dust mass check (calculated as rho*v):
                                                         using -      0.30E-03
                                                      requested -     0.30E-03

 packet resolution:
                              total number of packets initialised       100000
                            number of active (propagated) packets       100000
                                       number of inactive packets            0
                       number of escaped packets in line of sight        33703
                            % of escaped packets in line of sight       100.00
                                       number of absorbed packets        66297
                                            % of absorbed packets        66.30
                                                absorbed weight %        66.30
