  -19867.1738       0.00000000    
  -19716.5371       0.00000000    
  -19565.9199       0.00000000    
  -19415.3008       0.00000000    
  -19264.7188       0.00000000    
  -19114.0840       0.00000000    
  -18963.4648       0.00000000    
  -18812.8125       0.00000000    
  -18662.2305       0.00000000    
  -18511.6289       0.00000000    
  -18360.9941       0.00000000    
  -18210.3750       0.00000000    
  -18059.7754       0.00000000    
  -17909.1387       0.00000000    
  -17758.5215       0.00000000    
  -17607.9043       0.00000000    
  -17457.2676       0.00000000    
  -17306.6504       0.00000000    
  -17156.0312       0.00000000    
  -17005.4316       0.00000000    
  -16854.8145       0.00000000    
  -16704.1953       0.00000000    
  -16553.5957       2.77822257E-18
  -16402.9961       0.00000000    
  -16252.3594       7.98467602E-18
  -16101.7412       0.00000000    
  -15951.0879       0.00000000    
  -15800.4873       2.35864249E-17
  -15649.8691       4.29605805E-18
  -15499.2334       3.87263166E-17
  -15348.6338       2.89793000E-17
  -15198.0156       2.89968164E-17
  -15047.4150       6.95981032E-17
  -14896.7979       2.64985936E-17
  -14746.1973       4.87349869E-17
  -14595.5439       3.53042274E-17
  -14444.9434       5.30087347E-17
  -14294.3076       3.53702132E-17
  -14143.7070       4.50259090E-17
  -13993.0898       2.76658116E-17
  -13842.4717       7.57686853E-17
  -13691.8359       7.17064079E-17
  -13541.2178       9.71028843E-17
  -13390.5996       1.74681500E-16
  -13239.9814       6.55563201E-17
  -13089.3818       7.94957759E-17
  -12938.7637       2.78617260E-17
  -12788.1465       6.73252822E-17
  -12637.4912       3.41259317E-17
  -12486.8916       9.72631853E-17
  -12336.3096       1.90147250E-16
  -12185.6738       1.15044849E-16
  -12035.0557       6.85028301E-17
  -11884.4551       7.24734492E-17
  -11733.8193       2.87009471E-17
  -11583.2012       8.32893188E-17
  -11432.6016       6.00758780E-17
  -11281.9473       9.63740919E-17
  -11131.3291       9.19006859E-17
  -10980.7119       8.70818294E-17
  -10830.1113       6.20088601E-17
  -10679.4932       1.32492973E-16
  -10528.8750       1.28855827E-16
  -10378.2578       5.43463380E-16
  -10227.6748       1.07120736E-16
  -10077.0391       1.29035676E-16
  -9926.40332       2.78183725E-16
  -9775.76758       1.51162122E-16
  -9625.16699       2.42032915E-16
  -9474.54980       2.35782923E-16
  -9323.91309       2.64985946E-16
  -9173.31348       2.01163509E-16
  -9022.69531       2.90366230E-16
  -8872.09570       2.74020744E-16
  -8721.45898       1.49538783E-16
  -8570.87695       1.44903594E-16
  -8420.22363       1.61610710E-16
  -8269.60547       1.33640134E-16
  -8118.98730       2.13201859E-16
  -7968.38721       1.91353412E-16
  -7817.76953       2.30496644E-16
  -7667.15137       1.13667308E-16
  -7516.51562       3.31687938E-16
  -7365.89746       3.23927687E-16
  -7215.27930       3.16233107E-16
  -7064.66162       2.27455293E-16
  -6914.06152       2.57431127E-16
  -6763.44336       2.76589953E-16
  -6612.82520       2.11988749E-16
  -6462.17139       2.80986187E-16
  -6311.57129       2.44985698E-16
  -6160.95361       2.11988749E-16
  -6010.35352       2.73929502E-16
  -5859.73535       3.03606149E-16
  -5709.13525       2.84225029E-16
  -5558.49951       2.73234379E-16
  -5407.88135       5.43823581E-16
  -5257.28125       2.51124464E-16
  -5106.62744       3.70980314E-16
  -4956.00928       3.48877916E-16
  -4805.37354       3.86905142E-16
  -4654.79150       4.07651308E-16
  -4504.17334       4.12196567E-16
  -4353.55518       3.89786510E-16
  -4202.93750       2.55766072E-16
  -4052.33716       3.12296389E-16
  -3901.71924       2.88472979E-16
  -3751.08325       3.96443845E-16
  -3600.44751       3.63549559E-16
  -3449.84741       3.89805065E-16
  -3299.22925       4.04289620E-16
  -3148.62915       4.35820501E-16
  -2997.99341       3.01289434E-16
  -2847.35742       4.65336290E-16
  -2696.73950       4.66023657E-16
  -2546.13940       6.01804521E-16
  -2395.53906       2.94617726E-16
  -2244.90332       5.24780110E-16
  -2094.28540       5.65921929E-16
  -1943.63159       4.95102298E-16
  -1793.06714       3.98140108E-16
  -1642.44922       6.06221533E-16
  -1491.83118       5.03831344E-16
  -1341.19531       5.60284607E-16
  -1190.63086       5.23909836E-16
  -1039.97717       4.72002281E-16
  -889.341309       7.10375140E-16
  -738.741150       5.47969119E-16
  -588.105286       7.09004164E-16
  -437.505188       7.69232283E-16
  -286.851440       8.02194888E-16
  -136.251312       7.40788864E-16
   14.3666954       7.83048767E-16
   165.002563       5.22654957E-16
   315.566956       4.67641120E-16
   466.167084       6.25088769E-16
   616.838684       6.16467773E-16
   767.438843       7.64068241E-16
   918.038940       5.56675135E-16
   1068.67480       3.80520711E-16
   1219.31067       3.43562784E-16
   1369.94653       5.81599450E-16
   1520.54675       6.67471068E-16
   1671.14685       4.68939462E-16
   1821.78271       5.12282985E-16
   1972.38281       5.44465102E-16
   2122.98291       5.56470471E-16
   2273.61890       4.61017110E-16
   2424.21899       5.27294792E-16
   2574.85474       5.74619634E-16
   2725.45508       3.00579303E-16
   2876.09082       2.73240070E-16
   3026.69092       3.72791191E-16
   3177.32690       5.42748961E-16
   3327.96265       4.26607032E-16
   3478.56274       4.76974682E-16
   3629.19873       3.70980314E-16
   3779.76318       1.77897221E-16
   3930.43481       2.85633327E-16
   4081.03491       3.31248778E-16
   4231.67090       4.67778710E-16
   4382.27100       2.81559813E-16
   4532.87109       5.25928316E-16
   4683.50684       3.95842875E-16
   4834.10693       4.31952869E-16
   4984.70703       3.96754785E-16
   5135.34277       2.50297945E-16
   5285.94287       4.08622140E-16
   5436.57910       1.77970066E-16
   5587.21484       4.44481492E-16
   5737.85059       2.13312158E-16
   5888.45068       3.61670548E-16
   6039.05078       2.38487341E-16
   6189.68701       2.67277514E-16
   6340.32275       3.83730621E-16
   6490.88721       3.59851889E-16
   6641.48730       2.47340000E-16
   6792.15869       2.10558388E-16
   6942.75879       2.35740254E-16
   7093.39502       3.07743190E-16
   7243.99512       2.38487341E-16
   7394.59521       2.02752066E-16
   7545.26660       2.33008785E-16
   7695.86670       1.98429948E-16
   7846.50293       2.82915489E-16
   7997.10303       1.67882830E-16
   8147.70312       3.28168754E-16
   8298.30273       1.53557121E-16
   8448.93848       2.72597861E-16
   8599.53906       1.58991552E-16
   8750.17480       1.73231287E-16
   8900.81055       2.24841878E-16
   9051.41113       1.80835486E-16
   9202.04688       2.07284010E-16
   9352.64648       2.10546980E-16
   9503.24707       1.17293033E-16
   9653.88281       9.70884252E-17
   9804.51855       1.56425492E-16
   9955.11914       1.81628904E-16
   10105.7549       1.04701068E-16
   10256.3535       1.95088681E-16
   10406.9912       1.73460913E-16
   10557.5908       7.12608223E-17
   10708.1914       1.74115576E-16
   10858.8271       9.81475208E-17
   11009.4268       1.39902142E-16
   11160.0273       1.41367933E-16
   11310.6992       1.13582473E-16
   11461.2988       8.76168962E-17
   11611.8994       1.05994374E-16
   11762.5352       1.52926121E-16
   11913.1709       1.59002921E-16
   12063.7715       1.41097570E-16
   12214.3711       3.04861782E-17
   12365.0068       8.81751306E-17
   12515.6426       8.99081666E-17
   12666.2432       3.00451295E-16
   12816.8076       9.81578109E-17
   12967.4785       6.72995999E-17
   13118.0791       4.63087636E-17
   13268.7148       5.19320003E-17
   13419.3154       7.94957759E-17
   13569.9150       8.63637572E-17
   13720.5508       1.07924452E-16
   13871.1865       7.94957759E-17
   14021.8232       2.79119558E-17
   14172.4229       7.50103261E-17
   14323.0234       0.00000000    
   14473.6230       4.11754958E-17
   14624.2588       2.64985936E-17
   14774.8945       3.17713687E-17
   14925.4951       1.63568481E-17
   15076.1309       4.49985525E-17
   15226.7314       2.74312182E-17
   15377.3672       8.95040442E-18
   15527.9668       1.75373358E-17
   15678.5674       3.61475911E-19
   15829.2031       2.64985936E-17
   15979.8389       6.24967312E-17
   16130.4395       7.05923276E-19
   16281.0752       1.83625543E-17
   16431.6758       0.00000000    
   16582.3105       2.59732016E-17
   16732.9102       0.00000000    
   16883.5469       0.00000000    
   17034.1465       0.00000000    
   17184.7480       0.00000000    
   17335.3477       0.00000000    
   17486.0195       0.00000000    
   17636.6191       0.00000000    
   17787.2188       0.00000000    
   17937.8555       0.00000000    
   18088.4902       0.00000000    
   18239.1270       0.00000000    
   18389.6914       0.00000000    
   18540.3262       0.00000000    
   18690.9629       0.00000000    
   18841.5625       0.00000000    
   18992.1641       0.00000000    
   19142.7988       0.00000000    
   19293.3984       0.00000000    
   19444.0352       0.00000000    
   19594.6348       0.00000000    
   19745.2344       0.00000000    
   19895.8711       0.00000000    
