                                          active rest wavelength:       656.30

 dust geometry:
                                          maximum velocity (km/s)      3750.00
                                              dust velocity index         1.00
                                               dust density index         2.80
                                                Rmax dust (e15cm)        29.65
                                                Rmin dust (e15cm)         5.93
                                         dust R ratio (Rmax/Rmin)         0.20

 gas geometry:
                                          maximum velocity (km/s)      3750.00
                                               gas velocity index         1.00
                                                gas density index         2.80
                                                 Rmax gas (e15cm)        29.65
                                                 Rmin gas (e15cm)         5.93
                                                      gas r ratio         0.20
                                  minimum velocity at Rmin (km/s)       750.00

 properties of the dust:
                                          Cext at line wavelength     0.40E-12
                                          Csca at line wavelength     0.43E-15
                                        albedo at line wavelength         0.00
                forward scattering parameter g at line wavelength         0.00
                         average optical depth at line wavelength         1.11
                          average optical depth at V band (547nm)         1.60

 properties of the grid:
              volume of grid cell (and therefore clump) (e42cm^3)     0.17E+04
                                        grid cell width (x) in cm     0.12E+16
                                        grid cell width (y) in cm     0.12E+16
                                        grid cell width (z) in cm     0.12E+16
                   total analytical volume of supernova (e42cm^3)     0.11E+09
                     volume of total grid cells inside sn (e42cm)     0.11E+09
                                      average dust number density     0.12E-03
               average optical depth of a cell at line wavelength         0.02
                average optical depth of a cell at V band (547nm)         0.02
                                 dust grain number density at Rin     0.26E-02
                                dust grain number density at Rout     0.28E-04

 dust mass check (calculated as rho*v):
                                                         using -      0.50E-04
                                                      requested -     0.50E-04

 packet resolution:
                              total number of packets initialised       999998
                            number of active (propagated) packets       999998
                                       number of inactive packets            0
                       number of escaped packets in line of sight        99365
                            % of escaped packets in line of sight       100.00
                                       number of absorbed packets       900633
                                            % of absorbed packets        90.06
                                                absorbed weight %        90.06
