                                          active rest wavelength:       656.30

 dust geometry:
                                          maximum velocity (km/s)     15000.00
                                              dust velocity index         1.00
                                               dust density index         0.80
                                                Rmax dust (e15cm)        11.66
                                                Rmin dust (e15cm)         0.47
                                         dust R ratio (Rmax/Rmin)         0.04

 gas geometry:
                                          maximum velocity (km/s)     15000.00
                                               gas velocity index         1.00
                                                gas density index         0.80
                                                 Rmax gas (e15cm)        11.66
                                                 Rmin gas (e15cm)         0.47
                                                      gas r ratio         0.04
                                  minimum velocity at Rmin (km/s)       600.00

 properties of the dust:
                                          Cext at line wavelength     0.40E-12
                                          Csca at line wavelength     0.43E-15
                                        albedo at line wavelength         0.00
                forward scattering parameter g at line wavelength         0.00
                         average optical depth at line wavelength         0.26
                          average optical depth at V band (547nm)         0.37

 properties of the grid:
              volume of grid cell (and therefore clump) (e42cm^3)     0.10E+03
                                        grid cell width (x) in cm     0.47E+15
                                        grid cell width (y) in cm     0.47E+15
                                        grid cell width (z) in cm     0.47E+15
                   total analytical volume of supernova (e42cm^3)     0.66E+07
                     volume of total grid cells inside sn (e42cm)     0.67E+07
                                      average dust number density     0.58E-04
               average optical depth of a cell at line wavelength         0.00
                average optical depth of a cell at V band (547nm)         0.00
                                 dust grain number density at Rin     0.56E-03
                                dust grain number density at Rout     0.43E-04

 dust mass check (calculated as rho*v):
                                                         using -      0.15E-05
                                                      requested -     0.15E-05

 packet resolution:
                              total number of packets initialised       500003
                            number of active (propagated) packets       500003
                                       number of inactive packets            0
                       number of escaped packets in line of sight       391287
                            % of escaped packets in line of sight       100.00
                                       number of absorbed packets       108716
                                            % of absorbed packets        21.74
                                                absorbed weight %        21.74
