   678.083313       9792.16602       0.00000000    
   678.036682       9771.56250       0.00000000    
   677.990051       9750.94629       0.00000000    
   677.943542       9730.38672       0.00000000    
   677.896912       9709.77539       0.00000000    
   677.850342       9689.19141       0.00000000    
   677.803772       9668.60352       0.00000000    
   677.757141       9647.98242       0.00000000    
   677.710693       9627.43945       0.00000000    
   677.664062       9606.82324       0.00000000    
   677.617554       9586.25488       0.00000000    
   677.571045       9565.68262       0.00000000    
   677.524475       9545.07812       0.00000000    
   677.477905       9524.48047       0.00000000    
   677.431396       9503.91113       0.00000000    
   677.384888       9483.32715       0.00000000    
   677.338379       9462.75098       0.00000000    
   677.291870       9442.17285       0.00000000    
   677.245422       9421.62207       0.00000000    
   677.198914       9401.03711       0.00000000    
   677.152405       9380.45020       0.00000000    
   677.105957       9359.89062       0.00000000    
   677.059448       9339.30664       0.00000000    
   677.013000       9318.74121       0.00000000    
   676.966492       9298.15234       0.00000000    
   676.920105       9277.62207       0.00000000    
   676.873657       9257.04785       0.00000000    
   676.827271       9236.51074       0.00000000    
   676.780762       9215.91113       0.00000000    
   676.734375       9195.36816       0.00000000    
   676.687927       9174.80273       0.00000000    
   676.641479       9154.22363       0.00000000    
   676.595154       9133.70410       0.00000000    
   676.548767       9113.15137       0.00000000    
   676.502319       9092.57324       0.00000000    
   676.455933       9072.02344       0.00000000    
   676.409546       9051.47168       0.00000000    
   676.363159       9030.91602       0.00000000    
   676.316833       9010.38965       0.00000000    
   676.270508       8989.85938       0.00000000    
   676.224121       8969.29492       0.00000000    
   676.177734       8948.73926       0.00000000    
   676.131348       8928.16992       0.00000000    
   676.085083       8907.65723       0.00000000    
   676.038757       8887.12305       0.00000000    
   675.992371       8866.55469       0.00000000    
   675.946106       8846.03516       0.00000000    
   675.899780       8825.49219       0.00000000    
   675.853516       8804.97754       0.00000000    
   675.807190       8784.42773       0.00000000    
   675.760864       8763.88574       0.00000000    
   675.714600       8743.36230       0.00000000    
   675.668335       8722.83594       0.00000000    
   675.622070       8702.31641       0.00000000    
   675.575745       8681.76367       0.00000000    
   675.529541       8661.25781       0.00000000    
   675.483276       8640.72949       0.00000000    
   675.437012       8620.19824       0.00000000    
   675.390747       8599.66406       0.00000000    
   675.344543       8579.15820       0.00000000    
   675.298279       8558.61816       0.00000000    
   675.252075       8538.11719       0.00000000    
   675.205933       8517.63281       0.00000000    
   675.159668       8497.08496       0.00000000    
   675.113464       8476.57422       0.00000000    
   675.067322       8456.08203       0.00000000    
   675.021057       8435.54590       0.00000000    
   674.974915       8415.04688       0.00000000    
   674.928650       8394.50488       0.00000000    
   674.882568       8374.03223       0.00000000    
   674.836365       8353.51367       0.00000000    
   674.790161       8332.98340       0.00000000    
   674.744080       8312.51172       0.00000000    
   674.697937       8292.01660       0.00000000    
   674.651733       8271.48828       0.00000000    
   674.605652       8251.00781       0.00000000    
   674.559509       8230.50391       0.00000000    
   674.513367       8209.99707       0.00000000    
   674.467285       8189.51855       0.00000000    
   674.421143       8169.00684       0.00000000    
   674.375122       8148.55322       0.00000000    
   674.328979       8128.03467       0.00000000    
   674.282837       8107.52441       0.00000000    
   674.236755       8087.03125       0.00000000    
   674.190735       8066.57666       0.00000000    
   674.144592       8046.05762       0.00000000    
   674.098572       8025.58691       0.00000000    
   674.052490       8005.09277       0.00000000    
   674.006531       7984.65723       0.00000000    
   673.960388       7964.12695       0.00000000    
   673.914368       7943.65430       0.00000000    
   673.868347       7923.18994       0.00000000    
   673.822266       7902.68164       0.00000000    
   673.776306       7882.23193       0.00000000    
   673.730286       7861.75879       0.00000000    
   673.684326       7841.30420       0.00000000    
   673.638306       7820.82520       0.00000000    
   673.592224       7800.32275       0.00000000    
   673.546326       7779.88965       0.00000000    
   673.500305       7759.40234       0.00000000    
   673.454346       7738.94336       0.00000000    
   673.408325       7718.45996       0.00000000    
   673.362427       7698.02686       0.00000000    
   673.316406       7677.52783       0.00000000    
   673.270508       7657.09814       0.00000000    
   673.224487       7636.60449       0.00000000    
   673.178650       7616.18994       0.00000000    
   673.132629       7595.68945       0.00000000    
   673.086731       7575.24902       0.00000000    
   673.040833       7554.80518       0.00000000    
   672.994873       7534.32764       0.00000000    
   672.948975       7513.87793       0.00000000    
   672.903076       7493.43604       0.00000000    
   672.857178       7472.98047       0.00000000    
   672.811279       7452.53320       0.00000000    
   672.765442       7432.10400       0.00000000    
   672.719543       7411.65039       0.00000000    
   672.673706       7391.21436       0.00000000    
   672.627808       7370.75537       0.00000000    
   672.581970       7350.32471       0.00000000    
   672.536133       7329.89111       0.00000000    
   672.490234       7309.43408       0.00000000    
   672.444397       7288.99463       0.00000000    
   672.398621       7268.58252       0.00000000    
   672.352783       7248.13818       0.00000000    
   672.306885       7227.67969       0.00000000    
   672.261169       7207.29150       0.00000000    
   672.215271       7186.81641       0.00000000    
   672.169556       7166.42236       0.00000000    
   672.123657       7145.95312       0.00000000    
   672.077942       7125.55273       0.00000000    
   672.032227       7105.15967       0.00000000    
   671.986328       7084.68115       0.00000000    
   671.940613       7064.28369       0.00000000    
   671.894836       7043.85059       0.00000000    
   671.849060       7023.42627       0.00000000    
   671.803284       7002.99902       0.00000000    
   671.757568       6982.58936       0.00000000    
   671.711853       6962.18750       0.00000000    
   671.666077       6941.75146       0.00000000    
   671.620422       6921.37500       0.00000000    
   671.574707       6900.96436       0.00000000    
   671.528931       6880.51953       0.00000000    
   671.483215       6860.11377       0.00000000    
   671.437561       6839.72559       0.00000000    
   671.391846       6819.30420       0.00000000    
   671.346130       6798.88965       0.00000000    
   671.300476       6778.50391       0.00000000    
   671.254761       6758.08350       0.00000000    
   671.209167       6737.71240       0.00000000    
   671.163452       6717.28662       0.00000000    
   671.117798       6696.88965       0.00000000    
   671.072205       6676.52002       0.00000000    
   671.026489       6656.09619       0.00000000    
   670.980896       6635.72168       0.00000000    
   670.935181       6615.29150       0.00000000    
   670.889587       6594.91162       0.00000000    
   670.843994       6574.52832       0.00000000    
   670.798401       6554.15332       0.00000000    
   670.752747       6533.74316       0.00000000    
   670.707153       6513.36230       0.00000000    
   670.661560       6492.97754       0.00000000    
   670.615967       6472.59082       0.00000000    
   670.570374       6452.20117       0.00000000    
   670.524841       6431.83984       0.00000000    
   670.479187       6411.42383       0.00000000    
   670.433655       6391.05664       0.00000000    
   670.388123       6370.69678       0.00000000    
   670.342590       6350.32471       0.00000000    
   670.296997       6329.92822       0.00000000    
   670.251465       6309.56006       0.00000000    
   670.205933       6289.18945       0.00000000    
   670.160400       6268.81641       0.00000000    
   670.114929       6248.47070       0.00000000    
   670.069336       6228.06055       0.00000000    
   670.023865       6207.70996       0.00000000    
   669.978333       6187.33594       0.00000000    
   669.932861       6166.97852       0.00000000    
   669.887390       6146.63037       0.00000000    
   669.841919       6126.26855       0.00000000    
   669.796387       6105.88232       0.00000000    
   669.750916       6085.52539       0.00000000    
   669.705444       6065.16553       0.00000000    
   669.660034       6044.83447       0.00000000    
   669.614563       6024.46826       0.00000000    
   669.569092       6004.10986       0.00000000    
   669.523621       5983.73926       0.00000000    
   669.478210       5963.39648       0.00000000    
   669.432800       5943.06104       0.00000000    
   669.387451       5922.74414       0.00000000    
   669.341919       5902.34131       0.00000000    
   669.296509       5881.99707       0.00000000    
   669.251099       5861.65039       0.00000000    
   669.205750       5841.33301       0.00000000    
   669.160400       5821.01221       0.00000000    
   669.114929       5800.62598       0.00000000    
   669.069580       5780.30029       0.00000000    
   669.024170       5759.95068       0.00000000    
   668.978821       5739.61816       0.00000000    
   668.933472       5719.29443       0.00000000    
   668.888123       5698.95703       0.00000000    
   668.842712       5678.59570       0.00000000    
   668.797363       5658.26270       0.00000000    
   668.752075       5637.95898       0.00000000    
   668.706726       5617.62109       0.00000000    
   668.661438       5597.31104       0.00000000    
   668.616089       5576.96729       0.00000000    
   668.570862       5556.68359       0.00000000    
   668.525513       5536.34473       0.00000000    
   668.480164       5515.99268       0.00000000    
   668.434875       5495.67871       0.00000000    
   668.389587       5475.35254       0.00000000    
   668.344299       5455.03418       0.00000000    
   668.299072       5434.74316       0.00000000    
   668.253845       5414.43994       0.00000000    
   668.208496       5394.09229       0.00000000    
   668.163269       5373.79395       0.00000000    
   668.118042       5353.49268       0.00000000    
   668.072815       5333.18799       0.00000000    
   668.027466       5312.82910       0.00000000    
   667.982300       5292.55127       0.00000000    
   667.937073       5272.24902       0.00000000    
   667.891846       5251.94385       0.00000000    
   667.846619       5231.62598       0.00000000    
   667.801392       5211.31592       0.00000000    
   667.756226       5191.03418       0.00000000    
   667.711060       5170.74951       0.00000000    
   667.665833       5150.43066       0.00000000    
   667.620728       5130.17285       0.00000000    
   667.575500       5109.85889       0.00000000    
   667.530273       5089.53174       0.00000000    
   667.485168       5069.26465       0.00000000    
   667.439941       5048.94238       0.00000000    
   667.394836       5028.68066       0.00000000    
   667.349731       5008.40576       0.00000000    
   667.304565       4988.10693       0.00000000    
   667.259399       4967.80469       0.00000000    
   667.214294       4947.53125       1.37333330E-02
   667.169189       4927.25586       2.74666660E-02
   667.124084       4906.97705       1.37333330E-02
   667.078918       4886.67432       1.37333330E-02
   667.033875       4866.42188       2.74666660E-02
   666.988770       4846.14551       4.11999971E-02
   666.943665       4825.85596       2.74666660E-02
   666.898560       4805.57373       4.11999971E-02
   666.853455       4785.28857       4.11999971E-02
   666.808411       4765.03320       5.49333319E-02
   666.763367       4744.76367       0.00000000    
   666.718262       4724.48096       4.11999971E-02
   666.673279       4704.23779       5.49333319E-02
   666.628174       4683.94971       4.11999971E-02
   666.583069       4663.65869       0.00000000    
   666.538086       4643.41748       4.11999971E-02
   666.493042       4623.14258       8.23999941E-02
   666.447998       4602.87451       5.49333319E-02
   666.403015       4582.62549       6.86666667E-02
   666.357971       4562.35205       9.61333290E-02
   666.312927       4542.07568       5.49333319E-02
   666.267944       4521.82910       4.11999971E-02
   666.223022       4501.61035       2.74666660E-02
   666.178040       4481.35791       8.23999941E-02
   666.132996       4461.07080      0.137333333    
   666.088074       4440.84424      0.164799988    
   666.043091       4420.59375      0.137333333    
   665.998108       4400.33008      0.137333333    
   665.953125       4380.07373      0.151066661    
   665.908142       4359.81494      0.109866664    
   665.863220       4339.57471      0.151066661    
   665.818298       4319.34229       9.61333290E-02
   665.773376       4299.10645       9.61333290E-02
   665.728455       4278.86865      0.137333333    
   665.683533       4258.62793      0.123599999    
   665.638550       4238.36279      0.178533331    
   665.593689       4218.14844      0.151066661    
   665.548767       4197.89844      0.164799988    
   665.503845       4177.65723      0.151066661    
   665.459045       4157.46631      0.274666667    
   665.414185       4137.24023      0.109866664    
   665.369202       4116.96973      0.192266658    
   665.324341       4096.73828      0.178533331    
   665.279480       4076.51440      0.247199997    
   665.234619       4056.28833       9.61333290E-02
   665.189758       4036.05908      0.123599999    
   665.144958       4015.85913      0.109866664    
   665.100098       3995.62476      0.192266658    
   665.055237       3975.39819      0.260933340    
   665.010376       3955.16846      0.288399994    
   664.965576       3934.95752      0.233466655    
   664.920776       3914.74365      0.206000000    
   664.875977       3894.53760      0.233466655    
   664.831116       3874.29712      0.219733328    
   664.786377       3854.11743      0.288399994    
   664.741516       3833.87109      0.315866649    
   664.696838       3813.70728      0.329599977    
   664.651978       3793.46631      0.123599999    
   664.607239       3773.27539      0.260933340    
   664.562378       3753.02881      0.412000000    
   664.517639       3732.83276      0.233466655    
   664.472961       3712.66553      0.192266658    
   664.428162       3692.44263      0.329599977    
   664.383423       3672.24902      0.288399994    
   664.338684       3652.04175      0.206000000    
   664.293945       3631.84204      0.315866649    
   664.249207       3611.64014      0.370799989    
   664.204468       3591.43530      0.329599977    
   664.159729       3571.23804      0.247199997    
   664.115051       3551.05981      0.288399994    
   664.070312       3530.84644      0.384533316    
   664.025696       3510.69458      0.302133322    
   663.980957       3490.48657      0.329599977    
   663.936279       3470.29712      0.302133322    
   663.891602       3450.11548      0.302133322    
   663.846924       3429.93091      0.453199983    
   663.802246       3409.74390      0.370799989    
   663.757629       3389.57495      0.425733328    
   663.712891       3369.36108      0.439466655    
   663.668274       3349.18726      0.398266643    
   663.623657       3329.02124      0.370799989    
   663.578979       3308.83105      0.329599977    
   663.534363       3288.65942      0.384533316    
   663.489746       3268.49512      0.453199983    
   663.445129       3248.31812      0.576799989    
   663.400513       3228.14893      0.549333334    
   663.355896       3207.96631      0.563066661    
   663.311279       3187.79175      0.370799989    
   663.266663       3167.61401      0.466933310    
   663.222107       3147.46582      0.425733328    
   663.177490       3127.28271      0.439466655    
   663.132935       3107.12915      0.453199983    
   663.088440       3087.00439      0.439466655    
   663.043823       3066.82422      0.549333334    
   662.999207       3046.63013      0.480666667    
   662.954712       3026.49756      0.466933310    
   662.910156       3006.34082      0.508133292    
   662.865601       2986.18115      0.604266644    
   662.821106       2966.04028      0.453199983    
   662.776489       2945.85400      0.576799989    
   662.732056       2925.73950      0.549333334    
   662.687439       2905.54761      0.494399995    
   662.642944       2885.39600      0.357066661    
   662.598511       2865.28394      0.535600007    
   662.553955       2845.11621      0.535600007    
   662.509521       2824.99878      0.453199983    
   662.465027       2804.84668      0.604266644    
   662.420471       2784.67065      0.631733298    
   662.376038       2764.54517      0.727866650    
   662.331543       2744.39551      0.686666667    
   662.287109       2724.27539      0.466933310    
   662.242615       2704.12012      0.617999971    
   662.198120       2683.96265      0.439466655    
   662.153748       2663.86597      0.617999971    
   662.109253       2643.70264      0.755333304    
   662.064880       2623.60083      0.576799989    
   662.020386       2603.44312      0.645466626    
   661.976013       2583.33569      0.700399995    
   661.931580       2563.19336      0.686666667    
   661.887207       2543.09155      0.672933340    
   661.842773       2522.94434      0.810266674    
   661.798401       2502.83667      0.714133322    
   661.753967       2482.69434      0.796533287    
   661.709595       2462.58154      0.892666638    
   661.665161       2442.43359      0.796533287    
   661.620789       2422.31543      0.865199983    
   661.576477       2402.22656      0.796533287    
   661.532104       2382.10278      0.700399995    
   661.487793       2362.00830      0.782799959    
   661.443359       2341.85767      0.878933311    
   661.399048       2321.75781      0.920133293    
   661.354675       2301.63379      0.947599947    
   661.310364       2281.53931      0.878933311    
   661.266052       2261.43140      0.920133293    
   661.221741       2241.33154      0.769066632    
   661.177368       2221.19678       1.08493328    
   661.133057       2201.09131      0.796533287    
   661.088806       2181.01538      0.714133322    
   661.044495       2160.90454      0.933866620    
   661.000122       2140.76953      0.892666638    
   660.955933       2120.71777       1.08493328    
   660.911682       2100.63110       1.00253332    
   660.867371       2080.52026      0.947599947    
   660.823120       2060.42798      0.961333334    
   660.778809       2040.31165       1.08490849    
   660.734619       2020.25696      0.933866620    
   660.690308       2000.13513       1.12613332    
   660.646118       1980.06433       1.07120001    
   660.601807       1959.94788      0.906399965    
   660.557617       1939.88245       1.18106663    
   660.513428       1919.81421       1.18106663    
   660.469177       1899.71106       1.13986659    
   660.424988       1879.63757       1.13986659    
   660.380737       1859.53992       1.16733325    
   660.336548       1839.46094       1.20853329    
   660.292297       1819.35767       1.04373336    
   660.248169       1799.31616       1.22226667    
   660.203979       1779.22913       1.18106663    
   660.159790       1759.15015       1.31839991    
   660.115601       1739.06848       1.18106663    
   660.071350       1718.96240       1.16733325    
   660.027283       1698.92896       1.37333333    
   659.983154       1678.87134       1.44199991    
   659.938965       1658.78967       1.41453326    
   659.894836       1638.72656       1.41453326    
   659.850708       1618.67175       1.70293331    
   659.806580       1598.60327       1.40079999    
   659.762451       1578.54297       1.35959995    
   659.718262       1558.44763       1.34586668    
   659.674194       1538.40344       1.22226667    
   659.630127       1518.36731       1.64800000    
   659.585938       1498.26392       1.45573330    
   659.541870       1478.22253       1.49693334    
   659.497803       1458.17834       1.46946669    
   659.453674       1438.10974       1.62053335    
   659.409668       1418.09265       1.60679996    
   659.365601       1398.04041       1.52440000    
   659.321472       1377.96387       1.53813326    
   659.277405       1357.90625       1.70293331    
   659.233398       1337.88904       1.63426661    
   659.189392       1317.85840       1.73039997    
   659.145264       1297.77124       1.56559992    
   659.101257       1277.74597       1.33213329    
   659.057251       1257.71802       1.57933331    
   659.013184       1237.65491       1.55186665    
   658.969177       1217.62170       1.45573330    
   658.925171       1197.58569       1.62053335    
   658.881104       1177.52539       1.68919992    
   658.837158       1157.51636       1.60679996    
   658.793152       1137.47229       1.29093325    
   658.749207       1117.46875       1.56559992    
   658.705139       1097.39771       1.42826664    
   658.661194       1077.37805       1.26346660    
   658.617249       1057.36633       1.42826664    
   658.573303       1037.34131       1.31839991    
   658.529297       1017.30280       1.42826664    
   658.485352       997.283203       1.34586668    
   658.441406       977.260864       1.51066661    
   658.397400       957.203369       1.66173327    
   658.353455       937.186523       1.79906666    
   658.309570       917.188599       1.73039997    
   658.265686       897.187988       1.70293331    
   658.221741       877.163086       1.40079999    
   658.177734       857.103027       1.56559992    
   658.133911       837.126892       1.35959995    
   658.090027       817.115601       1.63426661    
   658.046143       797.112488       1.41453326    
   658.002197       777.084961       1.59306657    
   657.958313       757.076416       1.42826664    
   657.914429       737.065247       1.38706660    
   657.870544       717.051392       1.66173327    
   657.826721       697.067383       1.51066661    
   657.782837       677.048157       1.77160001    
   657.738953       657.037048       1.34586668    
   657.695129       637.045044       1.24973333    
   657.651245       617.028625       1.49693334    
   657.607422       597.042053       1.73039997    
   657.563660       577.074585       1.35959995    
   657.519775       557.050110       1.40079999    
   657.475952       537.055542       1.52440000    
   657.432190       517.090881       1.44199991    
   657.388367       497.090942       1.78533328    
   657.344543       477.088379       1.38706660    
   657.300720       457.093933       1.88146663    
   657.256958       437.118591       1.26346660    
   657.213135       417.108032       1.38706660    
   657.169373       397.138153       1.48319995    
   657.125610       377.154785       1.60679996    
   657.081909       357.201324       1.30466664    
   657.038086       337.190918       1.63426661    
   656.994324       317.210388       1.60679996    
   656.950562       297.227234       1.35959995    
   656.906799       277.241394       1.89519989    
   656.863098       257.285492       1.27719998    
   656.819336       237.294327       1.29093325    
   656.775635       217.343979       1.44199991    
   656.731873       197.347488       1.41453326    
   656.688171       177.380951       1.33213329    
   656.644470       157.422592       1.51066661    
   656.600830       137.483353       1.59306657    
   656.557068       117.487083       1.42826664    
   656.513306       97.4881516       1.60679996    
   656.469727       77.5735550       1.35959995    
   656.426025       57.6019249       1.53813326    
   656.382324       37.6276398       1.75786662    
   656.338623       17.6506939       1.24973333    
   656.295044      -2.26361775       1.49693334    
   656.251343      -22.2458782       1.67546666    
   656.207642      -42.2199173       1.53813326    
   656.164062      -62.1421776       1.52440000    
   656.120422      -82.0997467       1.68919992    
   656.076782      -102.049088       1.52440000    
   656.033203      -121.979301       1.66173327    
   655.989563      -141.933929       1.46946669    
   655.945923      -161.891235       1.70293331    
   655.902344      -181.829376       1.31839991    
   655.858704      -201.791992       1.45573330    
   655.815063      -221.746323       1.34586668    
   655.771484      -241.681549       1.38706660    
   655.727905      -261.619415       1.62053335    
   655.684387      -281.527191       1.49693334    
   655.640747      -301.503052       1.53813326    
   655.597168      -321.437958       1.59306657    
   655.553650      -341.353699       1.73039997    
   655.510071      -361.304810       1.27719998    
   655.466553      -381.214905       1.66173327    
   655.422974      -401.160370       1.44199991    
   655.379395      -421.108490       1.33213329    
   655.335938      -441.004730       1.40079999    
   655.292358      -460.958130       1.51066661    
   655.248901      -480.848694       1.46946669    
   655.205322      -500.807404       1.59306657    
   655.161743      -520.757874       1.49693334    
   655.118286      -540.656372       1.60679996    
   655.074829      -560.557434       1.37333333    
   655.031250      -580.515869       1.74413323    
   654.987793      -600.422241       1.35959995    
   654.944336      -620.320374       1.30466664    
   654.900879      -640.231995       1.46946669    
   654.857361      -660.168213       1.52440000    
   654.813904      -680.074280       1.64800000    
   654.770447      -699.982910       1.78533328    
   654.726929      -719.927002       1.79906666    
   654.683472      -739.840881       1.48319995    
   654.640076      -759.724670       1.51066661    
   654.596619      -779.643921       1.68919992    
   654.553162      -799.554871       1.52440000    
   654.509827      -819.413635       1.29093325    
   654.466370      -839.340820       1.35959995    
   654.422974      -859.226746       1.59306657    
   654.379578      -879.126221       1.57933331    
   654.336121      -899.050354       1.53813326    
   654.292725      -918.944214       1.60679996    
   654.249329      -938.840698       1.34586668    
   654.205933      -958.739807       1.41453326    
   654.162537      -978.641602       1.35959995    
   654.119263      -998.491211       1.48319995    
   654.075867      -1018.38733       1.34586668    
   654.032471      -1038.29700       1.46946669    
   653.989136      -1058.17639       1.55186665    
   653.945740      -1078.08020       1.55186665    
   653.902405      -1097.96497       1.56559992    
   653.859070      -1117.84131       1.56559992    
   653.815674      -1137.75317       1.44199991    
   653.772400      -1157.61279       1.44199991    
   653.729126      -1177.46411       1.85399997    
   653.685791      -1197.35095       1.66173327    
   653.642456      -1217.24036       1.68919992    
   653.599182      -1237.09949       1.53813326    
   653.555847      -1256.99426       1.44199991    
   653.512573      -1276.85852       1.40079999    
   653.469238      -1296.75842       1.64800000    
   653.426025      -1316.59521       1.62053335    
   653.382690      -1336.48950       1.67546666    
   653.339355      -1356.38635       1.42826664    
   653.296204      -1376.19800       1.64800000    
   653.252991      -1396.04517       1.59306657    
   653.209656      -1415.94983       1.62053335    
   653.166443      -1435.79114       1.48319995    
   653.123169      -1455.66833       1.44199991    
   653.079956      -1475.51489       1.55186665    
   653.036743      -1495.36414       1.45573330    
   652.993469      -1515.24902       1.55186665    
   652.950256      -1535.10352       1.46946669    
   652.906982      -1554.98254       1.60679996    
   652.863831      -1574.80933       1.48319995    
   652.820618      -1594.67175       1.51066661    
   652.777405      -1614.52576       1.23599994    
   652.734192      -1634.38220       1.45573330    
   652.691101      -1654.18640       1.56559992    
   652.647949      -1674.02625       1.46946669    
   652.604736      -1693.89062       1.34586668    
   652.561523      -1713.75757       1.27719998    
   652.518372      -1733.59424       1.42826664    
   652.475220      -1753.43335       1.37333333    
   652.432068      -1773.27527       1.18106663    
   652.388855      -1793.14185       1.27719998    
   652.345825      -1812.93372       1.05746663    
   652.302612      -1832.80542       1.23599994    
   652.259521      -1852.62476       1.22226667    
   652.216370      -1872.46851       1.34586668    
   652.173279      -1892.28198       1.18106663    
   652.130188      -1912.10876       1.20853329    
   652.087036      -1931.96057       1.15359998    
   652.044006      -1951.75977       1.22226667    
   652.000854      -1971.60559      0.975066662    
   651.957764      -1991.43213       1.01626658    
   651.914734      -2011.23901       1.08493328    
   651.871643      -2031.07068       1.07120001    
   651.828552      -2050.89380       1.15359998    
   651.785461      -2070.73071       1.13986659    
   651.742432      -2090.53711       1.02999997    
   651.699341      -2110.36792      0.947599947    
   651.656250      -2130.20166       1.04373336    
   651.613342      -2149.96069      0.865199983    
   651.570251      -2169.79932      0.933866620    
   651.527161      -2189.62964       1.02999997    
   651.484253      -2209.39648      0.878933311    
   651.441162      -2229.23218       1.07120001    
   651.398193      -2249.02612      0.947599947    
   651.355164      -2268.83374      0.851466656    
   651.312134      -2288.65503      0.810266674    
   651.269165      -2308.44556      0.851466656    
   651.226135      -2328.27222      0.769066632    
   651.183105      -2348.09009      0.920133293    
   651.140198      -2367.85547      0.810266674    
   651.097229      -2387.65674      0.672933340    
   651.054199      -2407.48242      0.604266644    
   651.011292      -2427.25562      0.920133293    
   650.968262      -2447.07544      0.769066632    
   650.925354      -2466.85376      0.782799959    
   650.882385      -2486.65674       1.01626658    
   650.839478      -2506.42920      0.782799959    
   650.796570      -2526.20410      0.631733298    
   650.753601      -2546.01514      0.549333334    
   650.710754      -2565.76196      0.851466656    
   650.667786      -2585.57764      0.617999971    
   650.624817      -2605.38501      0.755333304    
   650.581909      -2625.17310      0.810266674    
   650.539062      -2644.93042      0.563066661    
   650.496155      -2664.71265      0.865199983    
   650.453247      -2684.49707      0.508133292    
   650.410400      -2704.26221      0.576799989    
   650.367493      -2724.05176      0.535600007    
   650.324585      -2743.84448      0.494399995    
   650.281799      -2763.58374      0.535600007    
   650.238831      -2783.40332      0.617999971    
   650.196045      -2803.13721      0.590533316    
   650.153198      -2822.90649      0.508133292    
   650.110352      -2842.67896      0.549333334    
   650.067444      -2862.47534      0.439466655    
   650.024658      -2882.21948      0.439466655    
   649.981812      -2901.99902      0.370799989    
   649.939026      -2921.73706      0.617999971    
   649.896179      -2941.52197      0.604266644    
   649.853394      -2961.26489      0.466933310    
   649.810608      -2981.02197      0.508133292    
   649.767822      -3000.77026      0.549333334    
   649.724976      -3020.55420      0.549333334    
   649.682251      -3040.27441      0.508133292    
   649.639404      -3060.06396      0.425733328    
   649.596558      -3079.84473      0.576799989    
   649.553894      -3099.55029      0.412000000    
   649.511108      -3119.30273      0.425733328    
   649.468384      -3139.03564      0.617999971    
   649.425598      -3158.80469      0.329599977    
   649.382874      -3178.53149      0.412000000    
   649.340088      -3198.29468      0.508133292    
   649.297363      -3218.03784      0.412000000    
   649.254639      -3237.77246      0.453199983    
   649.211914      -3257.52100      0.494399995    
   649.169189      -3277.26074      0.260933340    
   649.126465      -3297.00293      0.357066661    
   649.083801      -3316.71484      0.370799989    
   649.041077      -3336.46240      0.343333334    
   648.998352      -3356.20142      0.384533316    
   648.955688      -3375.92041      0.466933310    
   648.913025      -3395.64258      0.384533316    
   648.870361      -3415.36694      0.274666667    
   648.827637      -3435.11597      0.329599977    
   648.784973      -3454.84570      0.274666667    
   648.742249      -3474.60010      0.315866649    
   648.699585      -3494.32373      0.343333334    
   648.657043      -3513.99438      0.343333334    
   648.614319      -3533.75610      0.329599977    
   648.571716      -3553.45410      0.274666667    
   648.529053      -3573.18799      0.466933310    
   648.486389      -3592.92432      0.288399994    
   648.443848      -3612.59644      0.302133322    
   648.401123      -3632.36011      0.357066661    
   648.358582      -3652.04883      0.260933340    
   648.315979      -3671.76196      0.233466655    
   648.273315      -3691.49951      0.329599977    
   648.230774      -3711.18457      0.302133322    
   648.188171      -3730.89429      0.260933340    
   648.145630      -3750.58423      0.302133322    
   648.102966      -3770.32153      0.178533331    
   648.060425      -3790.01636      0.247199997    
   648.017883      -3809.70312      0.274666667    
   647.975220      -3829.45898      0.274666667    
   647.932678      -3849.15063      0.247199997    
   647.890198      -3868.81128      0.164799988    
   647.847595      -3888.54126      0.274666667    
   647.805115      -3908.20728      0.206000000    
   647.762573      -3927.90894      0.219733328    
   647.719971      -3947.63525      0.151066661    
   647.677490      -3967.30884      0.178533331    
   647.635010      -3986.98511      0.206000000    
   647.592407      -4006.70801      0.178533331    
   647.549988      -4026.35547      0.233466655    
   647.507446      -4046.06128      0.219733328    
   647.464966      -4065.74731      0.178533331    
   647.422485      -4085.42529      0.137333333    
   647.380005      -4105.10498      0.192266658    
   647.337463      -4124.82129      0.109866664    
   647.295044      -4144.47266      0.288399994    
   647.252563      -4164.16064      0.164799988    
   647.210144      -4183.81738       8.23999941E-02
   647.167603      -4203.53223      0.123599999    
   647.125183      -4223.19385      0.178533331    
   647.082764      -4242.85840      0.178533331    
   647.040283      -4262.54785      0.178533331    
   646.997864      -4282.20557       5.49333319E-02
   646.955444      -4301.87793      0.151066661    
   646.913025      -4321.54102      0.123599999    
   646.870605      -4341.20703      0.192266658    
   646.828186      -4360.88623      0.123599999    
   646.785767      -4380.55713       6.86666667E-02
   646.743286      -4400.25342       4.11999971E-02
   646.700989      -4419.87305      0.109866664    
   646.658569      -4439.54053       2.74666660E-02
   646.616150      -4459.22168       5.49333319E-02
   646.573853      -4478.83789       6.86666667E-02
   646.531433      -4498.51270       1.37333330E-02
   646.489075      -4518.16797       8.23999941E-02
   646.446716      -4537.82568       6.86666667E-02
   646.404358      -4557.47412       5.49333319E-02
   646.362000      -4577.12598       8.23999941E-02
   646.319641      -4596.77979       4.11999971E-02
   646.277283      -4616.44775       2.74666660E-02
   646.234985      -4636.07275       9.61333290E-02
   646.192688      -4655.70068       8.23999941E-02
   646.150269      -4675.39844       9.61333290E-02
   646.108032      -4694.99805       6.86666667E-02
   646.065735      -4714.63330       5.49333319E-02
   646.023376      -4734.30518       4.11999971E-02
   645.981140      -4753.91211       2.74666660E-02
   645.938782      -4773.57764       1.37333330E-02
   645.896484      -4793.21191       4.11999971E-02
   645.854187      -4812.86035       1.37333330E-02
   645.811951      -4832.47705       0.00000000    
   645.769653      -4852.11914       1.37333330E-02
   645.727356      -4871.76367       1.37333330E-02
   645.685059      -4891.41064       4.11999971E-02
   645.642883      -4911.00439       1.37333330E-02
   645.600586      -4930.64502       2.74666660E-02
   645.558411      -4950.24365       1.37333330E-02
   645.516113      -4969.88965       0.00000000    
   645.473938      -4989.49316       4.11999971E-02
   645.431580      -5009.16650       0.00000000    
   645.389404      -5028.77539       0.00000000    
   645.347229      -5048.37451       0.00000000    
   645.305054      -5067.96582       0.00000000    
   645.262817      -5087.60449       0.00000000    
   645.220581      -5107.23486       0.00000000    
   645.178406      -5126.83301       0.00000000    
   645.136169      -5146.46777       0.00000000    
   645.093994      -5166.08301       0.00000000    
   645.051819      -5185.68945       0.00000000    
   645.009644      -5205.29736       0.00000000    
   644.967468      -5224.90869       0.00000000    
   644.925293      -5244.52295       0.00000000    
   644.883179      -5264.10498       0.00000000    
   644.841064      -5283.68994       0.00000000    
   644.798889      -5303.31201       0.00000000    
   644.756714      -5322.92432       0.00000000    
   644.714600      -5342.51660       0.00000000    
   644.672424      -5362.13379       0.00000000    
   644.630371      -5381.69775       0.00000000    
   644.588196      -5401.32031       0.00000000    
   644.546082      -5420.91162       0.00000000    
   644.503967      -5440.50537       0.00000000    
   644.461914      -5460.07910       0.00000000    
   644.419739      -5479.70068       0.00000000    
   644.377686      -5499.27979       0.00000000    
   644.335632      -5518.84912       0.00000000    
   644.293579      -5538.42236       0.00000000    
   644.251465      -5558.03076       0.00000000    
   644.209412      -5577.59668       0.00000000    
   644.167358      -5597.17773       0.00000000    
   644.125244      -5616.78271       0.00000000    
   644.083191      -5636.36719       0.00000000    
   644.041199      -5655.92139       0.00000000    
   643.999146      -5675.50000       0.00000000    
   643.957092      -5695.08105       0.00000000    
   643.915100      -5714.64258       0.00000000    
   643.873047      -5734.22900       0.00000000    
   643.831055      -5753.78369       0.00000000    
   643.788940      -5773.40869       0.00000000    
   643.746948      -5792.96924       0.00000000    
   643.704895      -5812.55420       0.00000000    
   643.663025      -5832.06250       0.00000000    
   643.620911      -5851.68652       0.00000000    
   643.579041      -5871.20020       0.00000000    
   643.536926      -5890.81738       0.00000000    
   643.495056      -5910.33594       0.00000000    
   643.453125      -5929.86816       0.00000000    
   643.411072      -5949.47070       0.00000000    
   643.369141      -5969.01953       0.00000000    
   643.327209      -5988.55859       0.00000000    
   643.285278      -6008.11230       0.00000000    
   643.243347      -6027.65674       0.00000000    
   643.201355      -6047.23828       0.00000000    
   643.159424      -6066.78760       0.00000000    
   643.117493      -6086.32861       0.00000000    
   643.075562      -6105.88330       0.00000000    
   643.033630      -6125.44043       0.00000000    
   642.991760      -6144.96582       0.00000000    
   642.949829      -6164.52832       0.00000000    
   642.907898      -6184.08154       0.00000000    
   642.865967      -6203.63672       0.00000000    
   642.824097      -6223.17334       0.00000000    
   642.782227      -6242.69971       0.00000000    
   642.740295      -6262.26318       0.00000000    
   642.698547      -6281.73828       0.00000000    
   642.656616      -6301.30615       0.00000000    
   642.614807      -6320.82031       0.00000000    
   642.572937      -6340.36035       0.00000000    
   642.531067      -6359.89014       0.00000000    
   642.489197      -6379.43457       0.00000000    
   642.447327      -6398.98145       0.00000000    
   642.405518      -6418.49707       0.00000000    
   642.363708      -6438.01367       0.00000000    
   642.321838      -6457.55713       0.00000000    
   642.280090      -6477.04590       0.00000000    
   642.238220      -6496.59326       0.00000000    
   642.196411      -6516.12109       0.00000000    
   642.154663      -6535.60547       0.00000000    
   642.112854      -6555.13818       0.00000000    
   642.071045      -6574.66211       0.00000000    
   642.029236      -6594.18799       0.00000000    
   641.987549      -6613.66016       0.00000000    
   641.945740      -6633.18018       0.00000000    
   641.903931      -6652.71289       0.00000000    
   641.862183      -6672.21533       0.00000000    
   641.820435      -6691.71973       0.00000000    
   641.778625      -6711.24951       0.00000000    
   641.736938      -6730.72461       0.00000000    
   641.695190      -6750.23682       0.00000000    
   641.653442      -6769.75098       0.00000000    
   641.611694      -6789.25684       0.00000000    
   641.570007      -6808.74170       0.00000000    
   641.528259      -6828.25244       0.00000000    
   641.486572      -6847.73096       0.00000000    
   641.444824      -6867.24658       0.00000000    
   641.403137      -6886.73047       0.00000000    
   641.361389      -6906.25049       0.00000000    
   641.319702      -6925.73926       0.00000000    
   641.278076      -6945.20801       0.00000000    
   641.236389      -6964.70166       0.00000000    
   641.194702      -6984.18555       0.00000000    
   641.153015      -7003.68506       0.00000000    
   641.111328      -7023.17480       0.00000000    
   641.069702      -7042.64355       0.00000000    
   641.028015      -7062.14990       0.00000000    
   640.986328      -7081.64746       0.00000000    
   640.944763      -7101.08936       0.00000000    
   640.903137      -7120.55762       0.00000000    
   640.861450      -7140.06152       0.00000000    
   640.819885      -7159.51221       0.00000000    
   640.778198      -7179.02148       0.00000000    
   640.736511      -7198.52148       0.00000000    
   640.695007      -7217.94531       0.00000000    
   640.653381      -7237.42773       0.00000000    
   640.611755      -7256.91260       0.00000000    
   640.570129      -7276.38916       0.00000000    
   640.528564      -7295.84521       0.00000000    
   640.487000      -7315.30322       0.00000000    
   640.445374      -7334.78613       0.00000000    
   640.403870      -7354.21533       0.00000000    
   640.362305      -7373.68164       0.00000000    
   640.320679      -7393.17188       0.00000000    
   640.279114      -7412.63184       0.00000000    
   640.237610      -7432.06982       0.00000000    
   640.196045      -7451.53467       0.00000000    
   640.154480      -7471.00098       0.00000000    
   640.112976      -7490.43555       0.00000000    
   640.071411      -7509.90674       0.00000000    
   640.029907      -7529.34668       0.00000000    
   639.988403      -7548.78857       0.00000000    
   639.946899      -7568.23340       0.00000000    
   639.905334      -7587.70361       0.00000000    
   639.863770      -7607.17578       0.00000000    
   639.822388      -7626.57031       0.00000000    
   639.780823      -7646.04785       0.00000000    
   639.739441      -7665.43604       0.00000000    
   639.697876      -7684.91797       0.00000000    
   639.656433      -7704.34570       0.00000000    
   639.614868      -7723.82178       0.00000000    
   639.573486      -7743.21973       0.00000000    
   639.532043      -7762.64258       0.00000000    
   639.490601      -7782.08008       0.00000000    
   639.449097      -7801.53125       0.00000000    
   639.407654      -7820.96143       0.00000000    
   639.366272      -7840.37207       0.00000000    
   639.324829      -7859.79639       0.00000000    
   639.283325      -7879.26807       0.00000000    
   639.241943      -7898.67480       0.00000000    
   639.200500      -7918.10645       0.00000000    
   639.159058      -7937.54053       0.00000000    
   639.117737      -7956.93115       0.00000000    
   639.076294      -7976.36963       0.00000000    
   639.034912      -7995.77686       0.00000000    
   638.993469      -8015.22021       0.00000000    
   638.952087      -8034.63232       0.00000000    
   638.910767      -8054.02441       0.00000000    
   638.869324      -8073.47461       0.00000000    
   638.828003      -8092.85938       0.00000000    
   638.786621      -8112.28125       0.00000000    
   638.745239      -8131.70508       0.00000000    
   638.703918      -8151.09717       0.00000000    
   638.662537      -8170.51514       0.00000000    
   638.621216      -8189.91113       0.00000000    
   638.579895      -8209.31055       0.00000000    
   638.538574      -8228.71289       0.00000000    
   638.497192      -8248.13965       0.00000000    
   638.455872      -8267.53516       0.00000000    
   638.414551      -8286.94434       0.00000000    
   638.373230      -8306.34473       0.00000000    
   638.331970      -8325.71289       0.00000000    
   638.290649      -8345.11816       0.00000000    
   638.249390      -8364.50195       0.00000000    
   638.208069      -8383.91113       0.00000000    
   638.166809      -8403.28906       0.00000000    
   638.125488      -8422.70410       0.00000000    
   638.084290      -8442.05273       0.00000000    
   638.042969      -8461.46094       0.00000000    
   638.001709      -8480.84863       0.00000000    
   637.960388      -8500.26172       0.00000000    
   637.919250      -8519.59570       0.00000000    
   637.877930      -8539.01367       0.00000000    
   637.836609      -8558.43359       0.00000000    
   637.795471      -8577.76562       0.00000000    
   637.754333      -8597.09863       0.00000000    
   637.713013      -8616.52539       0.00000000    
   637.671753      -8635.92090       0.00000000    
   637.630554      -8655.28516       0.00000000    
   637.589417      -8674.62695       0.00000000    
   637.548157      -8694.01855       0.00000000    
   637.506958      -8713.38965       0.00000000    
   637.465759      -8732.76270       0.00000000    
   637.424622      -8752.10352       0.00000000    
   637.383362      -8771.50488       0.00000000    
   637.342224      -8790.85059       0.00000000    
   637.301025      -8810.23340       0.00000000    
   637.259888      -8829.58398       0.00000000    
   637.218689      -8848.95996       0.00000000    
   637.177612      -8868.28125       0.00000000    
   637.136414      -8887.66211       0.00000000    
   637.095276      -8907.02246       0.00000000    
   637.054077      -8926.39648       0.00000000    
   637.013000      -8945.72754       0.00000000    
   636.971863      -8965.08301       0.00000000    
   636.930725      -8984.44238       0.00000000    
   636.889587      -9003.80371       0.00000000    
   636.848511      -9023.13184       0.00000000    
   636.807373      -9042.49805       0.00000000    
   636.766296      -9061.83105       0.00000000    
   636.725159      -9081.19043       0.00000000    
   636.684143      -9100.50586       0.00000000    
   636.642944      -9119.89258       0.00000000    
   636.601929      -9139.20117       0.00000000    
   636.560852      -9158.54785       0.00000000    
   636.519775      -9177.88379       0.00000000    
   636.478699      -9197.23438       0.00000000    
   636.437622      -9216.57617       0.00000000    
   636.396606      -9235.88477       0.00000000    
   636.355530      -9255.23145       0.00000000    
   636.314514      -9274.55664       0.00000000    
   636.273499      -9293.87305       0.00000000    
   636.232422      -9313.22656       0.00000000    
   636.191406      -9332.54785       0.00000000    
   636.150391      -9351.87109       0.00000000    
   636.109314      -9371.22070       0.00000000    
   636.068298      -9390.54883       0.00000000    
   636.027344      -9409.84570       0.00000000    
   635.986328      -9429.16699       0.00000000    
   635.945312      -9448.50293       0.00000000    
   635.904358      -9467.80664       0.00000000    
   635.863342      -9487.13574       0.00000000    
   635.822327      -9506.46582       0.00000000    
   635.781372      -9525.77734       0.00000000    
   635.740417      -9545.07910       0.00000000    
   635.699463      -9564.38184       0.00000000    
   635.658447      -9583.72363       0.00000000    
   635.617493      -9603.03223       0.00000000    
   635.576599      -9622.30859       0.00000000    
   635.535583      -9641.65723       0.00000000    
   635.494690      -9660.93750       0.00000000    
   635.453796      -9680.22168       0.00000000    
   635.412781      -9699.56543       0.00000000    
   635.371887      -9718.85352       0.00000000    
   635.330994      -9738.14453       0.00000000    
   635.290100      -9757.43750       0.00000000    
   635.249146      -9776.75684       0.00000000    
   635.208252      -9796.04199       0.00000000    
   635.167358      -9815.34277       0.00000000    
   635.126465      -9834.63379       0.00000000    
   635.085571      -9853.92773       0.00000000    
   635.044739      -9873.20020       0.00000000    
   635.003845      -9892.49805       0.00000000    
   634.962891      -9911.82227       0.00000000    
   634.922119      -9931.06836       0.00000000    
   634.881226      -9950.37305       0.00000000    
   634.840393      -9969.64648       0.00000000    
   634.799500      -9988.94434       0.00000000    
   634.758728      -10008.1875       0.00000000    
   634.717834      -10027.5029       0.00000000    
   634.676941      -10046.8096       0.00000000    
   634.636108      -10066.0830       0.00000000    
   634.595337      -10085.3350       0.00000000    
   634.554565      -10104.5898       0.00000000    
