   9792.16602       0.00000000             215   9740.52051    
   9771.56250       0.00000000             215   9740.52051    
   9750.94629       0.00000000             215   9740.52051    
   9730.38672       0.00000000             214   9671.02637    
   9709.77539       0.00000000             214   9671.02637    
   9689.19141       0.00000000             214   9671.02637    
   9668.60352       0.00000000             213   9601.49707    
   9647.98242       0.00000000             213   9601.49707    
   9627.43945       0.00000000             213   9601.49707    
   9606.82324       0.00000000             213   9601.49707    
   9586.25488       0.00000000             212   9531.93359    
   9565.68262       0.00000000             212   9531.93359    
   9545.07812       0.00000000             212   9531.93359    
   9524.48047       0.00000000             211   9462.33496    
   9503.91113       0.00000000             211   9462.33496    
   9483.32715       0.00000000             211   9462.33496    
   9462.75098       0.00000000             211   9462.33496    
   9442.17285       0.00000000             210   9392.70312    
   9421.62207       0.00000000             210   9392.70312    
   9401.03711       0.00000000             210   9392.70312    
   9380.45020       0.00000000             209   9323.03516    
   9359.89062       0.00000000             209   9323.03516    
   9339.30664       0.00000000             209   9323.03516    
   9318.74121       0.00000000             208   9253.33398    
   9298.15234       0.00000000             208   9253.33398    
   9277.62207       0.00000000             208   9253.33398    
   9257.04785       0.00000000             208   9253.33398    
   9236.51074       0.00000000             207   9183.59766    
   9215.91113       0.00000000             207   9183.59766    
   9195.36816       0.00000000             207   9183.59766    
   9174.80273       0.00000000             206   9113.82227    
   9154.22363       0.00000000             206   9113.82227    
   9133.70410       0.00000000             206   9113.82227    
   9113.15137       0.00000000             205   9044.01660    
   9092.57324       0.00000000             205   9044.01660    
   9072.02344       0.00000000             205   9044.01660    
   9051.47168       0.00000000             205   9044.01660    
   9030.91602       0.00000000             204   8974.17578    
   9010.38965       0.00000000             204   8974.17578    
   8989.85938       0.00000000             204   8974.17578    
   8969.29492       0.00000000             203   8904.30078    
   8948.73926       0.00000000             203   8904.30078    
   8928.16992       0.00000000             203   8904.30078    
   8907.65723       0.00000000             203   8904.30078    
   8887.12305       0.00000000             202   8834.39062    
   8866.55469       0.00000000             202   8834.39062    
   8846.03516       0.00000000             202   8834.39062    
   8825.49219       0.00000000             201   8764.44531    
   8804.97754       0.00000000             201   8764.44531    
   8784.42773       0.00000000             201   8764.44531    
   8763.88574       0.00000000             200   8694.46582    
   8743.36230       0.00000000             200   8694.46582    
   8722.83594       0.00000000             200   8694.46582    
   8702.31641       0.00000000             200   8694.46582    
   8681.76367       0.00000000             199   8624.45215    
   8661.25781       0.00000000             199   8624.45215    
   8640.72949       0.00000000             199   8624.45215    
   8620.19824       0.00000000             198   8554.40234    
   8599.66406       0.00000000             198   8554.40234    
   8579.15820       0.00000000             198   8554.40234    
   8558.61816       0.00000000             198   8554.40234    
   8538.11719       0.00000000             197   8484.31445    
   8517.63281       0.00000000             197   8484.31445    
   8497.08496       0.00000000             197   8484.31445    
   8476.57422       0.00000000             196   8414.19531    
   8456.08203       0.00000000             196   8414.19531    
   8435.54590       0.00000000             196   8414.19531    
   8415.04688       0.00000000             196   8414.19531    
   8394.50488       0.00000000             195   8344.04102    
   8374.03223       0.00000000             195   8344.04102    
   8353.51367       0.00000000             195   8344.04102    
   8332.98340       0.00000000             194   8273.85156    
   8312.51172       0.00000000             194   8273.85156    
   8292.01660       0.00000000             194   8273.85156    
   8271.48828       0.00000000             193   8203.62793    
   8251.00781       0.00000000             193   8203.62793    
   8230.50391       0.00000000             193   8203.62793    
   8209.99707       0.00000000             193   8203.62793    
   8189.51855       0.00000000             192   8133.36865    
   8169.00684       0.00000000             192   8133.36865    
   8148.55322       0.00000000             192   8133.36865    
   8128.03467       0.00000000             191   8063.07422    
   8107.52441       0.00000000             191   8063.07422    
   8087.03125       0.00000000             191   8063.07422    
   8066.57666       0.00000000             191   8063.07422    
   8046.05762       0.00000000             190   7992.74512    
   8025.58691       0.00000000             190   7992.74512    
   8005.09277       0.00000000             190   7992.74512    
   7984.65723       0.00000000             189   7922.38086    
   7964.12695       0.00000000             189   7922.38086    
   7943.65430       0.00000000             189   7922.38086    
   7923.18994       0.00000000             189   7922.38086    
   7902.68164       0.00000000             188   7851.98145    
   7882.23193       0.00000000             188   7851.98145    
   7861.75879       0.00000000             188   7851.98145    
   7841.30420       0.00000000             187   7781.54297    
   7820.82520       0.00000000             187   7781.54297    
   7800.32275       0.00000000             187   7781.54297    
   7779.88965       0.00000000             186   7711.07275    
   7759.40234       0.00000000             186   7711.07275    
   7738.94336       0.00000000             186   7711.07275    
   7718.45996       0.00000000             186   7711.07275    
   7698.02686       0.00000000             185   7640.56787    
   7677.52783       0.00000000             185   7640.56787    
   7657.09814       0.00000000             185   7640.56787    
   7636.60449       0.00000000             184   7570.02783    
   7616.18994       0.00000000             184   7570.02783    
   7595.68945       0.00000000             184   7570.02783    
   7575.24902       0.00000000             184   7570.02783    
   7554.80518       0.00000000             183   7499.45215    
   7534.32764       0.00000000             183   7499.45215    
   7513.87793       0.00000000             183   7499.45215    
   7493.43604       0.00000000             182   7428.84131    
   7472.98047       0.00000000             182   7428.84131    
   7452.53320       0.00000000             182   7428.84131    
   7432.10400       0.00000000             182   7428.84131    
   7411.65039       0.00000000             181   7358.19531    
   7391.21436       0.00000000             181   7358.19531    
   7370.75537       0.00000000             181   7358.19531    
   7350.32471       0.00000000             180   7287.51367    
   7329.89111       0.00000000             180   7287.51367    
   7309.43408       0.00000000             180   7287.51367    
   7288.99463       0.00000000             180   7287.51367    
   7268.58252       0.00000000             179   7216.79688    
   7248.13818       0.00000000             179   7216.79688    
   7227.67969       0.00000000             179   7216.79688    
   7207.29150       0.00000000             178   7146.04053    
   7186.81641       0.00000000             178   7146.04053    
   7166.42236       0.00000000             178   7146.04053    
   7145.95312       0.00000000             177   7075.25293    
   7125.55273       0.00000000             177   7075.25293    
   7105.15967       0.00000000             177   7075.25293    
   7084.68115       0.00000000             177   7075.25293    
   7064.28369       0.00000000             176   7004.43018    
   7043.85059       0.00000000             176   7004.43018    
   7023.42627       0.00000000             176   7004.43018    
   7002.99902       0.00000000             175   6933.57129    
   6982.58936       0.00000000             175   6933.57129    
   6962.18750       0.00000000             175   6933.57129    
   6941.75146       0.00000000             175   6933.57129    
   6921.37500       0.00000000             174   6862.67725    
   6900.96436       0.00000000             174   6862.67725    
   6880.51953       0.00000000             174   6862.67725    
   6860.11377       0.00000000             173   6791.74756    
   6839.72559       0.00000000             173   6791.74756    
   6819.30420       0.00000000             173   6791.74756    
   6798.88965       0.00000000             173   6791.74756    
   6778.50391       0.00000000             172   6720.78271    
   6758.08350       0.00000000             172   6720.78271    
   6737.71240       0.00000000             172   6720.78271    
   6717.28662       0.00000000             171   6649.78174    
   6696.88965       0.00000000             171   6649.78174    
   6676.52002       0.00000000             171   6649.78174    
   6656.09619       0.00000000             171   6649.78174    
   6635.72168       0.00000000             170   6578.74561    
   6615.29150       0.00000000             170   6578.74561    
   6594.91162       0.00000000             170   6578.74561    
   6574.52832       0.00000000             169   6507.66943    
   6554.15332       0.00000000             169   6507.66943    
   6533.74316       0.00000000             169   6507.66943    
   6513.36230       0.00000000             169   6507.66943    
   6492.97754       0.00000000             168   6436.56201    
   6472.59082       0.00000000             168   6436.56201    
   6452.20117       0.00000000             168   6436.56201    
   6431.83984       0.00000000             167   6365.41846    
   6411.42383       0.00000000             167   6365.41846    
   6391.05664       0.00000000             167   6365.41846    
   6370.69678       0.00000000             167   6365.41846    
   6350.32471       0.00000000             166   6294.23926    
   6329.92822       0.00000000             166   6294.23926    
   6309.56006       0.00000000             166   6294.23926    
   6289.18945       0.00000000             165   6223.02441    
   6268.81641       0.00000000             165   6223.02441    
   6248.47070       0.00000000             165   6223.02441    
   6228.06055       0.00000000             165   6223.02441    
   6207.70996       0.00000000             164   6151.77393    
   6187.33594       0.00000000             164   6151.77393    
   6166.97852       0.00000000             164   6151.77393    
   6146.63037       0.00000000             163   6080.48779    
   6126.26855       0.00000000             163   6080.48779    
   6105.88232       0.00000000             163   6080.48779    
   6085.52539       0.00000000             163   6080.48779    
   6065.16553       0.00000000             162   6009.16553    
   6044.83447       0.00000000             162   6009.16553    
   6024.46826       0.00000000             162   6009.16553    
   6004.10986       0.00000000             161   5937.80762    
   5983.73926       0.00000000             161   5937.80762    
   5963.39648       0.00000000             161   5937.80762    
   5943.06104       0.00000000             161   5937.80762    
   5922.74414       0.00000000             160   5866.40967    
   5902.34131       0.00000000             160   5866.40967    
   5881.99707       0.00000000             160   5866.40967    
   5861.65039       0.00000000             159   5794.97949    
   5841.33301       0.00000000             159   5794.97949    
   5821.01221       0.00000000             159   5794.97949    
   5800.62598       0.00000000             159   5794.97949    
   5780.30029       0.00000000             158   5723.51416    
   5759.95068       0.00000000             158   5723.51416    
   5739.61816       0.00000000             158   5723.51416    
   5719.29443       0.00000000             157   5652.01221    
   5698.95703       0.00000000             157   5652.01221    
   5678.59570       0.00000000             157   5652.01221    
   5658.26270       0.00000000             157   5652.01221    
   5637.95898       0.00000000             156   5580.47461    
   5617.62109       0.00000000             156   5580.47461    
   5597.31104       0.00000000             156   5580.47461    
   5576.96729       0.00000000             155   5508.90088    
   5556.68359       0.00000000             155   5508.90088    
   5536.34473       0.00000000             155   5508.90088    
   5515.99268       0.00000000             155   5508.90088    
   5495.67871       0.00000000             154   5437.29102    
   5475.35254       0.00000000             154   5437.29102    
   5455.03418       0.00000000             154   5437.29102    
   5434.74316       0.00000000             153   5365.64551    
   5414.43994       0.00000000             153   5365.64551    
   5394.09229       0.00000000             153   5365.64551    
   5373.79395       0.00000000             153   5365.64551    
   5353.49268       0.00000000             152   5293.96338    
   5333.18799       0.00000000             152   5293.96338    
   5312.82910       0.00000000             152   5293.96338    
   5292.55127       0.00000000             151   5222.24121    
   5272.24902       0.00000000             151   5222.24121    
   5251.94385       0.00000000             151   5222.24121    
   5231.62598       0.00000000             151   5222.24121    
   5211.31592       0.00000000             150   5150.48730    
   5191.03418       0.00000000             150   5150.48730    
   5170.74951       0.00000000             150   5150.48730    
   5150.43066       0.00000000             149   5078.69678    
   5130.17285       0.00000000             149   5078.69678    
   5109.85889       0.00000000             149   5078.69678    
   5089.53174       0.00000000             149   5078.69678    
   5069.26465       0.00000000             148   5006.87012    
   5048.94238       0.00000000             148   5006.87012    
   5028.68066       0.00000000             148   5006.87012    
   5008.40576       0.00000000             148   5006.87012    
   4988.10693       0.00000000             147   4935.00732    
   4967.80469       0.00000000             147   4935.00732    
   4947.53125       1.00000000             147   4935.00732    
   4927.25586       2.00000000             146   4863.10840    
   4906.97705       1.00000000             146   4863.10840    
   4886.67432       1.00000000             146   4863.10840    
   4866.42188       2.00000000             146   4863.10840    
   4846.14551       3.00000000             145   4791.17285    
   4825.85596       2.00000000             145   4791.17285    
   4805.57373       3.00000000             145   4791.17285    
   4785.28857       3.00000000             144   4719.20117    
   4765.03320       4.00000000             144   4719.20117    
   4744.76367       0.00000000             144   4719.20117    
   4724.48096       3.00000000             144   4719.20117    
   4704.23779       4.00000000             143   4647.19336    
   4683.94971       3.00000000             143   4647.19336    
   4663.65869       0.00000000             143   4647.19336    
   4643.41748       3.00000000             142   4575.14502    
   4623.14258       6.00000000             142   4575.14502    
   4602.87451       4.00000000             142   4575.14502    
   4582.62549       5.00000000             142   4575.14502    
   4562.35205       7.00000000             141   4503.06396    
   4542.07568       4.00000000             141   4503.06396    
   4521.82910       3.00000000             141   4503.06396    
   4501.61035       2.00000000             140   4430.94678    
   4481.35791       6.00000000             140   4430.94678    
   4461.07080       10.0000000             140   4430.94678    
   4440.84424       12.0000000             140   4430.94678    
   4420.59375       10.0000000             139   4358.79346    
   4400.33008       10.0000000             139   4358.79346    
   4380.07373       11.0000000             139   4358.79346    
   4359.81494       8.00000000             139   4358.79346    
   4339.57471       11.0000000             138   4286.60303    
   4319.34229       7.00000000             138   4286.60303    
   4299.10645       7.00000000             138   4286.60303    
   4278.86865       10.0000000             137   4214.37646    
   4258.62793       9.00000000             137   4214.37646    
   4238.36279       13.0000000             137   4214.37646    
   4218.14844       11.0000000             137   4214.37646    
   4197.89844       12.0000000             136   4142.11328    
   4177.65723       11.0000000             136   4142.11328    
   4157.46631       20.0000000             136   4142.11328    
   4137.24023       8.00000000             135   4069.81372    
   4116.96973       14.0000000             135   4069.81372    
   4096.73828       13.0000000             135   4069.81372    
   4076.51440       18.0000000             135   4069.81372    
   4056.28833       7.00000000             134   3997.47729    
   4036.05908       9.00000000             134   3997.47729    
   4015.85913       8.00000000             134   3997.47729    
   3995.62476       14.0000000             133   3925.10034    
   3975.39819       19.0000000             133   3925.10034    
   3955.16846       21.0000000             133   3925.10034    
   3934.95752       17.0000000             133   3925.10034    
   3914.74365       15.0000000             132   3852.69067    
   3894.53760       17.0000000             132   3852.69067    
   3874.29712       16.0000000             132   3852.69067    
   3854.11743       21.0000000             132   3852.69067    
   3833.87109       23.0000000             131   3780.24463    
   3813.70728       24.0000000             131   3780.24463    
   3793.46631       9.00000000             131   3780.24463    
   3773.27539       19.0000000             130   3707.76147    
   3753.02881       30.0000000             130   3707.76147    
   3732.83276       17.0000000             130   3707.76147    
   3712.66553       14.0000000             130   3707.76147    
   3692.44263       24.0000000             129   3635.24194    
   3672.24902       21.0000000             129   3635.24194    
   3652.04175       15.0000000             129   3635.24194    
   3631.84204       23.0000000             128   3562.68555    
   3611.64014       27.0000000             128   3562.68555    
   3591.43530       24.0000000             128   3562.68555    
   3571.23804       18.0000000             128   3562.68555    
   3551.05981       21.0000000             127   3490.09229    
   3530.84644       28.0000000             127   3490.09229    
   3510.69458       22.0000000             127   3490.09229    
   3490.48657       24.0000000             127   3490.09229    
   3470.29712       22.0000000             126   3417.46216    
   3450.11548       22.0000000             126   3417.46216    
   3429.93091       33.0000000             126   3417.46216    
   3409.74390       27.0000000             125   3344.79541    
   3389.57495       31.0000000             125   3344.79541    
   3369.36108       32.0000000             125   3344.79541    
   3349.18726       29.0000000             125   3344.79541    
   3329.02124       27.0000000             124   3272.09155    
   3308.83105       24.0000000             124   3272.09155    
   3288.65942       28.0000000             124   3272.09155    
   3268.49512       33.0000000             123   3199.34692    
   3248.31812       42.0000000             123   3199.34692    
   3228.14893       40.0000000             123   3199.34692    
   3207.96631       41.0000000             123   3199.34692    
   3187.79175       27.0000000             122   3126.56934    
   3167.61401       34.0000000             122   3126.56934    
   3147.46582       31.0000000             122   3126.56934    
   3127.28271       32.0000000             122   3126.56934    
   3107.12915       33.0000000             121   3053.75464    
   3087.00439       32.0000000             121   3053.75464    
   3066.82422       40.0000000             121   3053.75464    
   3046.63013       35.0000000             120   2980.90332    
   3026.49756       34.0000000             120   2980.90332    
   3006.34082       37.0000000             120   2980.90332    
   2986.18115       44.0000000             120   2980.90332    
   2966.04028       33.0000000             119   2908.01465    
   2945.85400       42.0000000             119   2908.01465    
   2925.73950       40.0000000             119   2908.01465    
   2905.54761       36.0000000             118   2835.08911    
   2885.39600       26.0000000             118   2835.08911    
   2865.28394       39.0000000             118   2835.08911    
   2845.11621       39.0000000             118   2835.08911    
   2824.99878       33.0000000             117   2762.12646    
   2804.84668       44.0000000             117   2762.12646    
   2784.67065       46.0000000             117   2762.12646    
   2764.54517       53.0000000             117   2762.12646    
   2744.39551       50.0000000             116   2689.12695    
   2724.27539       34.0000000             116   2689.12695    
   2704.12012       45.0000000             116   2689.12695    
   2683.96265       32.0000000             115   2616.09009    
   2663.86597       45.0000000             115   2616.09009    
   2643.70264       55.0000000             115   2616.09009    
   2623.60083       42.0000000             115   2616.09009    
   2603.44312       47.0000000             114   2543.01196    
   2583.33569       51.0000000             114   2543.01196    
   2563.19336       50.0000000             114   2543.01196    
   2543.09155       49.0000000             114   2543.01196    
   2522.94434       59.0000000             113   2469.90063    
   2502.83667       52.0000000             113   2469.90063    
   2482.69434       58.0000000             113   2469.90063    
   2462.58154       65.0000000             112   2396.75220    
   2442.43359       58.0000000             112   2396.75220    
   2422.31543       63.0000000             112   2396.75220    
   2402.22656       58.0000000             112   2396.75220    
   2382.10278       51.0000000             111   2323.56665    
   2362.00830       57.0000000             111   2323.56665    
   2341.85767       64.0000000             111   2323.56665    
   2321.75781       67.0000000             110   2250.34375    
   2301.63379       69.0000000             110   2250.34375    
   2281.53931       64.0000000             110   2250.34375    
   2261.43140       67.0000000             110   2250.34375    
   2241.33154       56.0000000             109   2177.08374    
   2221.19678       79.0000000             109   2177.08374    
   2201.09131       58.0000000             109   2177.08374    
   2181.01538       52.0000000             109   2177.08374    
   2160.90454       68.0000000             108   2103.78613    
   2140.76953       65.0000000             108   2103.78613    
   2120.71777       79.0000000             108   2103.78613    
   2100.63110       73.0000000             107   2030.45129    
   2080.52026       69.0000000             107   2030.45129    
   2060.42798       70.0000000             107   2030.45129    
   2040.31165       78.9981918             107   2030.45129    
   2020.25696       68.0000000             106   1957.07910    
   2000.13513       82.0000000             106   1957.07910    
   1980.06433       78.0000000             106   1957.07910    
   1959.94788       66.0000000             106   1957.07910    
   1939.88245       86.0000000             105   1883.66528    
   1919.81421       86.0000000             105   1883.66528    
   1899.71106       83.0000000             105   1883.66528    
   1879.63757       83.0000000             104   1810.21826    
   1859.53992       85.0000000             104   1810.21826    
   1839.46094       88.0000000             104   1810.21826    
   1819.35767       76.0000000             104   1810.21826    
   1799.31616       89.0000000             103   1736.73376    
   1779.22913       86.0000000             103   1736.73376    
   1759.15015       96.0000000             103   1736.73376    
   1739.06848       86.0000000             103   1736.73376    
   1718.96240       85.0000000             102   1663.21167    
   1698.92896       100.000000             102   1663.21167    
   1678.87134       105.000000             102   1663.21167    
   1658.78967       103.000000             101   1589.65210    
   1638.72656       103.000000             101   1589.65210    
   1618.67175       124.000000             101   1589.65210    
   1598.60327       102.000000             101   1589.65210    
   1578.54297       99.0000000             100   1516.05505    
   1558.44763       98.0000000             100   1516.05505    
   1538.40344       89.0000000             100   1516.05505    
   1518.36731       120.000000             100   1516.05505    
   1498.26392       106.000000              99   1442.42041    
   1478.22253       109.000000              99   1442.42041    
   1458.17834       107.000000              99   1442.42041    
   1438.10974       118.000000              98   1368.74817    
   1418.09265       117.000000              98   1368.74817    
   1398.04041       111.000000              98   1368.74817    
   1377.96387       112.000000              98   1368.74817    
   1357.90625       124.000000              97   1295.03821    
   1337.88904       119.000000              97   1295.03821    
   1317.85840       126.000000              97   1295.03821    
   1297.77124       114.000000              97   1295.03821    
   1277.74597       97.0000000              96   1221.28638    
   1257.71802       115.000000              96   1221.28638    
   1237.65491       113.000000              96   1221.28638    
   1217.62170       106.000000              95   1147.50110    
   1197.58569       118.000000              95   1147.50110    
   1177.52539       123.000000              95   1147.50110    
   1157.51636       117.000000              95   1147.50110    
   1137.47229       94.0000000              94   1073.67810    
   1117.46875       114.000000              94   1073.67810    
   1097.39771       104.000000              94   1073.67810    
   1077.37805       92.0000000              94   1073.67810    
   1057.36633       104.000000              93   999.817322    
   1037.34131       96.0000000              93   999.817322    
   1017.30280       104.000000              93   999.817322    
   997.283203       98.0000000              92   925.918823    
   977.260864       110.000000              92   925.918823    
   957.203369       121.000000              92   925.918823    
   937.186523       131.000000              92   925.918823    
   917.188599       126.000000              91   851.982483    
   897.187988       124.000000              91   851.982483    
   877.163086       102.000000              91   851.982483    
   857.103027       114.000000              91   851.982483    
   837.126892       99.0000000              90   778.008301    
   817.115601       119.000000              90   778.008301    
   797.112488       103.000000              90   778.008301    
   777.084961       116.000000              89   703.996216    
   757.076416       104.000000              89   703.996216    
   737.065247       101.000000              89   703.996216    
   717.051392       121.000000              89   703.996216    
   697.067383       110.000000              88   629.946289    
   677.048157       129.000000              88   629.946289    
   657.037048       98.0000000              88   629.946289    
   637.045044       91.0000000              88   629.946289    
   617.028625       109.000000              87   555.854126    
   597.042053       126.000000              87   555.854126    
   577.074585       99.0000000              87   555.854126    
   557.050110       102.000000              87   555.854126    
   537.055542       111.000000              86   481.728302    
   517.090881       105.000000              86   481.728302    
   497.090942       130.000000              86   481.728302    
   477.088379       101.000000              85   407.564484    
   457.093933       137.000000              85   407.564484    
   437.118591       92.0000000              85   407.564484    
   417.108032       101.000000              85   407.564484    
   397.138153       108.000000              84   333.362640    
   377.154785       117.000000              84   333.362640    
   357.201324       95.0000000              84   333.362640    
   337.190918       119.000000              84   333.362640    
   317.210388       117.000000              83   259.122742    
   297.227234       99.0000000              83   259.122742    
   277.241394       138.000000              83   259.122742    
   257.285492       93.0000000              82   184.844803    
   237.294327       94.0000000              82   184.844803    
   217.343979       105.000000              82   184.844803    
   197.347488       103.000000              82   184.844803    
   177.380951       97.0000000              81   110.528748    
   157.422592       110.000000              81   110.528748    
   137.483353       116.000000              81   110.528748    
   117.487083       104.000000              81   110.528748    
   97.4881516       117.000000              80   36.1745567    
   77.5735550       99.0000000              80   36.1745567    
   57.6019249       112.000000              80   36.1745567    
   37.6276398       128.000000              80   36.1745567    
   17.6506939       91.0000000              79  -38.2177925    
  -2.26361775       109.000000              79  -38.2177925    
  -22.2458782       122.000000              79  -38.2177925    
  -42.2199173       112.000000              78  -112.652603    
  -62.1421776       111.000000              78  -112.652603    
  -82.0997467       123.000000              78  -112.652603    
  -102.049088       111.000000              78  -112.652603    
  -121.979301       121.000000              77  -187.121368    
  -141.933929       107.000000              77  -187.121368    
  -161.891235       124.000000              77  -187.121368    
  -181.829376       96.0000000              77  -187.121368    
  -201.791992       106.000000              76  -261.628387    
  -221.746323       98.0000000              76  -261.628387    
  -241.681549       101.000000              76  -261.628387    
  -261.619415       118.000000              76  -261.628387    
  -281.527191       109.000000              75  -336.173676    
  -301.503052       112.000000              75  -336.173676    
  -321.437958       116.000000              75  -336.173676    
  -341.353699       126.000000              74  -410.757263    
  -361.304810       93.0000000              74  -410.757263    
  -381.214905       121.000000              74  -410.757263    
  -401.160370       105.000000              74  -410.757263    
  -421.108490       97.0000000              73  -485.379211    
  -441.004730       102.000000              73  -485.379211    
  -460.958130       110.000000              73  -485.379211    
  -480.848694       107.000000              73  -485.379211    
  -500.807404       116.000000              72  -560.039490    
  -520.757874       109.000000              72  -560.039490    
  -540.656372       117.000000              72  -560.039490    
  -560.557434       100.000000              71  -634.738220    
  -580.515869       127.000000              71  -634.738220    
  -600.422241       99.0000000              71  -634.738220    
  -620.320374       95.0000000              71  -634.738220    
  -640.231995       107.000000              70  -709.475342    
  -660.168213       111.000000              70  -709.475342    
  -680.074280       120.000000              70  -709.475342    
  -699.982910       130.000000              70  -709.475342    
  -719.927002       131.000000              69  -784.255188    
  -739.840881       108.000000              69  -784.255188    
  -759.724670       110.000000              69  -784.255188    
  -779.643921       123.000000              69  -784.255188    
  -799.554871       111.000000              68  -859.069275    
  -819.413635       94.0000000              68  -859.069275    
  -839.340820       99.0000000              68  -859.069275    
  -859.226746       116.000000              67  -933.921875    
  -879.126221       115.000000              67  -933.921875    
  -899.050354       112.000000              67  -933.921875    
  -918.944214       117.000000              67  -933.921875    
  -938.840698       98.0000000              66  -1008.81299    
  -958.739807       103.000000              66  -1008.81299    
  -978.641602       99.0000000              66  -1008.81299    
  -998.491211       108.000000              66  -1008.81299    
  -1018.38733       98.0000000              65  -1083.74268    
  -1038.29700       107.000000              65  -1083.74268    
  -1058.17639       113.000000              65  -1083.74268    
  -1078.08020       113.000000              65  -1083.74268    
  -1097.96497       114.000000              64  -1158.71094    
  -1117.84131       114.000000              64  -1158.71094    
  -1137.75317       105.000000              64  -1158.71094    
  -1157.61279       105.000000              64  -1158.71094    
  -1177.46411       135.000000              63  -1233.71790    
  -1197.35095       121.000000              63  -1233.71790    
  -1217.24036       123.000000              63  -1233.71790    
  -1237.09949       112.000000              62  -1308.76355    
  -1256.99426       105.000000              62  -1308.76355    
  -1276.85852       102.000000              62  -1308.76355    
  -1296.75842       120.000000              62  -1308.76355    
  -1316.59521       118.000000              61  -1383.84790    
  -1336.48950       122.000000              61  -1383.84790    
  -1356.38635       104.000000              61  -1383.84790    
  -1376.19800       120.000000              61  -1383.84790    
  -1396.04517       116.000000              60  -1458.97083    
  -1415.94983       118.000000              60  -1458.97083    
  -1435.79114       108.000000              60  -1458.97083    
  -1455.66833       105.000000              60  -1458.97083    
  -1475.51489       113.000000              59  -1534.13696    
  -1495.36414       106.000000              59  -1534.13696    
  -1515.24902       113.000000              59  -1534.13696    
  -1535.10352       107.000000              58  -1609.33752    
  -1554.98254       117.000000              58  -1609.33752    
  -1574.80933       108.000000              58  -1609.33752    
  -1594.67175       110.000000              58  -1609.33752    
  -1614.52576       90.0000000              57  -1684.57690    
  -1634.38220       106.000000              57  -1684.57690    
  -1654.18640       114.000000              57  -1684.57690    
  -1674.02625       107.000000              57  -1684.57690    
  -1693.89062       98.0000000              56  -1759.85510    
  -1713.75757       93.0000000              56  -1759.85510    
  -1733.59424       104.000000              56  -1759.85510    
  -1753.43335       100.000000              56  -1759.85510    
  -1773.27527       86.0000000              55  -1835.17224    
  -1793.14185       93.0000000              55  -1835.17224    
  -1812.93372       77.0000000              55  -1835.17224    
  -1832.80542       90.0000000              55  -1835.17224    
  -1852.62476       89.0000000              54  -1910.52832    
  -1872.46851       98.0000000              54  -1910.52832    
  -1892.28198       86.0000000              54  -1910.52832    
  -1912.10876       88.0000000              53  -1985.92322    
  -1931.96057       84.0000000              53  -1985.92322    
  -1951.75977       89.0000000              53  -1985.92322    
  -1971.60559       71.0000000              53  -1985.92322    
  -1991.43213       74.0000000              52  -2061.35718    
  -2011.23901       79.0000000              52  -2061.35718    
  -2031.07068       78.0000000              52  -2061.35718    
  -2050.89380       84.0000000              52  -2061.35718    
  -2070.73071       83.0000000              51  -2136.83008    
  -2090.53711       75.0000000              51  -2136.83008    
  -2110.36792       69.0000000              51  -2136.83008    
  -2130.20166       76.0000000              51  -2136.83008    
  -2149.96069       63.0000000              50  -2212.34619    
  -2169.79932       68.0000000              50  -2212.34619    
  -2189.62964       75.0000000              50  -2212.34619    
  -2209.39648       64.0000000              50  -2212.34619    
  -2229.23218       78.0000000              49  -2287.89722    
  -2249.02612       69.0000000              49  -2287.89722    
  -2268.83374       62.0000000              49  -2287.89722    
  -2288.65503       59.0000000              48  -2363.48730    
  -2308.44556       62.0000000              48  -2363.48730    
  -2328.27222       56.0000000              48  -2363.48730    
  -2348.09009       67.0000000              48  -2363.48730    
  -2367.85547       59.0000000              47  -2439.11646    
  -2387.65674       49.0000000              47  -2439.11646    
  -2407.48242       44.0000000              47  -2439.11646    
  -2427.25562       67.0000000              47  -2439.11646    
  -2447.07544       56.0000000              46  -2514.78491    
  -2466.85376       57.0000000              46  -2514.78491    
  -2486.65674       74.0000000              46  -2514.78491    
  -2506.42920       57.0000000              46  -2514.78491    
  -2526.20410       46.0000000              45  -2590.49243    
  -2546.01514       40.0000000              45  -2590.49243    
  -2565.76196       62.0000000              45  -2590.49243    
  -2585.57764       45.0000000              45  -2590.49243    
  -2605.38501       55.0000000              44  -2666.23901    
  -2625.17310       59.0000000              44  -2666.23901    
  -2644.93042       41.0000000              44  -2666.23901    
  -2664.71265       63.0000000              44  -2666.23901    
  -2684.49707       37.0000000              43  -2742.02515    
  -2704.26221       42.0000000              43  -2742.02515    
  -2724.05176       39.0000000              43  -2742.02515    
  -2743.84448       36.0000000              42  -2817.85034    
  -2763.58374       39.0000000              42  -2817.85034    
  -2783.40332       45.0000000              42  -2817.85034    
  -2803.13721       43.0000000              42  -2817.85034    
  -2822.90649       37.0000000              41  -2893.71924    
  -2842.67896       40.0000000              41  -2893.71924    
  -2862.47534       32.0000000              41  -2893.71924    
  -2882.21948       32.0000000              41  -2893.71924    
  -2901.99902       27.0000000              40  -2969.62305    
  -2921.73706       45.0000000              40  -2969.62305    
  -2941.52197       44.0000000              40  -2969.62305    
  -2961.26489       34.0000000              40  -2969.62305    
  -2981.02197       37.0000000              39  -3045.56616    
  -3000.77026       40.0000000              39  -3045.56616    
  -3020.55420       40.0000000              39  -3045.56616    
  -3040.27441       37.0000000              39  -3045.56616    
  -3060.06396       31.0000000              38  -3121.54883    
  -3079.84473       42.0000000              38  -3121.54883    
  -3099.55029       30.0000000              38  -3121.54883    
  -3119.30273       31.0000000              38  -3121.54883    
  -3139.03564       45.0000000              37  -3197.57080    
  -3158.80469       24.0000000              37  -3197.57080    
  -3178.53149       30.0000000              37  -3197.57080    
  -3198.29468       37.0000000              36  -3273.63232    
  -3218.03784       30.0000000              36  -3273.63232    
  -3237.77246       33.0000000              36  -3273.63232    
  -3257.52100       36.0000000              36  -3273.63232    
  -3277.26074       19.0000000              35  -3349.73340    
  -3297.00293       26.0000000              35  -3349.73340    
  -3316.71484       27.0000000              35  -3349.73340    
  -3336.46240       25.0000000              35  -3349.73340    
  -3356.20142       28.0000000              34  -3425.87378    
  -3375.92041       34.0000000              34  -3425.87378    
  -3395.64258       28.0000000              34  -3425.87378    
  -3415.36694       20.0000000              34  -3425.87378    
  -3435.11597       24.0000000              33  -3502.05371    
  -3454.84570       20.0000000              33  -3502.05371    
  -3474.60010       23.0000000              33  -3502.05371    
  -3494.32373       25.0000000              33  -3502.05371    
  -3513.99438       25.0000000              32  -3578.27783    
  -3533.75610       24.0000000              32  -3578.27783    
  -3553.45410       20.0000000              32  -3578.27783    
  -3573.18799       34.0000000              32  -3578.27783    
  -3592.92432       21.0000000              31  -3654.53711    
  -3612.59644       22.0000000              31  -3654.53711    
  -3632.36011       26.0000000              31  -3654.53711    
  -3652.04883       19.0000000              31  -3654.53711    
  -3671.76196       17.0000000              30  -3730.83594    
  -3691.49951       24.0000000              30  -3730.83594    
  -3711.18457       22.0000000              30  -3730.83594    
  -3730.89429       19.0000000              29  -3807.17432    
  -3750.58423       22.0000000              29  -3807.17432    
  -3770.32153       13.0000000              29  -3807.17432    
  -3790.01636       18.0000000              29  -3807.17432    
  -3809.70312       20.0000000              28  -3883.55249    
  -3829.45898       20.0000000              28  -3883.55249    
  -3849.15063       18.0000000              28  -3883.55249    
  -3868.81128       12.0000000              28  -3883.55249    
  -3888.54126       20.0000000              27  -3959.97046    
  -3908.20728       15.0000000              27  -3959.97046    
  -3927.90894       16.0000000              27  -3959.97046    
  -3947.63525       11.0000000              27  -3959.97046    
  -3967.30884       13.0000000              26  -4036.42822    
  -3986.98511       15.0000000              26  -4036.42822    
  -4006.70801       13.0000000              26  -4036.42822    
  -4026.35547       17.0000000              26  -4036.42822    
  -4046.06128       16.0000000              25  -4112.92578    
  -4065.74731       13.0000000              25  -4112.92578    
  -4085.42529       10.0000000              25  -4112.92578    
  -4105.10498       14.0000000              25  -4112.92578    
  -4124.82129       8.00000000              24  -4189.46289    
  -4144.47266       21.0000000              24  -4189.46289    
  -4164.16064       12.0000000              24  -4189.46289    
  -4183.81738       6.00000000              24  -4189.46289    
  -4203.53223       9.00000000              23  -4266.04443    
  -4223.19385       13.0000000              23  -4266.04443    
  -4242.85840       13.0000000              23  -4266.04443    
  -4262.54785       13.0000000              23  -4266.04443    
  -4282.20557       4.00000000              22  -4342.66162    
  -4301.87793       11.0000000              22  -4342.66162    
  -4321.54102       9.00000000              22  -4342.66162    
  -4341.20703       14.0000000              22  -4342.66162    
  -4360.88623       9.00000000              21  -4419.31885    
  -4380.55713       5.00000000              21  -4419.31885    
  -4400.25342       3.00000000              21  -4419.31885    
  -4419.87305       8.00000000              20  -4496.01562    
  -4439.54053       2.00000000              20  -4496.01562    
  -4459.22168       4.00000000              20  -4496.01562    
  -4478.83789       5.00000000              20  -4496.01562    
  -4498.51270       1.00000000              19  -4572.75244    
  -4518.16797       6.00000000              19  -4572.75244    
  -4537.82568       5.00000000              19  -4572.75244    
  -4557.47412       4.00000000              19  -4572.75244    
  -4577.12598       6.00000000              18  -4649.52930    
  -4596.77979       3.00000000              18  -4649.52930    
  -4616.44775       2.00000000              18  -4649.52930    
  -4636.07275       7.00000000              18  -4649.52930    
  -4655.70068       6.00000000              17  -4726.34619    
  -4675.39844       7.00000000              17  -4726.34619    
  -4694.99805       5.00000000              17  -4726.34619    
  -4714.63330       4.00000000              17  -4726.34619    
  -4734.30518       3.00000000              16  -4803.20312    
  -4753.91211       2.00000000              16  -4803.20312    
  -4773.57764       1.00000000              16  -4803.20312    
  -4793.21191       3.00000000              16  -4803.20312    
  -4812.86035       1.00000000              15  -4880.12256    
  -4832.47705       0.00000000              15  -4880.12256    
  -4852.11914       1.00000000              15  -4880.12256    
  -4871.76367       1.00000000              15  -4880.12256    
  -4891.41064       3.00000000              14  -4957.05957    
  -4911.00439       1.00000000              14  -4957.05957    
  -4930.64502       2.00000000              14  -4957.05957    
  -4950.24365       1.00000000              14  -4957.05957    
  -4969.88965       0.00000000              13  -5034.04150    
  -4989.49316       3.00000000              13  -5034.04150    
  -5009.16650       0.00000000              13  -5034.04150    
  -5028.77539       0.00000000              13  -5034.04150    
  -5048.37451       0.00000000              12  -5111.05908    
  -5067.96582       0.00000000              12  -5111.05908    
  -5087.60449       0.00000000              12  -5111.05908    
  -5107.23486       0.00000000              12  -5111.05908    
  -5126.83301       0.00000000              11  -5188.11719    
  -5146.46777       0.00000000              11  -5188.11719    
  -5166.08301       0.00000000              11  -5188.11719    
  -5185.68945       0.00000000              11  -5188.11719    
  -5205.29736       0.00000000              10  -5265.21533    
  -5224.90869       0.00000000              10  -5265.21533    
  -5244.52295       0.00000000              10  -5265.21533    
  -5264.10498       0.00000000              10  -5265.21533    
  -5283.68994       0.00000000               9  -5342.35352    
  -5303.31201       0.00000000               9  -5342.35352    
  -5322.92432       0.00000000               9  -5342.35352    
  -5342.51660       0.00000000               8  -5419.53271    
  -5362.13379       0.00000000               8  -5419.53271    
  -5381.69775       0.00000000               8  -5419.53271    
  -5401.32031       0.00000000               8  -5419.53271    
  -5420.91162       0.00000000               7  -5496.75146    
  -5440.50537       0.00000000               7  -5496.75146    
  -5460.07910       0.00000000               7  -5496.75146    
  -5479.70068       0.00000000               7  -5496.75146    
  -5499.27979       0.00000000               6  -5574.01123    
  -5518.84912       0.00000000               6  -5574.01123    
  -5538.42236       0.00000000               6  -5574.01123    
  -5558.03076       0.00000000               6  -5574.01123    
  -5577.59668       0.00000000               5  -5651.31104    
  -5597.17773       0.00000000               5  -5651.31104    
  -5616.78271       0.00000000               5  -5651.31104    
  -5636.36719       0.00000000               5  -5651.31104    
  -5655.92139       0.00000000               4  -5728.65576    
  -5675.50000       0.00000000               4  -5728.65576    
  -5695.08105       0.00000000               4  -5728.65576    
  -5714.64258       0.00000000               4  -5728.65576    
  -5734.22900       0.00000000               3  -5806.03662    
  -5753.78369       0.00000000               3  -5806.03662    
  -5773.40869       0.00000000               3  -5806.03662    
  -5792.96924       0.00000000               3  -5806.03662    
  -5812.55420       0.00000000               2  -5883.45801    
  -5832.06250       0.00000000               2  -5883.45801    
  -5851.68652       0.00000000               2  -5883.45801    
  -5871.20020       0.00000000               2  -5883.45801    
  -5890.81738       0.00000000               1  -5960.91992    
  -5910.33594       0.00000000               1  -5960.91992    
  -5929.86816       0.00000000               1  -5960.91992    
  -5949.47070       0.00000000               1  -5960.91992    
