   5490.71387       0.00000000             348   2299.41602    
   5376.64746       0.00000000             348   2299.41602    
   5262.67725       0.00000000             348   2299.41602    
   5148.68066       0.00000000             348   2299.41602    
   5034.75146       0.00000000             348   2299.41602    
   4920.87256       0.00000000             348   2299.41602    
   4807.06055       0.00000000             348   2299.41602    
   4693.25342       0.00000000             348   2299.41602    
   4579.48291       0.00000000             348   2299.41602    
   4465.74854       0.00000000             348   2299.41602    
   4352.05127       0.00000000             348   2299.41602    
   4238.43652       0.00000000             348   2299.41602    
   4124.84375       0.00000000             348   2299.41602    
   4011.35059       0.00000000             348   2299.41602    
   3897.80176       0.00000000             348   2299.41602    
   3784.32129       0.00000000             348   2299.41602    
   3670.92480      0.993804276             348   2299.41602    
   3557.55127       0.00000000             348   2299.41602    
   3444.23145       0.00000000             348   2299.41602    
   3330.93433       0.00000000             348   2299.41602    
   3217.66016      0.994987607             348   2299.41602    
   3104.44043      0.994845212             348   2299.41602    
   2991.24390       0.00000000             348   2299.41602    
   2878.14966       0.00000000             348   2299.41602    
   2765.03149       0.00000000             348   2299.41602    
   2651.98413       2.00000000             348   2299.41602    
   2539.00854       4.99777842             348   2299.41602    
   2426.07227       5.00000000             348   2299.41602    
   2313.16064       9.00000000             348   2299.41602    
   2200.25781       17.0000000             341   2183.88110    
   2087.39526       16.9968872             335   2084.85132    
   1974.62073       26.0000000             328   1969.31665    
   1861.85571       42.9972382             321   1853.78186    
   1749.16321       52.0000000             314   1738.24707    
   1636.46460       66.9937973             307   1622.71240    
   1523.85474       75.0000000             301   1523.68262    
   1411.25500       74.9980927             294   1408.14795    
   1298.69690       112.002518             287   1292.61316    
   1186.19666       150.000183             280   1177.07837    
   1073.73877       175.003662             273   1061.54358    
   961.354858       150.997925             266   946.008911    
   848.966064       249.994949             260   846.979126    
   736.588135       253.005859             253   731.444397    
   624.300781       284.015900             246   615.909607    
   512.088501       336.999207             239   500.374878    
   399.887756       436.018524             232   384.840149    
   287.698639       495.031647             226   285.810364    
   175.585144       535.018005             219   170.275604    
   63.4996033       550.031616             212   54.7408676    
  -48.5578499       540.056213             205  -60.7938766    
  -160.555023       603.078003             198  -176.328613    
  -272.539734       542.028625             192  -275.358398    
  -384.415741       525.082214             185  -390.893158    
  -496.294922       477.053284             178  -506.427887    
  -608.129150       428.058624             171  -621.962646    
  -719.934143       340.019562             165  -720.992432    
  -831.661560       341.030640             158  -836.527161    
  -943.343262       319.019226             151  -952.061890    
  -1055.02759       243.012741             144  -1067.59656    
  -1166.66589       224.009094             137  -1183.13135    
  -1278.25793       227.055664             131  -1282.16125    
  -1389.77161       186.034027             124  -1397.69592    
  -1501.28687       154.041992             117  -1513.23071    
  -1612.73938       150.036667             110  -1628.76538    
  -1724.12891       106.010391             104  -1727.79517    
  -1835.51941       113.046478              97  -1843.32996    
  -1946.86304       96.0135727              90  -1958.86475    
  -2058.12695       75.0308914              83  -2074.39941    
  -2169.40747       56.0166664              77  -2173.42920    
  -2280.59180       54.0323410              70  -2288.96387    
  -2391.76050       52.0164680              63  -2404.49878    
  -2502.84839       24.0000000              57  -2503.52856    
  -2613.95264       13.0000000              50  -2619.06323    
  -2724.99243       9.00000000              43  -2734.59790    
  -2836.01611       0.00000000              36  -2850.13281    
  -2946.92505       0.00000000              30  -2949.16260    
  -3057.81763       0.00000000              23  -3064.69727    
  -3168.71021       0.00000000              16  -3180.23193    
  -3279.55298       0.00000000               9  -3295.76660    
  -3390.34570       0.00000000               3  -3394.79639    
