                                          active rest wavelength:       656.28

 dust geometry:
                                          maximum velocity (km/s)     17000.00
                                              dust velocity index         1.00
                                               dust density index         0.80
                                                Rmax dust (e15cm)         7.78
                                                Rmin dust (e15cm)         0.31
                                         dust R ratio (Rmax/Rmin)         0.04

 gas geometry:
                                          maximum velocity (km/s)     17000.00
                                               gas velocity index         1.00
                                                gas density index         0.80
                                                 Rmax gas (e15cm)         7.78
                                                 Rmin gas (e15cm)         0.31
                                                      gas r ratio         0.04
                                  minimum velocity at Rmin (km/s)       680.00

 properties of the dust:
                                          Cext at line wavelength     0.74E-09
                                          Csca at line wavelength     0.26E-09
                                        albedo at line wavelength         0.35
                forward scattering parameter g at line wavelength         0.16
                         average optical depth at line wavelength         4.18
                          average optical depth at V band (547nm)         4.56

 properties of the grid:
              volume of grid cell (and therefore clump) (e42cm^3)     0.30E+02
                                        grid cell width (x) in cm     0.31E+15
                                        grid cell width (y) in cm     0.31E+15
                                        grid cell width (z) in cm     0.31E+15
                   total analytical volume of supernova (e42cm^3)     0.20E+07
                     volume of total grid cells inside sn (e42cm)     0.20E+07
                                      average dust number density     0.76E-06
               average optical depth of a cell at line wavelength         0.05
                average optical depth of a cell at V band (547nm)         0.06
                                 dust grain number density at Rin     0.73E-05
                                dust grain number density at Rout     0.56E-06

 dust mass check (calculated as rho*v):
                                                         using -      0.50E-05
                                                      requested -     0.50E-05

 packet resolution:
                              total number of packets initialised       100003
                            number of active (propagated) packets       100003
                                       number of inactive packets            0
                       number of escaped packets in line of sight        17218
                            % of escaped packets in line of sight        98.27
                                       number of absorbed packets        82482
                                            % of absorbed packets        82.48
                                                absorbed weight %        82.21
