14:31:46 **** Build of configuration Default for project damocles_development ****
make all 
gfortran -fbounds-check -ffree-line-length-0  -Wunused-parameter  source/input.f90 -c -o source/input.o
gfortran -fbounds-check -ffree-line-length-0  -Wunused-parameter  source/electron_scattering.f90 -c -o source/electron_scattering.o
gfortran -fbounds-check -ffree-line-length-0  -Wunused-parameter  source/random_routines.f90 -c -o source/random_routines.o
gfortran -fbounds-check -ffree-line-length-0  -Wunused-parameter  source/vector_functions.f90 -c -o source/vector_functions.o
gfortran -fbounds-check -ffree-line-length-0  -Wunused-parameter  source/grain_sizes.f90 -c -o source/grain_sizes.o
gfortran -fbounds-check -ffree-line-length-0  -Wunused-parameter  source/initialise.f90 -c -o source/initialise.o
gfortran -fbounds-check -ffree-line-length-0  -Wunused-parameter  source/init_packet.f90 -c -o source/init_packet.o
gfortran -fbounds-check -ffree-line-length-0  -Wunused-parameter  source/BHmie.f90 -c -o source/BHmie.o
gfortran -fbounds-check -ffree-line-length-0  -Wunused-parameter  source/init_random_seed.f90 -c -o source/init_random_seed.o
gfortran -fbounds-check -ffree-line-length-0  -Wunused-parameter  source/propagate.f90 -c -o source/propagate.o
gfortran -fbounds-check -ffree-line-length-0  -Wunused-parameter  source/construct_grid.f90 -c -o source/construct_grid.o
gfortran -fbounds-check -ffree-line-length-0  -Wunused-parameter  source/model_comparison.f90 -c -o source/model_comparison.o
source/model_comparison.f90:11:0: warning: unused parameter 'marg_chi' [-Wunused-parameter]
     subroutine linear_interp(marg_chi)
 ^
gfortran -fbounds-check -ffree-line-length-0  -Wunused-parameter  source/driver.f90 -c -o source/driver.o
gfortran -fbounds-check -ffree-line-length-0  -Wunused-parameter  source/damocles_wrap.f90 -c -o source/damocles_wrap.o
gfortran -fbounds-check -ffree-line-length-0  -Wunused-parameter  source/damocles.f90 -c -o source/damocles.o
gfortran  -fbounds-check -ffree-line-length-0  -Wunused-parameter  -o damocles source/input.o source/electron_scattering.o source/random_routines.o source/vector_functions.o source/grain_sizes.o source/initialise.o source/init_packet.o source/BHmie.o source/init_random_seed.o source/propagate.o source/construct_grid.o source/model_comparison.o source/driver.o source/damocles_wrap.o source/damocles.o

14:31:48 Build Finished (took 1s.173ms)

